Determining if the include file dirent.h exists failed with the following output:
Change Dir: C:/Open Source/pcre-8.02/CMakeFiles/CMakeTmp

Run Build Command:C:\PROGRA~1\MICROS~1.0\Common7\IDE\devenv.com CMAKE_TRY_COMPILE.sln /build Debug /project cmTryCompileExec

Microsoft (R) Visual Studio Version 9.0.21022.8.
Copyright (C) Microsoft Corp. All rights reserved.
1>------ Build started: Project: cmTryCompileExec, Configuration: Debug Win32 ------
1>Compiling...
1>Microsoft (R) 32-bit C/C++ Optimizing Compiler Version 15.00.21022.08 for 80x86
1>Copyright (C) Microsoft Corporation.  All rights reserved.
1>cl /Od /D "WIN32" /D "_WINDOWS" /D "_DEBUG" /D "CMAKE_INTDIR=\"Debug\"" /D "_MBCS" /FD /RTC1 /MDd /Fo"cmTryCompileExec.dir\Debug\\" /Fd"C:/Open Source/pcre-8.02/CMakeFiles/CMakeTmp/Debug/cmTryCompileExec.pdb" /W3 /c /Zi /TC   /Zm1000
1>   ".\CheckIncludeFile.c"
1>CheckIncludeFile.c
1>.\CheckIncludeFile.c(1) : fatal error C1083: Cannot open include file: 'dirent.h': No such file or directory
1>Build log was saved at "file://c:\Open Source\pcre-8.02\CMakeFiles\CMakeTmp\cmTryCompileExec.dir\Debug\BuildLog.htm"
1>cmTryCompileExec - 1 error(s), 0 warning(s)
========== Build: 0 succeeded, 1 failed, 0 up-to-date, 0 skipped ==========


Determining if the include file stdint.h exists failed with the following output:
Change Dir: C:/Open Source/pcre-8.02/CMakeFiles/CMakeTmp

Run Build Command:C:\PROGRA~1\MICROS~1.0\Common7\IDE\devenv.com CMAKE_TRY_COMPILE.sln /build Debug /project cmTryCompileExec

Microsoft (R) Visual Studio Version 9.0.21022.8.
Copyright (C) Microsoft Corp. All rights reserved.
1>------ Build started: Project: cmTryCompileExec, Configuration: Debug Win32 ------
1>Compiling...
1>Microsoft (R) 32-bit C/C++ Optimizing Compiler Version 15.00.21022.08 for 80x86
1>Copyright (C) Microsoft Corporation.  All rights reserved.
1>cl /Od /D "WIN32" /D "_WINDOWS" /D "_DEBUG" /D "CMAKE_INTDIR=\"Debug\"" /D "_MBCS" /FD /RTC1 /MDd /Fo"cmTryCompileExec.dir\Debug\\" /Fd"C:/Open Source/pcre-8.02/CMakeFiles/CMakeTmp/Debug/cmTryCompileExec.pdb" /W3 /c /Zi /TC   /Zm1000
1>   ".\CheckIncludeFile.c"
1>CheckIncludeFile.c
1>.\CheckIncludeFile.c(1) : fatal error C1083: Cannot open include file: 'stdint.h': No such file or directory
1>Build log was saved at "file://c:\Open Source\pcre-8.02\CMakeFiles\CMakeTmp\cmTryCompileExec.dir\Debug\BuildLog.htm"
1>cmTryCompileExec - 1 error(s), 0 warning(s)
========== Build: 0 succeeded, 1 failed, 0 up-to-date, 0 skipped ==========


Determining if the include file inttypes.h exists failed with the following output:
Change Dir: C:/Open Source/pcre-8.02/CMakeFiles/CMakeTmp

Run Build Command:C:\PROGRA~1\MICROS~1.0\Common7\IDE\devenv.com CMAKE_TRY_COMPILE.sln /build Debug /project cmTryCompileExec

Microsoft (R) Visual Studio Version 9.0.21022.8.
Copyright (C) Microsoft Corp. All rights reserved.
1>------ Build started: Project: cmTryCompileExec, Configuration: Debug Win32 ------
1>Compiling...
1>Microsoft (R) 32-bit C/C++ Optimizing Compiler Version 15.00.21022.08 for 80x86
1>Copyright (C) Microsoft Corporation.  All rights reserved.
1>cl /Od /D "WIN32" /D "_WINDOWS" /D "_DEBUG" /D "CMAKE_INTDIR=\"Debug\"" /D "_MBCS" /FD /RTC1 /MDd /Fo"cmTryCompileExec.dir\Debug\\" /Fd"C:/Open Source/pcre-8.02/CMakeFiles/CMakeTmp/Debug/cmTryCompileExec.pdb" /W3 /c /Zi /TC   /Zm1000
1>   ".\CheckIncludeFile.c"
1>CheckIncludeFile.c
1>.\CheckIncludeFile.c(1) : fatal error C1083: Cannot open include file: 'inttypes.h': No such file or directory
1>Build log was saved at "file://c:\Open Source\pcre-8.02\CMakeFiles\CMakeTmp\cmTryCompileExec.dir\Debug\BuildLog.htm"
1>cmTryCompileExec - 1 error(s), 0 warning(s)
========== Build: 0 succeeded, 1 failed, 0 up-to-date, 0 skipped ==========


Determining if the include file unistd.h exists failed with the following output:
Change Dir: C:/Open Source/pcre-8.02/CMakeFiles/CMakeTmp

Run Build Command:C:\PROGRA~1\MICROS~1.0\Common7\IDE\devenv.com CMAKE_TRY_COMPILE.sln /build Debug /project cmTryCompileExec

Microsoft (R) Visual Studio Version 9.0.21022.8.
Copyright (C) Microsoft Corp. All rights reserved.
1>------ Build started: Project: cmTryCompileExec, Configuration: Debug Win32 ------
1>Compiling...
1>Microsoft (R) 32-bit C/C++ Optimizing Compiler Version 15.00.21022.08 for 80x86
1>Copyright (C) Microsoft Corporation.  All rights reserved.
1>cl /Od /D "WIN32" /D "_WINDOWS" /D "_DEBUG" /D "CMAKE_INTDIR=\"Debug\"" /D "_MBCS" /FD /RTC1 /MDd /Fo"cmTryCompileExec.dir\Debug\\" /Fd"C:/Open Source/pcre-8.02/CMakeFiles/CMakeTmp/Debug/cmTryCompileExec.pdb" /W3 /c /Zi /TC   /Zm1000
1>   ".\CheckIncludeFile.c"
1>CheckIncludeFile.c
1>.\CheckIncludeFile.c(1) : fatal error C1083: Cannot open include file: 'unistd.h': No such file or directory
1>Build log was saved at "file://c:\Open Source\pcre-8.02\CMakeFiles\CMakeTmp\cmTryCompileExec.dir\Debug\BuildLog.htm"
1>cmTryCompileExec - 1 error(s), 0 warning(s)
========== Build: 0 succeeded, 1 failed, 0 up-to-date, 0 skipped ==========


Determining if the include file type_traits.h exists failed with the following output:
Change Dir: C:/Open Source/pcre-8.02/CMakeFiles/CMakeTmp

Run Build Command:C:\PROGRA~1\MICROS~1.0\Common7\IDE\devenv.com CMAKE_TRY_COMPILE.sln /build Debug /project cmTryCompileExec

Microsoft (R) Visual Studio Version 9.0.21022.8.
Copyright (C) Microsoft Corp. All rights reserved.
1>------ Build started: Project: cmTryCompileExec, Configuration: Debug Win32 ------
1>Compiling...
1>Microsoft (R) 32-bit C/C++ Optimizing Compiler Version 15.00.21022.08 for 80x86
1>Copyright (C) Microsoft Corporation.  All rights reserved.
1>cl /Od /D "WIN32" /D "_WINDOWS" /D "_DEBUG" /D "CMAKE_INTDIR=\"Debug\"" /D "_MBCS" /FD /EHsc /RTC1 /MDd /Fo"cmTryCompileExec.dir\Debug\\" /Fd"C:/Open Source/pcre-8.02/CMakeFiles/CMakeTmp/Debug/cmTryCompileExec.pdb" /W3 /c /Zi /TP   /Zm1000
1>   ".\CheckIncludeFile.cxx"
1>CheckIncludeFile.cxx
1>.\CheckIncludeFile.cxx(1) : fatal error C1083: Cannot open include file: 'type_traits.h': No such file or directory
1>Build log was saved at "file://c:\Open Source\pcre-8.02\CMakeFiles\CMakeTmp\cmTryCompileExec.dir\Debug\BuildLog.htm"
1>cmTryCompileExec - 1 error(s), 0 warning(s)
========== Build: 0 succeeded, 1 failed, 0 up-to-date, 0 skipped ==========


Determining if the include file bits/type_traits.h exists failed with the following output:
Change Dir: C:/Open Source/pcre-8.02/CMakeFiles/CMakeTmp

Run Build Command:C:\PROGRA~1\MICROS~1.0\Common7\IDE\devenv.com CMAKE_TRY_COMPILE.sln /build Debug /project cmTryCompileExec

Microsoft (R) Visual Studio Version 9.0.21022.8.
Copyright (C) Microsoft Corp. All rights reserved.
1>------ Build started: Project: cmTryCompileExec, Configuration: Debug Win32 ------
1>Compiling...
1>Microsoft (R) 32-bit C/C++ Optimizing Compiler Version 15.00.21022.08 for 80x86
1>Copyright (C) Microsoft Corporation.  All rights reserved.
1>cl /Od /D "WIN32" /D "_WINDOWS" /D "_DEBUG" /D "CMAKE_INTDIR=\"Debug\"" /D "_MBCS" /FD /EHsc /RTC1 /MDd /Fo"cmTryCompileExec.dir\Debug\\" /Fd"C:/Open Source/pcre-8.02/CMakeFiles/CMakeTmp/Debug/cmTryCompileExec.pdb" /W3 /c /Zi /TP   /Zm1000
1>   ".\CheckIncludeFile.cxx"
1>CheckIncludeFile.cxx
1>.\CheckIncludeFile.cxx(1) : fatal error C1083: Cannot open include file: 'bits/type_traits.h': No such file or directory
1>Build log was saved at "file://c:\Open Source\pcre-8.02\CMakeFiles\CMakeTmp\cmTryCompileExec.dir\Debug\BuildLog.htm"
1>cmTryCompileExec - 1 error(s), 0 warning(s)
========== Build: 0 succeeded, 1 failed, 0 up-to-date, 0 skipped ==========


Determining if the function bcopy exists failed with the following output:
Change Dir: C:/Open Source/pcre-8.02/CMakeFiles/CMakeTmp

Run Build Command:C:\PROGRA~1\MICROS~1.0\Common7\IDE\devenv.com CMAKE_TRY_COMPILE.sln /build Debug /project cmTryCompileExec

Microsoft (R) Visual Studio Version 9.0.21022.8.
Copyright (C) Microsoft Corp. All rights reserved.
1>------ Build started: Project: cmTryCompileExec, Configuration: Debug Win32 ------
1>Compiling...
1>Microsoft (R) 32-bit C/C++ Optimizing Compiler Version 15.00.21022.08 for 80x86
1>Copyright (C) Microsoft Corporation.  All rights reserved.
1>cl /Od /D "WIN32" /D "_WINDOWS" /D "CHECK_FUNCTION_EXISTS=bcopy" /D "_DEBUG" /D "CMAKE_INTDIR=\"Debug\"" /D "_MBCS" /FD /RTC1 /MDd /Fo"cmTryCompileExec.dir\Debug\\" /Fd"C:/Open Source/pcre-8.02/CMakeFiles/CMakeTmp/Debug/cmTryCompileExec.pdb" /W3 /c /Zi /TC   /Zm1000
1>   "..\..\..\..\Program Files\CMake 2.6\share\cmake-2.6\Modules\CheckFunctionExists.c"
1>CheckFunctionExists.c
1>Compiling manifest to resources...
1>Microsoft (R) Windows (R) Resource Compiler Version 6.0.5724.0
1>Copyright (C) Microsoft Corporation.  All rights reserved.
1>Linking...
1>CheckFunctionExists.obj : error LNK2019: unresolved external symbol _bcopy referenced in function _main
1>C:\Open Source\pcre-8.02\CMakeFiles\CMakeTmp\Debug\cmTryCompileExec.exe : fatal error LNK1120: 1 unresolved externals
1>Build log was saved at "file://c:\Open Source\pcre-8.02\CMakeFiles\CMakeTmp\cmTryCompileExec.dir\Debug\BuildLog.htm"
1>cmTryCompileExec - 2 error(s), 0 warning(s)
========== Build: 0 succeeded, 1 failed, 0 up-to-date, 0 skipped ==========


Determining if the function strtoll exists failed with the following output:
Change Dir: C:/Open Source/pcre-8.02/CMakeFiles/CMakeTmp

Run Build Command:C:\PROGRA~1\MICROS~1.0\Common7\IDE\devenv.com CMAKE_TRY_COMPILE.sln /build Debug /project cmTryCompileExec

Microsoft (R) Visual Studio Version 9.0.21022.8.
Copyright (C) Microsoft Corp. All rights reserved.
1>------ Build started: Project: cmTryCompileExec, Configuration: Debug Win32 ------
1>Compiling...
1>Microsoft (R) 32-bit C/C++ Optimizing Compiler Version 15.00.21022.08 for 80x86
1>Copyright (C) Microsoft Corporation.  All rights reserved.
1>cl /Od /D "WIN32" /D "_WINDOWS" /D "CHECK_FUNCTION_EXISTS=strtoll" /D "_DEBUG" /D "CMAKE_INTDIR=\"Debug\"" /D "_MBCS" /FD /RTC1 /MDd /Fo"cmTryCompileExec.dir\Debug\\" /Fd"C:/Open Source/pcre-8.02/CMakeFiles/CMakeTmp/Debug/cmTryCompileExec.pdb" /W3 /c /Zi /TC   /Zm1000
1>   "..\..\..\..\Program Files\CMake 2.6\share\cmake-2.6\Modules\CheckFunctionExists.c"
1>CheckFunctionExists.c
1>Compiling manifest to resources...
1>Microsoft (R) Windows (R) Resource Compiler Version 6.0.5724.0
1>Copyright (C) Microsoft Corporation.  All rights reserved.
1>Linking...
1>CheckFunctionExists.obj : error LNK2019: unresolved external symbol _strtoll referenced in function _main
1>C:\Open Source\pcre-8.02\CMakeFiles\CMakeTmp\Debug\cmTryCompileExec.exe : fatal error LNK1120: 1 unresolved externals
1>Build log was saved at "file://c:\Open Source\pcre-8.02\CMakeFiles\CMakeTmp\cmTryCompileExec.dir\Debug\BuildLog.htm"
1>cmTryCompileExec - 2 error(s), 0 warning(s)
========== Build: 0 succeeded, 1 failed, 0 up-to-date, 0 skipped ==========


Determining if the function strtoq exists failed with the following output:
Change Dir: C:/Open Source/pcre-8.02/CMakeFiles/CMakeTmp

Run Build Command:C:\PROGRA~1\MICROS~1.0\Common7\IDE\devenv.com CMAKE_TRY_COMPILE.sln /build Debug /project cmTryCompileExec

Microsoft (R) Visual Studio Version 9.0.21022.8.
Copyright (C) Microsoft Corp. All rights reserved.
1>------ Build started: Project: cmTryCompileExec, Configuration: Debug Win32 ------
1>Compiling...
1>Microsoft (R) 32-bit C/C++ Optimizing Compiler Version 15.00.21022.08 for 80x86
1>Copyright (C) Microsoft Corporation.  All rights reserved.
1>cl /Od /D "WIN32" /D "_WINDOWS" /D "CHECK_FUNCTION_EXISTS=strtoq" /D "_DEBUG" /D "CMAKE_INTDIR=\"Debug\"" /D "_MBCS" /FD /RTC1 /MDd /Fo"cmTryCompileExec.dir\Debug\\" /Fd"C:/Open Source/pcre-8.02/CMakeFiles/CMakeTmp/Debug/cmTryCompileExec.pdb" /W3 /c /Zi /TC   /Zm1000
1>   "..\..\..\..\Program Files\CMake 2.6\share\cmake-2.6\Modules\CheckFunctionExists.c"
1>CheckFunctionExists.c
1>Compiling manifest to resources...
1>Microsoft (R) Windows (R) Resource Compiler Version 6.0.5724.0
1>Copyright (C) Microsoft Corporation.  All rights reserved.
1>Linking...
1>CheckFunctionExists.obj : error LNK2019: unresolved external symbol _strtoq referenced in function _main
1>C:\Open Source\pcre-8.02\CMakeFiles\CMakeTmp\Debug\cmTryCompileExec.exe : fatal error LNK1120: 1 unresolved externals
1>Build log was saved at "file://c:\Open Source\pcre-8.02\CMakeFiles\CMakeTmp\cmTryCompileExec.dir\Debug\BuildLog.htm"
1>cmTryCompileExec - 2 error(s), 0 warning(s)
========== Build: 0 succeeded, 1 failed, 0 up-to-date, 0 skipped ==========


Determining if the include file dirent.h exists failed with the following output:
Change Dir: C:/Users/skinny/projects/lightspark/pcre-8.02/CMakeFiles/CMakeTmp

Run Build Command:C:\WINDOWS\Microsoft.NET\Framework\v4.0.30319\MSBuild.exe cmTryCompileExec.vcxproj /p:Configuration=Debug
Microsoft (R) Build Engine Version 4.0.30319.1
[Microsoft .NET Framework, Version 4.0.30319.1]
Copyright (C) Microsoft Corporation 2007. All rights reserved.

Build started 7/26/2010 2:12:00 PM.
Project "C:\Users\skinny\projects\lightspark\pcre-8.02\CMakeFiles\CMakeTmp\cmTryCompileExec.vcxproj" on node 1 (default targets).
InitializeBuildStatus:
  Creating "cmTryCompileExec.dir\Debug\cmTryCompileExec.unsuccessfulbuild" because "AlwaysCreate" was specified.
ClCompile:
  C:\Program Files\Microsoft Visual Studio 10.0\VC\bin\CL.exe /c /Zi /nologo- /W3 /WX- /Od /Ob0 /Oy- /D WIN32 /D _WINDOWS /D _DEBUG /D "CMAKE_INTDIR=\"Debug\"" /D _MBCS /Gm- /RTC1 /MDd /GS /fp:precise /Zc:wchar_t /Zc:forScope /Fo"cmTryCompileExec.dir\Debug\\" /Fd"C:/Users/skinny/projects/lightspark/pcre-8.02/CMakeFiles/CMakeTmp/Debug/cmTryCompileExec.pdb" /Gd /TC /analyze- /errorReport:queue CheckIncludeFile.c  /Zm1000 
  Microsoft (R) 32-bit C/C++ Optimizing Compiler Version 16.00.30319.01 for 80x86
  Copyright (C) Microsoft Corporation.  All rights reserved.
  
  cl /c /Zi /nologo- /W3 /WX- /Od /Ob0 /Oy- /D WIN32 /D _WINDOWS /D _DEBUG /D "CMAKE_INTDIR=\"Debug\"" /D _MBCS /Gm- /RTC1 /MDd /GS /fp:precise /Zc:wchar_t /Zc:forScope /Fo"cmTryCompileExec.dir\Debug\\" /Fd"C:/Users/skinny/projects/lightspark/pcre-8.02/CMakeFiles/CMakeTmp/Debug/cmTryCompileExec.pdb" /Gd /TC /analyze- /errorReport:queue CheckIncludeFile.c  /Zm1000 
cl : Command line warning D9035: option 'nologo-' has been deprecated and will be removed in a future release [C:\Users\skinny\projects\lightspark\pcre-8.02\CMakeFiles\CMakeTmp\cmTryCompileExec.vcxproj]
  
  CheckIncludeFile.c
CheckIncludeFile.c(1): fatal error C1083: Cannot open include file: 'dirent.h': No such file or directory [C:\Users\skinny\projects\lightspark\pcre-8.02\CMakeFiles\CMakeTmp\cmTryCompileExec.vcxproj]
Done Building Project "C:\Users\skinny\projects\lightspark\pcre-8.02\CMakeFiles\CMakeTmp\cmTryCompileExec.vcxproj" (default targets) -- FAILED.

Build FAILED.

"C:\Users\skinny\projects\lightspark\pcre-8.02\CMakeFiles\CMakeTmp\cmTryCompileExec.vcxproj" (default target) (1) ->
(ClCompile target) -> 
  cl : Command line warning D9035: option 'nologo-' has been deprecated and will be removed in a future release [C:\Users\skinny\projects\lightspark\pcre-8.02\CMakeFiles\CMakeTmp\cmTryCompileExec.vcxproj]


"C:\Users\skinny\projects\lightspark\pcre-8.02\CMakeFiles\CMakeTmp\cmTryCompileExec.vcxproj" (default target) (1) ->
(ClCompile target) -> 
  CheckIncludeFile.c(1): fatal error C1083: Cannot open include file: 'dirent.h': No such file or directory [C:\Users\skinny\projects\lightspark\pcre-8.02\CMakeFiles\CMakeTmp\cmTryCompileExec.vcxproj]

    1 Warning(s)
    1 Error(s)

Time Elapsed 00:00:00.27


Determining if the include file inttypes.h exists failed with the following output:
Change Dir: C:/Users/skinny/projects/lightspark/pcre-8.02/CMakeFiles/CMakeTmp

Run Build Command:C:\WINDOWS\Microsoft.NET\Framework\v4.0.30319\MSBuild.exe cmTryCompileExec.vcxproj /p:Configuration=Debug
Microsoft (R) Build Engine Version 4.0.30319.1
[Microsoft .NET Framework, Version 4.0.30319.1]
Copyright (C) Microsoft Corporation 2007. All rights reserved.

Build started 7/26/2010 2:12:01 PM.
Project "C:\Users\skinny\projects\lightspark\pcre-8.02\CMakeFiles\CMakeTmp\cmTryCompileExec.vcxproj" on node 1 (default targets).
InitializeBuildStatus:
  Creating "cmTryCompileExec.dir\Debug\cmTryCompileExec.unsuccessfulbuild" because "AlwaysCreate" was specified.
ClCompile:
  C:\Program Files\Microsoft Visual Studio 10.0\VC\bin\CL.exe /c /Zi /nologo- /W3 /WX- /Od /Ob0 /Oy- /D WIN32 /D _WINDOWS /D _DEBUG /D "CMAKE_INTDIR=\"Debug\"" /D _MBCS /Gm- /RTC1 /MDd /GS /fp:precise /Zc:wchar_t /Zc:forScope /Fo"cmTryCompileExec.dir\Debug\\" /Fd"C:/Users/skinny/projects/lightspark/pcre-8.02/CMakeFiles/CMakeTmp/Debug/cmTryCompileExec.pdb" /Gd /TC /analyze- /errorReport:queue CheckIncludeFile.c  /Zm1000 
  Microsoft (R) 32-bit C/C++ Optimizing Compiler Version 16.00.30319.01 for 80x86
  Copyright (C) Microsoft Corporation.  All rights reserved.
  
  cl /c /Zi /nologo- /W3 /WX- /Od /Ob0 /Oy- /D WIN32 /D _WINDOWS /D _DEBUG /D "CMAKE_INTDIR=\"Debug\"" /D _MBCS /Gm- /RTC1 /MDd /GS /fp:precise /Zc:wchar_t /Zc:forScope /Fo"cmTryCompileExec.dir\Debug\\" /Fd"C:/Users/skinny/projects/lightspark/pcre-8.02/CMakeFiles/CMakeTmp/Debug/cmTryCompileExec.pdb" /Gd /TC /analyze- /errorReport:queue CheckIncludeFile.c  /Zm1000 
cl : Command line warning D9035: option 'nologo-' has been deprecated and will be removed in a future release [C:\Users\skinny\projects\lightspark\pcre-8.02\CMakeFiles\CMakeTmp\cmTryCompileExec.vcxproj]
  
  CheckIncludeFile.c
CheckIncludeFile.c(1): fatal error C1083: Cannot open include file: 'inttypes.h': No such file or directory [C:\Users\skinny\projects\lightspark\pcre-8.02\CMakeFiles\CMakeTmp\cmTryCompileExec.vcxproj]
Done Building Project "C:\Users\skinny\projects\lightspark\pcre-8.02\CMakeFiles\CMakeTmp\cmTryCompileExec.vcxproj" (default targets) -- FAILED.

Build FAILED.

"C:\Users\skinny\projects\lightspark\pcre-8.02\CMakeFiles\CMakeTmp\cmTryCompileExec.vcxproj" (default target) (1) ->
(ClCompile target) -> 
  cl : Command line warning D9035: option 'nologo-' has been deprecated and will be removed in a future release [C:\Users\skinny\projects\lightspark\pcre-8.02\CMakeFiles\CMakeTmp\cmTryCompileExec.vcxproj]


"C:\Users\skinny\projects\lightspark\pcre-8.02\CMakeFiles\CMakeTmp\cmTryCompileExec.vcxproj" (default target) (1) ->
(ClCompile target) -> 
  CheckIncludeFile.c(1): fatal error C1083: Cannot open include file: 'inttypes.h': No such file or directory [C:\Users\skinny\projects\lightspark\pcre-8.02\CMakeFiles\CMakeTmp\cmTryCompileExec.vcxproj]

    1 Warning(s)
    1 Error(s)

Time Elapsed 00:00:00.22


Determining if the include file unistd.h exists failed with the following output:
Change Dir: C:/Users/skinny/projects/lightspark/pcre-8.02/CMakeFiles/CMakeTmp

Run Build Command:C:\WINDOWS\Microsoft.NET\Framework\v4.0.30319\MSBuild.exe cmTryCompileExec.vcxproj /p:Configuration=Debug
Microsoft (R) Build Engine Version 4.0.30319.1
[Microsoft .NET Framework, Version 4.0.30319.1]
Copyright (C) Microsoft Corporation 2007. All rights reserved.

Build started 7/26/2010 2:12:04 PM.
Project "C:\Users\skinny\projects\lightspark\pcre-8.02\CMakeFiles\CMakeTmp\cmTryCompileExec.vcxproj" on node 1 (default targets).
InitializeBuildStatus:
  Creating "cmTryCompileExec.dir\Debug\cmTryCompileExec.unsuccessfulbuild" because "AlwaysCreate" was specified.
ClCompile:
  C:\Program Files\Microsoft Visual Studio 10.0\VC\bin\CL.exe /c /Zi /nologo- /W3 /WX- /Od /Ob0 /Oy- /D WIN32 /D _WINDOWS /D _DEBUG /D "CMAKE_INTDIR=\"Debug\"" /D _MBCS /Gm- /RTC1 /MDd /GS /fp:precise /Zc:wchar_t /Zc:forScope /Fo"cmTryCompileExec.dir\Debug\\" /Fd"C:/Users/skinny/projects/lightspark/pcre-8.02/CMakeFiles/CMakeTmp/Debug/cmTryCompileExec.pdb" /Gd /TC /analyze- /errorReport:queue CheckIncludeFile.c  /Zm1000 
  Microsoft (R) 32-bit C/C++ Optimizing Compiler Version 16.00.30319.01 for 80x86
  Copyright (C) Microsoft Corporation.  All rights reserved.
  
  cl /c /Zi /nologo- /W3 /WX- /Od /Ob0 /Oy- /D WIN32 /D _WINDOWS /D _DEBUG /D "CMAKE_INTDIR=\"Debug\"" /D _MBCS /Gm- /RTC1 /MDd /GS /fp:precise /Zc:wchar_t /Zc:forScope /Fo"cmTryCompileExec.dir\Debug\\" /Fd"C:/Users/skinny/projects/lightspark/pcre-8.02/CMakeFiles/CMakeTmp/Debug/cmTryCompileExec.pdb" /Gd /TC /analyze- /errorReport:queue CheckIncludeFile.c  /Zm1000 
cl : Command line warning D9035: option 'nologo-' has been deprecated and will be removed in a future release [C:\Users\skinny\projects\lightspark\pcre-8.02\CMakeFiles\CMakeTmp\cmTryCompileExec.vcxproj]
  CheckIncludeFile.c
  
CheckIncludeFile.c(1): fatal error C1083: Cannot open include file: 'unistd.h': No such file or directory [C:\Users\skinny\projects\lightspark\pcre-8.02\CMakeFiles\CMakeTmp\cmTryCompileExec.vcxproj]
Done Building Project "C:\Users\skinny\projects\lightspark\pcre-8.02\CMakeFiles\CMakeTmp\cmTryCompileExec.vcxproj" (default targets) -- FAILED.

Build FAILED.

"C:\Users\skinny\projects\lightspark\pcre-8.02\CMakeFiles\CMakeTmp\cmTryCompileExec.vcxproj" (default target) (1) ->
(ClCompile target) -> 
  cl : Command line warning D9035: option 'nologo-' has been deprecated and will be removed in a future release [C:\Users\skinny\projects\lightspark\pcre-8.02\CMakeFiles\CMakeTmp\cmTryCompileExec.vcxproj]


"C:\Users\skinny\projects\lightspark\pcre-8.02\CMakeFiles\CMakeTmp\cmTryCompileExec.vcxproj" (default target) (1) ->
(ClCompile target) -> 
  CheckIncludeFile.c(1): fatal error C1083: Cannot open include file: 'unistd.h': No such file or directory [C:\Users\skinny\projects\lightspark\pcre-8.02\CMakeFiles\CMakeTmp\cmTryCompileExec.vcxproj]

    1 Warning(s)
    1 Error(s)

Time Elapsed 00:00:00.22


Determining if the include file type_traits.h exists failed with the following output:
Change Dir: C:/Users/skinny/projects/lightspark/pcre-8.02/CMakeFiles/CMakeTmp

Run Build Command:C:\WINDOWS\Microsoft.NET\Framework\v4.0.30319\MSBuild.exe cmTryCompileExec.vcxproj /p:Configuration=Debug
Microsoft (R) Build Engine Version 4.0.30319.1
[Microsoft .NET Framework, Version 4.0.30319.1]
Copyright (C) Microsoft Corporation 2007. All rights reserved.

Build started 7/26/2010 2:12:05 PM.
Project "C:\Users\skinny\projects\lightspark\pcre-8.02\CMakeFiles\CMakeTmp\cmTryCompileExec.vcxproj" on node 1 (default targets).
InitializeBuildStatus:
  Creating "cmTryCompileExec.dir\Debug\cmTryCompileExec.unsuccessfulbuild" because "AlwaysCreate" was specified.
ClCompile:
  C:\Program Files\Microsoft Visual Studio 10.0\VC\bin\CL.exe /c /Zi /nologo- /W3 /WX- /Od /Ob0 /Oy- /D WIN32 /D _WINDOWS /D _DEBUG /D "CMAKE_INTDIR=\"Debug\"" /D _MBCS /Gm- /EHsc /RTC1 /MDd /GS /fp:precise /Zc:wchar_t /Zc:forScope /GR /Fo"cmTryCompileExec.dir\Debug\\" /Fd"C:/Users/skinny/projects/lightspark/pcre-8.02/CMakeFiles/CMakeTmp/Debug/cmTryCompileExec.pdb" /Gd /TP /analyze- /errorReport:queue CheckIncludeFile.cxx  /Zm1000 
  Microsoft (R) 32-bit C/C++ Optimizing Compiler Version 16.00.30319.01 for 80x86
  Copyright (C) Microsoft Corporation.  All rights reserved.
  
  cl /c /Zi /nologo- /W3 /WX- /Od /Ob0 /Oy- /D WIN32 /D _WINDOWS /D _DEBUG /D "CMAKE_INTDIR=\"Debug\"" /D _MBCS /Gm- /EHsc /RTC1 /MDd /GS /fp:precise /Zc:wchar_t /Zc:forScope /GR /Fo"cmTryCompileExec.dir\Debug\\" /Fd"C:/Users/skinny/projects/lightspark/pcre-8.02/CMakeFiles/CMakeTmp/Debug/cmTryCompileExec.pdb" /Gd /TP /analyze- /errorReport:queue CheckIncludeFile.cxx  /Zm1000 
cl : Command line warning D9035: option 'nologo-' has been deprecated and will be removed in a future release [C:\Users\skinny\projects\lightspark\pcre-8.02\CMakeFiles\CMakeTmp\cmTryCompileExec.vcxproj]
  CheckIncludeFile.cxx
  
CheckIncludeFile.cxx(1): fatal error C1083: Cannot open include file: 'type_traits.h': No such file or directory [C:\Users\skinny\projects\lightspark\pcre-8.02\CMakeFiles\CMakeTmp\cmTryCompileExec.vcxproj]
Done Building Project "C:\Users\skinny\projects\lightspark\pcre-8.02\CMakeFiles\CMakeTmp\cmTryCompileExec.vcxproj" (default targets) -- FAILED.

Build FAILED.

"C:\Users\skinny\projects\lightspark\pcre-8.02\CMakeFiles\CMakeTmp\cmTryCompileExec.vcxproj" (default target) (1) ->
(ClCompile target) -> 
  cl : Command line warning D9035: option 'nologo-' has been deprecated and will be removed in a future release [C:\Users\skinny\projects\lightspark\pcre-8.02\CMakeFiles\CMakeTmp\cmTryCompileExec.vcxproj]


"C:\Users\skinny\projects\lightspark\pcre-8.02\CMakeFiles\CMakeTmp\cmTryCompileExec.vcxproj" (default target) (1) ->
(ClCompile target) -> 
  CheckIncludeFile.cxx(1): fatal error C1083: Cannot open include file: 'type_traits.h': No such file or directory [C:\Users\skinny\projects\lightspark\pcre-8.02\CMakeFiles\CMakeTmp\cmTryCompileExec.vcxproj]

    1 Warning(s)
    1 Error(s)

Time Elapsed 00:00:00.27


Determining if the include file bits/type_traits.h exists failed with the following output:
Change Dir: C:/Users/skinny/projects/lightspark/pcre-8.02/CMakeFiles/CMakeTmp

Run Build Command:C:\WINDOWS\Microsoft.NET\Framework\v4.0.30319\MSBuild.exe cmTryCompileExec.vcxproj /p:Configuration=Debug
Microsoft (R) Build Engine Version 4.0.30319.1
[Microsoft .NET Framework, Version 4.0.30319.1]
Copyright (C) Microsoft Corporation 2007. All rights reserved.

Build started 7/26/2010 2:12:06 PM.
Project "C:\Users\skinny\projects\lightspark\pcre-8.02\CMakeFiles\CMakeTmp\cmTryCompileExec.vcxproj" on node 1 (default targets).
InitializeBuildStatus:
  Creating "cmTryCompileExec.dir\Debug\cmTryCompileExec.unsuccessfulbuild" because "AlwaysCreate" was specified.
ClCompile:
  C:\Program Files\Microsoft Visual Studio 10.0\VC\bin\CL.exe /c /Zi /nologo- /W3 /WX- /Od /Ob0 /Oy- /D WIN32 /D _WINDOWS /D _DEBUG /D "CMAKE_INTDIR=\"Debug\"" /D _MBCS /Gm- /EHsc /RTC1 /MDd /GS /fp:precise /Zc:wchar_t /Zc:forScope /GR /Fo"cmTryCompileExec.dir\Debug\\" /Fd"C:/Users/skinny/projects/lightspark/pcre-8.02/CMakeFiles/CMakeTmp/Debug/cmTryCompileExec.pdb" /Gd /TP /analyze- /errorReport:queue CheckIncludeFile.cxx  /Zm1000 
  Microsoft (R) 32-bit C/C++ Optimizing Compiler Version 16.00.30319.01 for 80x86
  Copyright (C) Microsoft Corporation.  All rights reserved.
  
  cl /c /Zi /nologo- /W3 /WX- /Od /Ob0 /Oy- /D WIN32 /D _WINDOWS /D _DEBUG /D "CMAKE_INTDIR=\"Debug\"" /D _MBCS /Gm- /EHsc /RTC1 /MDd /GS /fp:precise /Zc:wchar_t /Zc:forScope /GR /Fo"cmTryCompileExec.dir\Debug\\" /Fd"C:/Users/skinny/projects/lightspark/pcre-8.02/CMakeFiles/CMakeTmp/Debug/cmTryCompileExec.pdb" /Gd /TP /analyze- /errorReport:queue CheckIncludeFile.cxx  /Zm1000 
cl : Command line warning D9035: option 'nologo-' has been deprecated and will be removed in a future release [C:\Users\skinny\projects\lightspark\pcre-8.02\CMakeFiles\CMakeTmp\cmTryCompileExec.vcxproj]
  CheckIncludeFile.cxx
  
CheckIncludeFile.cxx(1): fatal error C1083: Cannot open include file: 'bits/type_traits.h': No such file or directory [C:\Users\skinny\projects\lightspark\pcre-8.02\CMakeFiles\CMakeTmp\cmTryCompileExec.vcxproj]
Done Building Project "C:\Users\skinny\projects\lightspark\pcre-8.02\CMakeFiles\CMakeTmp\cmTryCompileExec.vcxproj" (default targets) -- FAILED.

Build FAILED.

"C:\Users\skinny\projects\lightspark\pcre-8.02\CMakeFiles\CMakeTmp\cmTryCompileExec.vcxproj" (default target) (1) ->
(ClCompile target) -> 
  cl : Command line warning D9035: option 'nologo-' has been deprecated and will be removed in a future release [C:\Users\skinny\projects\lightspark\pcre-8.02\CMakeFiles\CMakeTmp\cmTryCompileExec.vcxproj]


"C:\Users\skinny\projects\lightspark\pcre-8.02\CMakeFiles\CMakeTmp\cmTryCompileExec.vcxproj" (default target) (1) ->
(ClCompile target) -> 
  CheckIncludeFile.cxx(1): fatal error C1083: Cannot open include file: 'bits/type_traits.h': No such file or directory [C:\Users\skinny\projects\lightspark\pcre-8.02\CMakeFiles\CMakeTmp\cmTryCompileExec.vcxproj]

    1 Warning(s)
    1 Error(s)

Time Elapsed 00:00:00.24


Determining if the function bcopy exists failed with the following output:
Change Dir: C:/Users/skinny/projects/lightspark/pcre-8.02/CMakeFiles/CMakeTmp

Run Build Command:C:\WINDOWS\Microsoft.NET\Framework\v4.0.30319\MSBuild.exe cmTryCompileExec.vcxproj /p:Configuration=Debug
Microsoft (R) Build Engine Version 4.0.30319.1
[Microsoft .NET Framework, Version 4.0.30319.1]
Copyright (C) Microsoft Corporation 2007. All rights reserved.

Build started 7/26/2010 2:12:06 PM.
Project "C:\Users\skinny\projects\lightspark\pcre-8.02\CMakeFiles\CMakeTmp\cmTryCompileExec.vcxproj" on node 1 (default targets).
InitializeBuildStatus:
  Creating "cmTryCompileExec.dir\Debug\cmTryCompileExec.unsuccessfulbuild" because "AlwaysCreate" was specified.
ClCompile:
  C:\Program Files\Microsoft Visual Studio 10.0\VC\bin\CL.exe /c /Zi /nologo- /W3 /WX- /Od /Ob0 /Oy- /D WIN32 /D _WINDOWS /D CHECK_FUNCTION_EXISTS=bcopy /D _DEBUG /D "CMAKE_INTDIR=\"Debug\"" /D _MBCS /Gm- /RTC1 /MDd /GS /fp:precise /Zc:wchar_t /Zc:forScope /Fo"cmTryCompileExec.dir\Debug\\" /Fd"C:/Users/skinny/projects/lightspark/pcre-8.02/CMakeFiles/CMakeTmp/Debug/cmTryCompileExec.pdb" /Gd /TC /analyze- /errorReport:queue "..\..\..\..\..\..\..\Program Files\CMake 2.8\share\cmake-2.8\Modules\CheckFunctionExists.c"  /Zm1000 
  Microsoft (R) 32-bit C/C++ Optimizing Compiler Version 16.00.30319.01 for 80x86
  Copyright (C) Microsoft Corporation.  All rights reserved.
  
  cl /c /Zi /nologo- /W3 /WX- /Od /Ob0 /Oy- /D WIN32 /D _WINDOWS /D CHECK_FUNCTION_EXISTS=bcopy /D _DEBUG /D "CMAKE_INTDIR=\"Debug\"" /D _MBCS /Gm- /RTC1 /MDd /GS /fp:precise /Zc:wchar_t /Zc:forScope /Fo"cmTryCompileExec.dir\Debug\\" /Fd"C:/Users/skinny/projects/lightspark/pcre-8.02/CMakeFiles/CMakeTmp/Debug/cmTryCompileExec.pdb" /Gd /TC /analyze- /errorReport:queue "..\..\..\..\..\..\..\Program Files\CMake 2.8\share\cmake-2.8\Modules\CheckFunctionExists.c"  /Zm1000 
cl : Command line warning D9035: option 'nologo-' has been deprecated and will be removed in a future release [C:\Users\skinny\projects\lightspark\pcre-8.02\CMakeFiles\CMakeTmp\cmTryCompileExec.vcxproj]
  CheckFunctionExists.c
  
ManifestResourceCompile:
  C:\Program Files\Microsoft SDKs\Windows\v7.0A\bin\rc.exe /nologo /fo"cmTryCompileExec.dir\Debug\cmTryCompileExec.exe.embed.manifest.res" cmTryCompileExec.dir\Debug\cmTryCompileExec_manifest.rc 
Link:
  C:\Program Files\Microsoft Visual Studio 10.0\VC\bin\link.exe /ERRORREPORT:QUEUE /OUT:"C:\Users\skinny\projects\lightspark\pcre-8.02\CMakeFiles\CMakeTmp\Debug\cmTryCompileExec.exe" /VERSION:"0.0" /INCREMENTAL /NOLOGO kernel32.lib user32.lib gdi32.lib winspool.lib shell32.lib ole32.lib oleaut32.lib uuid.lib comdlg32.lib advapi32.lib /MANIFEST /ManifestFile:"cmTryCompileExec.dir\Debug\cmTryCompileExec.exe.intermediate.manifest" /MANIFESTUAC:"level='asInvoker' uiAccess='false'" /DEBUG /PDB:"C:\Users\skinny\projects\lightspark\pcre-8.02\CMakeFiles\CMakeTmp\Debug\cmTryCompileExec.pdb" /SUBSYSTEM:CONSOLE /STACK:"10000000" /TLBID:1 /DYNAMICBASE /NXCOMPAT /IMPLIB:"C:/Users/skinny/projects/lightspark/pcre-8.02/CMakeFiles/CMakeTmp/Debug/cmTryCompileExec.lib" /MACHINE:X86 cmTryCompileExec.dir\Debug\cmTryCompileExec.exe.embed.manifest.res
  cmTryCompileExec.dir\Debug\CheckFunctionExists.obj  /machine:X86 /debug 
CheckFunctionExists.obj : error LNK2019: unresolved external symbol _bcopy referenced in function _main [C:\Users\skinny\projects\lightspark\pcre-8.02\CMakeFiles\CMakeTmp\cmTryCompileExec.vcxproj]
C:\Users\skinny\projects\lightspark\pcre-8.02\CMakeFiles\CMakeTmp\Debug\cmTryCompileExec.exe : fatal error LNK1120: 1 unresolved externals [C:\Users\skinny\projects\lightspark\pcre-8.02\CMakeFiles\CMakeTmp\cmTryCompileExec.vcxproj]
Done Building Project "C:\Users\skinny\projects\lightspark\pcre-8.02\CMakeFiles\CMakeTmp\cmTryCompileExec.vcxproj" (default targets) -- FAILED.

Build FAILED.

"C:\Users\skinny\projects\lightspark\pcre-8.02\CMakeFiles\CMakeTmp\cmTryCompileExec.vcxproj" (default target) (1) ->
(ClCompile target) -> 
  cl : Command line warning D9035: option 'nologo-' has been deprecated and will be removed in a future release [C:\Users\skinny\projects\lightspark\pcre-8.02\CMakeFiles\CMakeTmp\cmTryCompileExec.vcxproj]


"C:\Users\skinny\projects\lightspark\pcre-8.02\CMakeFiles\CMakeTmp\cmTryCompileExec.vcxproj" (default target) (1) ->
(Link target) -> 
  CheckFunctionExists.obj : error LNK2019: unresolved external symbol _bcopy referenced in function _main [C:\Users\skinny\projects\lightspark\pcre-8.02\CMakeFiles\CMakeTmp\cmTryCompileExec.vcxproj]
  C:\Users\skinny\projects\lightspark\pcre-8.02\CMakeFiles\CMakeTmp\Debug\cmTryCompileExec.exe : fatal error LNK1120: 1 unresolved externals [C:\Users\skinny\projects\lightspark\pcre-8.02\CMakeFiles\CMakeTmp\cmTryCompileExec.vcxproj]

    1 Warning(s)
    2 Error(s)

Time Elapsed 00:00:00.54


Determining if the function strtoll exists failed with the following output:
Change Dir: C:/Users/skinny/projects/lightspark/pcre-8.02/CMakeFiles/CMakeTmp

Run Build Command:C:\WINDOWS\Microsoft.NET\Framework\v4.0.30319\MSBuild.exe cmTryCompileExec.vcxproj /p:Configuration=Debug
Microsoft (R) Build Engine Version 4.0.30319.1
[Microsoft .NET Framework, Version 4.0.30319.1]
Copyright (C) Microsoft Corporation 2007. All rights reserved.

Build started 7/26/2010 2:12:08 PM.
Project "C:\Users\skinny\projects\lightspark\pcre-8.02\CMakeFiles\CMakeTmp\cmTryCompileExec.vcxproj" on node 1 (default targets).
InitializeBuildStatus:
  Creating "cmTryCompileExec.dir\Debug\cmTryCompileExec.unsuccessfulbuild" because "AlwaysCreate" was specified.
ClCompile:
  C:\Program Files\Microsoft Visual Studio 10.0\VC\bin\CL.exe /c /Zi /nologo- /W3 /WX- /Od /Ob0 /Oy- /D WIN32 /D _WINDOWS /D CHECK_FUNCTION_EXISTS=strtoll /D _DEBUG /D "CMAKE_INTDIR=\"Debug\"" /D _MBCS /Gm- /RTC1 /MDd /GS /fp:precise /Zc:wchar_t /Zc:forScope /Fo"cmTryCompileExec.dir\Debug\\" /Fd"C:/Users/skinny/projects/lightspark/pcre-8.02/CMakeFiles/CMakeTmp/Debug/cmTryCompileExec.pdb" /Gd /TC /analyze- /errorReport:queue "..\..\..\..\..\..\..\Program Files\CMake 2.8\share\cmake-2.8\Modules\CheckFunctionExists.c"  /Zm1000 
  Microsoft (R) 32-bit C/C++ Optimizing Compiler Version 16.00.30319.01 for 80x86
  Copyright (C) Microsoft Corporation.  All rights reserved.
  
  cl /c /Zi /nologo- /W3 /WX- /Od /Ob0 /Oy- /D WIN32 /D _WINDOWS /D CHECK_FUNCTION_EXISTS=strtoll /D _DEBUG /D "CMAKE_INTDIR=\"Debug\"" /D _MBCS /Gm- /RTC1 /MDd /GS /fp:precise /Zc:wchar_t /Zc:forScope /Fo"cmTryCompileExec.dir\Debug\\" /Fd"C:/Users/skinny/projects/lightspark/pcre-8.02/CMakeFiles/CMakeTmp/Debug/cmTryCompileExec.pdb" /Gd /TC /analyze- /errorReport:queue "..\..\..\..\..\..\..\Program Files\CMake 2.8\share\cmake-2.8\Modules\CheckFunctionExists.c"  /Zm1000 
cl : Command line warning D9035: option 'nologo-' has been deprecated and will be removed in a future release [C:\Users\skinny\projects\lightspark\pcre-8.02\CMakeFiles\CMakeTmp\cmTryCompileExec.vcxproj]
  
  CheckFunctionExists.c
ManifestResourceCompile:
  C:\Program Files\Microsoft SDKs\Windows\v7.0A\bin\rc.exe /nologo /fo"cmTryCompileExec.dir\Debug\cmTryCompileExec.exe.embed.manifest.res" cmTryCompileExec.dir\Debug\cmTryCompileExec_manifest.rc 
Link:
  C:\Program Files\Microsoft Visual Studio 10.0\VC\bin\link.exe /ERRORREPORT:QUEUE /OUT:"C:\Users\skinny\projects\lightspark\pcre-8.02\CMakeFiles\CMakeTmp\Debug\cmTryCompileExec.exe" /VERSION:"0.0" /INCREMENTAL /NOLOGO kernel32.lib user32.lib gdi32.lib winspool.lib shell32.lib ole32.lib oleaut32.lib uuid.lib comdlg32.lib advapi32.lib /MANIFEST /ManifestFile:"cmTryCompileExec.dir\Debug\cmTryCompileExec.exe.intermediate.manifest" /MANIFESTUAC:"level='asInvoker' uiAccess='false'" /DEBUG /PDB:"C:\Users\skinny\projects\lightspark\pcre-8.02\CMakeFiles\CMakeTmp\Debug\cmTryCompileExec.pdb" /SUBSYSTEM:CONSOLE /STACK:"10000000" /TLBID:1 /DYNAMICBASE /NXCOMPAT /IMPLIB:"C:/Users/skinny/projects/lightspark/pcre-8.02/CMakeFiles/CMakeTmp/Debug/cmTryCompileExec.lib" /MACHINE:X86 cmTryCompileExec.dir\Debug\cmTryCompileExec.exe.embed.manifest.res
  cmTryCompileExec.dir\Debug\CheckFunctionExists.obj  /machine:X86 /debug 
CheckFunctionExists.obj : error LNK2019: unresolved external symbol _strtoll referenced in function _main [C:\Users\skinny\projects\lightspark\pcre-8.02\CMakeFiles\CMakeTmp\cmTryCompileExec.vcxproj]
C:\Users\skinny\projects\lightspark\pcre-8.02\CMakeFiles\CMakeTmp\Debug\cmTryCompileExec.exe : fatal error LNK1120: 1 unresolved externals [C:\Users\skinny\projects\lightspark\pcre-8.02\CMakeFiles\CMakeTmp\cmTryCompileExec.vcxproj]
Done Building Project "C:\Users\skinny\projects\lightspark\pcre-8.02\CMakeFiles\CMakeTmp\cmTryCompileExec.vcxproj" (default targets) -- FAILED.

Build FAILED.

"C:\Users\skinny\projects\lightspark\pcre-8.02\CMakeFiles\CMakeTmp\cmTryCompileExec.vcxproj" (default target) (1) ->
(ClCompile target) -> 
  cl : Command line warning D9035: option 'nologo-' has been deprecated and will be removed in a future release [C:\Users\skinny\projects\lightspark\pcre-8.02\CMakeFiles\CMakeTmp\cmTryCompileExec.vcxproj]


"C:\Users\skinny\projects\lightspark\pcre-8.02\CMakeFiles\CMakeTmp\cmTryCompileExec.vcxproj" (default target) (1) ->
(Link target) -> 
  CheckFunctionExists.obj : error LNK2019: unresolved external symbol _strtoll referenced in function _main [C:\Users\skinny\projects\lightspark\pcre-8.02\CMakeFiles\CMakeTmp\cmTryCompileExec.vcxproj]
  C:\Users\skinny\projects\lightspark\pcre-8.02\CMakeFiles\CMakeTmp\Debug\cmTryCompileExec.exe : fatal error LNK1120: 1 unresolved externals [C:\Users\skinny\projects\lightspark\pcre-8.02\CMakeFiles\CMakeTmp\cmTryCompileExec.vcxproj]

    1 Warning(s)
    2 Error(s)

Time Elapsed 00:00:00.38


Determining if the function strtoq exists failed with the following output:
Change Dir: C:/Users/skinny/projects/lightspark/pcre-8.02/CMakeFiles/CMakeTmp

Run Build Command:C:\WINDOWS\Microsoft.NET\Framework\v4.0.30319\MSBuild.exe cmTryCompileExec.vcxproj /p:Configuration=Debug
Microsoft (R) Build Engine Version 4.0.30319.1
[Microsoft .NET Framework, Version 4.0.30319.1]
Copyright (C) Microsoft Corporation 2007. All rights reserved.

Build started 7/26/2010 2:12:09 PM.
Project "C:\Users\skinny\projects\lightspark\pcre-8.02\CMakeFiles\CMakeTmp\cmTryCompileExec.vcxproj" on node 1 (default targets).
InitializeBuildStatus:
  Creating "cmTryCompileExec.dir\Debug\cmTryCompileExec.unsuccessfulbuild" because "AlwaysCreate" was specified.
ClCompile:
  C:\Program Files\Microsoft Visual Studio 10.0\VC\bin\CL.exe /c /Zi /nologo- /W3 /WX- /Od /Ob0 /Oy- /D WIN32 /D _WINDOWS /D CHECK_FUNCTION_EXISTS=strtoq /D _DEBUG /D "CMAKE_INTDIR=\"Debug\"" /D _MBCS /Gm- /RTC1 /MDd /GS /fp:precise /Zc:wchar_t /Zc:forScope /Fo"cmTryCompileExec.dir\Debug\\" /Fd"C:/Users/skinny/projects/lightspark/pcre-8.02/CMakeFiles/CMakeTmp/Debug/cmTryCompileExec.pdb" /Gd /TC /analyze- /errorReport:queue "..\..\..\..\..\..\..\Program Files\CMake 2.8\share\cmake-2.8\Modules\CheckFunctionExists.c"  /Zm1000 
  Microsoft (R) 32-bit C/C++ Optimizing Compiler Version 16.00.30319.01 for 80x86
  Copyright (C) Microsoft Corporation.  All rights reserved.
  
  cl /c /Zi /nologo- /W3 /WX- /Od /Ob0 /Oy- /D WIN32 /D _WINDOWS /D CHECK_FUNCTION_EXISTS=strtoq /D _DEBUG /D "CMAKE_INTDIR=\"Debug\"" /D _MBCS /Gm- /RTC1 /MDd /GS /fp:precise /Zc:wchar_t /Zc:forScope /Fo"cmTryCompileExec.dir\Debug\\" /Fd"C:/Users/skinny/projects/lightspark/pcre-8.02/CMakeFiles/CMakeTmp/Debug/cmTryCompileExec.pdb" /Gd /TC /analyze- /errorReport:queue "..\..\..\..\..\..\..\Program Files\CMake 2.8\share\cmake-2.8\Modules\CheckFunctionExists.c"  /Zm1000 
cl : Command line warning D9035: option 'nologo-' has been deprecated and will be removed in a future release [C:\Users\skinny\projects\lightspark\pcre-8.02\CMakeFiles\CMakeTmp\cmTryCompileExec.vcxproj]
  CheckFunctionExists.c
  
ManifestResourceCompile:
  C:\Program Files\Microsoft SDKs\Windows\v7.0A\bin\rc.exe /nologo /fo"cmTryCompileExec.dir\Debug\cmTryCompileExec.exe.embed.manifest.res" cmTryCompileExec.dir\Debug\cmTryCompileExec_manifest.rc 
Link:
  C:\Program Files\Microsoft Visual Studio 10.0\VC\bin\link.exe /ERRORREPORT:QUEUE /OUT:"C:\Users\skinny\projects\lightspark\pcre-8.02\CMakeFiles\CMakeTmp\Debug\cmTryCompileExec.exe" /VERSION:"0.0" /INCREMENTAL /NOLOGO kernel32.lib user32.lib gdi32.lib winspool.lib shell32.lib ole32.lib oleaut32.lib uuid.lib comdlg32.lib advapi32.lib /MANIFEST /ManifestFile:"cmTryCompileExec.dir\Debug\cmTryCompileExec.exe.intermediate.manifest" /MANIFESTUAC:"level='asInvoker' uiAccess='false'" /DEBUG /PDB:"C:\Users\skinny\projects\lightspark\pcre-8.02\CMakeFiles\CMakeTmp\Debug\cmTryCompileExec.pdb" /SUBSYSTEM:CONSOLE /STACK:"10000000" /TLBID:1 /DYNAMICBASE /NXCOMPAT /IMPLIB:"C:/Users/skinny/projects/lightspark/pcre-8.02/CMakeFiles/CMakeTmp/Debug/cmTryCompileExec.lib" /MACHINE:X86 cmTryCompileExec.dir\Debug\cmTryCompileExec.exe.embed.manifest.res
  cmTryCompileExec.dir\Debug\CheckFunctionExists.obj  /machine:X86 /debug 
CheckFunctionExists.obj : error LNK2019: unresolved external symbol _strtoq referenced in function _main [C:\Users\skinny\projects\lightspark\pcre-8.02\CMakeFiles\CMakeTmp\cmTryCompileExec.vcxproj]
C:\Users\skinny\projects\lightspark\pcre-8.02\CMakeFiles\CMakeTmp\Debug\cmTryCompileExec.exe : fatal error LNK1120: 1 unresolved externals [C:\Users\skinny\projects\lightspark\pcre-8.02\CMakeFiles\CMakeTmp\cmTryCompileExec.vcxproj]
Done Building Project "C:\Users\skinny\projects\lightspark\pcre-8.02\CMakeFiles\CMakeTmp\cmTryCompileExec.vcxproj" (default targets) -- FAILED.

Build FAILED.

"C:\Users\skinny\projects\lightspark\pcre-8.02\CMakeFiles\CMakeTmp\cmTryCompileExec.vcxproj" (default target) (1) ->
(ClCompile target) -> 
  cl : Command line warning D9035: option 'nologo-' has been deprecated and will be removed in a future release [C:\Users\skinny\projects\lightspark\pcre-8.02\CMakeFiles\CMakeTmp\cmTryCompileExec.vcxproj]


"C:\Users\skinny\projects\lightspark\pcre-8.02\CMakeFiles\CMakeTmp\cmTryCompileExec.vcxproj" (default target) (1) ->
(Link target) -> 
  CheckFunctionExists.obj : error LNK2019: unresolved external symbol _strtoq referenced in function _main [C:\Users\skinny\projects\lightspark\pcre-8.02\CMakeFiles\CMakeTmp\cmTryCompileExec.vcxproj]
  C:\Users\skinny\projects\lightspark\pcre-8.02\CMakeFiles\CMakeTmp\Debug\cmTryCompileExec.exe : fatal error LNK1120: 1 unresolved externals [C:\Users\skinny\projects\lightspark\pcre-8.02\CMakeFiles\CMakeTmp\cmTryCompileExec.vcxproj]

    1 Warning(s)
    2 Error(s)

Time Elapsed 00:00:00.39


