Determining if the include file argz.h exists failed with the following output:
Change Dir: C:/Users/skinny/projects/lightspark/llvm/CMakeFiles/CMakeTmp

Run Build Command:C:\WINDOWS\Microsoft.NET\Framework\v4.0.30319\MSBuild.exe cmTryCompileExec.vcxproj /p:Configuration=Debug
Microsoft (R) Build Engine Version 4.0.30319.1
[Microsoft .NET Framework, Version 4.0.30319.1]
Copyright (C) Microsoft Corporation 2007. All rights reserved.

Build started 7/26/2010 1:07:58 PM.
Project "C:\Users\skinny\projects\lightspark\llvm\CMakeFiles\CMakeTmp\cmTryCompileExec.vcxproj" on node 1 (default targets).
InitializeBuildStatus:
  Creating "cmTryCompileExec.dir\Debug\cmTryCompileExec.unsuccessfulbuild" because "AlwaysCreate" was specified.
ClCompile:
  C:\Program Files\Microsoft Visual Studio 10.0\VC\bin\CL.exe /c /Zi /nologo- /W3 /WX- /Od /Ob0 /Oy- /D WIN32 /D _WINDOWS /D _DEBUG /D "CMAKE_INTDIR=\"Debug\"" /D _MBCS /Gm- /RTC1 /MDd /GS /fp:precise /Zc:wchar_t /Zc:forScope /Fo"cmTryCompileExec.dir\Debug\\" /Fd"C:/Users/skinny/projects/lightspark/llvm/CMakeFiles/CMakeTmp/Debug/cmTryCompileExec.pdb" /Gd /TC /analyze- /errorReport:queue CheckIncludeFile.c  /Zm1000 
  Microsoft (R) 32-bit C/C++ Optimizing Compiler Version 16.00.30319.01 for 80x86
  Copyright (C) Microsoft Corporation.  All rights reserved.
  
  cl /c /Zi /nologo- /W3 /WX- /Od /Ob0 /Oy- /D WIN32 /D _WINDOWS /D _DEBUG /D "CMAKE_INTDIR=\"Debug\"" /D _MBCS /Gm- /RTC1 /MDd /GS /fp:precise /Zc:wchar_t /Zc:forScope /Fo"cmTryCompileExec.dir\Debug\\" /Fd"C:/Users/skinny/projects/lightspark/llvm/CMakeFiles/CMakeTmp/Debug/cmTryCompileExec.pdb" /Gd /TC /analyze- /errorReport:queue CheckIncludeFile.c  /Zm1000 
cl : Command line warning D9035: option 'nologo-' has been deprecated and will be removed in a future release [C:\Users\skinny\projects\lightspark\llvm\CMakeFiles\CMakeTmp\cmTryCompileExec.vcxproj]
  
  CheckIncludeFile.c
CheckIncludeFile.c(1): fatal error C1083: Cannot open include file: 'argz.h': No such file or directory [C:\Users\skinny\projects\lightspark\llvm\CMakeFiles\CMakeTmp\cmTryCompileExec.vcxproj]
Done Building Project "C:\Users\skinny\projects\lightspark\llvm\CMakeFiles\CMakeTmp\cmTryCompileExec.vcxproj" (default targets) -- FAILED.

Build FAILED.

"C:\Users\skinny\projects\lightspark\llvm\CMakeFiles\CMakeTmp\cmTryCompileExec.vcxproj" (default target) (1) ->
(ClCompile target) -> 
  cl : Command line warning D9035: option 'nologo-' has been deprecated and will be removed in a future release [C:\Users\skinny\projects\lightspark\llvm\CMakeFiles\CMakeTmp\cmTryCompileExec.vcxproj]


"C:\Users\skinny\projects\lightspark\llvm\CMakeFiles\CMakeTmp\cmTryCompileExec.vcxproj" (default target) (1) ->
(ClCompile target) -> 
  CheckIncludeFile.c(1): fatal error C1083: Cannot open include file: 'argz.h': No such file or directory [C:\Users\skinny\projects\lightspark\llvm\CMakeFiles\CMakeTmp\cmTryCompileExec.vcxproj]

    1 Warning(s)
    1 Error(s)

Time Elapsed 00:00:00.24


Determining if the include file dirent.h exists failed with the following output:
Change Dir: C:/Users/skinny/projects/lightspark/llvm/CMakeFiles/CMakeTmp

Run Build Command:C:\WINDOWS\Microsoft.NET\Framework\v4.0.30319\MSBuild.exe cmTryCompileExec.vcxproj /p:Configuration=Debug
Microsoft (R) Build Engine Version 4.0.30319.1
[Microsoft .NET Framework, Version 4.0.30319.1]
Copyright (C) Microsoft Corporation 2007. All rights reserved.

Build started 7/26/2010 1:07:59 PM.
Project "C:\Users\skinny\projects\lightspark\llvm\CMakeFiles\CMakeTmp\cmTryCompileExec.vcxproj" on node 1 (default targets).
InitializeBuildStatus:
  Creating "cmTryCompileExec.dir\Debug\cmTryCompileExec.unsuccessfulbuild" because "AlwaysCreate" was specified.
ClCompile:
  C:\Program Files\Microsoft Visual Studio 10.0\VC\bin\CL.exe /c /Zi /nologo- /W3 /WX- /Od /Ob0 /Oy- /D WIN32 /D _WINDOWS /D _DEBUG /D "CMAKE_INTDIR=\"Debug\"" /D _MBCS /Gm- /RTC1 /MDd /GS /fp:precise /Zc:wchar_t /Zc:forScope /Fo"cmTryCompileExec.dir\Debug\\" /Fd"C:/Users/skinny/projects/lightspark/llvm/CMakeFiles/CMakeTmp/Debug/cmTryCompileExec.pdb" /Gd /TC /analyze- /errorReport:queue CheckIncludeFile.c  /Zm1000 
  Microsoft (R) 32-bit C/C++ Optimizing Compiler Version 16.00.30319.01 for 80x86
  Copyright (C) Microsoft Corporation.  All rights reserved.
  
  cl /c /Zi /nologo- /W3 /WX- /Od /Ob0 /Oy- /D WIN32 /D _WINDOWS /D _DEBUG /D "CMAKE_INTDIR=\"Debug\"" /D _MBCS /Gm- /RTC1 /MDd /GS /fp:precise /Zc:wchar_t /Zc:forScope /Fo"cmTryCompileExec.dir\Debug\\" /Fd"C:/Users/skinny/projects/lightspark/llvm/CMakeFiles/CMakeTmp/Debug/cmTryCompileExec.pdb" /Gd /TC /analyze- /errorReport:queue CheckIncludeFile.c  /Zm1000 
cl : Command line warning D9035: option 'nologo-' has been deprecated and will be removed in a future release [C:\Users\skinny\projects\lightspark\llvm\CMakeFiles\CMakeTmp\cmTryCompileExec.vcxproj]
  CheckIncludeFile.c
  
CheckIncludeFile.c(1): fatal error C1083: Cannot open include file: 'dirent.h': No such file or directory [C:\Users\skinny\projects\lightspark\llvm\CMakeFiles\CMakeTmp\cmTryCompileExec.vcxproj]
Done Building Project "C:\Users\skinny\projects\lightspark\llvm\CMakeFiles\CMakeTmp\cmTryCompileExec.vcxproj" (default targets) -- FAILED.

Build FAILED.

"C:\Users\skinny\projects\lightspark\llvm\CMakeFiles\CMakeTmp\cmTryCompileExec.vcxproj" (default target) (1) ->
(ClCompile target) -> 
  cl : Command line warning D9035: option 'nologo-' has been deprecated and will be removed in a future release [C:\Users\skinny\projects\lightspark\llvm\CMakeFiles\CMakeTmp\cmTryCompileExec.vcxproj]


"C:\Users\skinny\projects\lightspark\llvm\CMakeFiles\CMakeTmp\cmTryCompileExec.vcxproj" (default target) (1) ->
(ClCompile target) -> 
  CheckIncludeFile.c(1): fatal error C1083: Cannot open include file: 'dirent.h': No such file or directory [C:\Users\skinny\projects\lightspark\llvm\CMakeFiles\CMakeTmp\cmTryCompileExec.vcxproj]

    1 Warning(s)
    1 Error(s)

Time Elapsed 00:00:00.20


Determining if the include file dl.h exists failed with the following output:
Change Dir: C:/Users/skinny/projects/lightspark/llvm/CMakeFiles/CMakeTmp

Run Build Command:C:\WINDOWS\Microsoft.NET\Framework\v4.0.30319\MSBuild.exe cmTryCompileExec.vcxproj /p:Configuration=Debug
Microsoft (R) Build Engine Version 4.0.30319.1
[Microsoft .NET Framework, Version 4.0.30319.1]
Copyright (C) Microsoft Corporation 2007. All rights reserved.

Build started 7/26/2010 1:08:00 PM.
Project "C:\Users\skinny\projects\lightspark\llvm\CMakeFiles\CMakeTmp\cmTryCompileExec.vcxproj" on node 1 (default targets).
InitializeBuildStatus:
  Creating "cmTryCompileExec.dir\Debug\cmTryCompileExec.unsuccessfulbuild" because "AlwaysCreate" was specified.
ClCompile:
  C:\Program Files\Microsoft Visual Studio 10.0\VC\bin\CL.exe /c /Zi /nologo- /W3 /WX- /Od /Ob0 /Oy- /D WIN32 /D _WINDOWS /D _DEBUG /D "CMAKE_INTDIR=\"Debug\"" /D _MBCS /Gm- /RTC1 /MDd /GS /fp:precise /Zc:wchar_t /Zc:forScope /Fo"cmTryCompileExec.dir\Debug\\" /Fd"C:/Users/skinny/projects/lightspark/llvm/CMakeFiles/CMakeTmp/Debug/cmTryCompileExec.pdb" /Gd /TC /analyze- /errorReport:queue CheckIncludeFile.c  /Zm1000 
  Microsoft (R) 32-bit C/C++ Optimizing Compiler Version 16.00.30319.01 for 80x86
  Copyright (C) Microsoft Corporation.  All rights reserved.
  
  cl /c /Zi /nologo- /W3 /WX- /Od /Ob0 /Oy- /D WIN32 /D _WINDOWS /D _DEBUG /D "CMAKE_INTDIR=\"Debug\"" /D _MBCS /Gm- /RTC1 /MDd /GS /fp:precise /Zc:wchar_t /Zc:forScope /Fo"cmTryCompileExec.dir\Debug\\" /Fd"C:/Users/skinny/projects/lightspark/llvm/CMakeFiles/CMakeTmp/Debug/cmTryCompileExec.pdb" /Gd /TC /analyze- /errorReport:queue CheckIncludeFile.c  /Zm1000 
cl : Command line warning D9035: option 'nologo-' has been deprecated and will be removed in a future release [C:\Users\skinny\projects\lightspark\llvm\CMakeFiles\CMakeTmp\cmTryCompileExec.vcxproj]
  CheckIncludeFile.c
  
CheckIncludeFile.c(1): fatal error C1083: Cannot open include file: 'dl.h': No such file or directory [C:\Users\skinny\projects\lightspark\llvm\CMakeFiles\CMakeTmp\cmTryCompileExec.vcxproj]
Done Building Project "C:\Users\skinny\projects\lightspark\llvm\CMakeFiles\CMakeTmp\cmTryCompileExec.vcxproj" (default targets) -- FAILED.

Build FAILED.

"C:\Users\skinny\projects\lightspark\llvm\CMakeFiles\CMakeTmp\cmTryCompileExec.vcxproj" (default target) (1) ->
(ClCompile target) -> 
  cl : Command line warning D9035: option 'nologo-' has been deprecated and will be removed in a future release [C:\Users\skinny\projects\lightspark\llvm\CMakeFiles\CMakeTmp\cmTryCompileExec.vcxproj]


"C:\Users\skinny\projects\lightspark\llvm\CMakeFiles\CMakeTmp\cmTryCompileExec.vcxproj" (default target) (1) ->
(ClCompile target) -> 
  CheckIncludeFile.c(1): fatal error C1083: Cannot open include file: 'dl.h': No such file or directory [C:\Users\skinny\projects\lightspark\llvm\CMakeFiles\CMakeTmp\cmTryCompileExec.vcxproj]

    1 Warning(s)
    1 Error(s)

Time Elapsed 00:00:00.20


Determining if the include file dld.h exists failed with the following output:
Change Dir: C:/Users/skinny/projects/lightspark/llvm/CMakeFiles/CMakeTmp

Run Build Command:C:\WINDOWS\Microsoft.NET\Framework\v4.0.30319\MSBuild.exe cmTryCompileExec.vcxproj /p:Configuration=Debug
Microsoft (R) Build Engine Version 4.0.30319.1
[Microsoft .NET Framework, Version 4.0.30319.1]
Copyright (C) Microsoft Corporation 2007. All rights reserved.

Build started 7/26/2010 1:08:00 PM.
Project "C:\Users\skinny\projects\lightspark\llvm\CMakeFiles\CMakeTmp\cmTryCompileExec.vcxproj" on node 1 (default targets).
InitializeBuildStatus:
  Creating "cmTryCompileExec.dir\Debug\cmTryCompileExec.unsuccessfulbuild" because "AlwaysCreate" was specified.
ClCompile:
  C:\Program Files\Microsoft Visual Studio 10.0\VC\bin\CL.exe /c /Zi /nologo- /W3 /WX- /Od /Ob0 /Oy- /D WIN32 /D _WINDOWS /D _DEBUG /D "CMAKE_INTDIR=\"Debug\"" /D _MBCS /Gm- /RTC1 /MDd /GS /fp:precise /Zc:wchar_t /Zc:forScope /Fo"cmTryCompileExec.dir\Debug\\" /Fd"C:/Users/skinny/projects/lightspark/llvm/CMakeFiles/CMakeTmp/Debug/cmTryCompileExec.pdb" /Gd /TC /analyze- /errorReport:queue CheckIncludeFile.c  /Zm1000 
  Microsoft (R) 32-bit C/C++ Optimizing Compiler Version 16.00.30319.01 for 80x86
  Copyright (C) Microsoft Corporation.  All rights reserved.
  
  cl /c /Zi /nologo- /W3 /WX- /Od /Ob0 /Oy- /D WIN32 /D _WINDOWS /D _DEBUG /D "CMAKE_INTDIR=\"Debug\"" /D _MBCS /Gm- /RTC1 /MDd /GS /fp:precise /Zc:wchar_t /Zc:forScope /Fo"cmTryCompileExec.dir\Debug\\" /Fd"C:/Users/skinny/projects/lightspark/llvm/CMakeFiles/CMakeTmp/Debug/cmTryCompileExec.pdb" /Gd /TC /analyze- /errorReport:queue CheckIncludeFile.c  /Zm1000 
cl : Command line warning D9035: option 'nologo-' has been deprecated and will be removed in a future release [C:\Users\skinny\projects\lightspark\llvm\CMakeFiles\CMakeTmp\cmTryCompileExec.vcxproj]
  
  CheckIncludeFile.c
CheckIncludeFile.c(1): fatal error C1083: Cannot open include file: 'dld.h': No such file or directory [C:\Users\skinny\projects\lightspark\llvm\CMakeFiles\CMakeTmp\cmTryCompileExec.vcxproj]
Done Building Project "C:\Users\skinny\projects\lightspark\llvm\CMakeFiles\CMakeTmp\cmTryCompileExec.vcxproj" (default targets) -- FAILED.

Build FAILED.

"C:\Users\skinny\projects\lightspark\llvm\CMakeFiles\CMakeTmp\cmTryCompileExec.vcxproj" (default target) (1) ->
(ClCompile target) -> 
  cl : Command line warning D9035: option 'nologo-' has been deprecated and will be removed in a future release [C:\Users\skinny\projects\lightspark\llvm\CMakeFiles\CMakeTmp\cmTryCompileExec.vcxproj]


"C:\Users\skinny\projects\lightspark\llvm\CMakeFiles\CMakeTmp\cmTryCompileExec.vcxproj" (default target) (1) ->
(ClCompile target) -> 
  CheckIncludeFile.c(1): fatal error C1083: Cannot open include file: 'dld.h': No such file or directory [C:\Users\skinny\projects\lightspark\llvm\CMakeFiles\CMakeTmp\cmTryCompileExec.vcxproj]

    1 Warning(s)
    1 Error(s)

Time Elapsed 00:00:00.20


Determining if the include file dlfcn.h exists failed with the following output:
Change Dir: C:/Users/skinny/projects/lightspark/llvm/CMakeFiles/CMakeTmp

Run Build Command:C:\WINDOWS\Microsoft.NET\Framework\v4.0.30319\MSBuild.exe cmTryCompileExec.vcxproj /p:Configuration=Debug
Microsoft (R) Build Engine Version 4.0.30319.1
[Microsoft .NET Framework, Version 4.0.30319.1]
Copyright (C) Microsoft Corporation 2007. All rights reserved.

Build started 7/26/2010 1:08:00 PM.
Project "C:\Users\skinny\projects\lightspark\llvm\CMakeFiles\CMakeTmp\cmTryCompileExec.vcxproj" on node 1 (default targets).
InitializeBuildStatus:
  Creating "cmTryCompileExec.dir\Debug\cmTryCompileExec.unsuccessfulbuild" because "AlwaysCreate" was specified.
ClCompile:
  C:\Program Files\Microsoft Visual Studio 10.0\VC\bin\CL.exe /c /Zi /nologo- /W3 /WX- /Od /Ob0 /Oy- /D WIN32 /D _WINDOWS /D _DEBUG /D "CMAKE_INTDIR=\"Debug\"" /D _MBCS /Gm- /RTC1 /MDd /GS /fp:precise /Zc:wchar_t /Zc:forScope /Fo"cmTryCompileExec.dir\Debug\\" /Fd"C:/Users/skinny/projects/lightspark/llvm/CMakeFiles/CMakeTmp/Debug/cmTryCompileExec.pdb" /Gd /TC /analyze- /errorReport:queue CheckIncludeFile.c  /Zm1000 
  Microsoft (R) 32-bit C/C++ Optimizing Compiler Version 16.00.30319.01 for 80x86
  Copyright (C) Microsoft Corporation.  All rights reserved.
  
  cl /c /Zi /nologo- /W3 /WX- /Od /Ob0 /Oy- /D WIN32 /D _WINDOWS /D _DEBUG /D "CMAKE_INTDIR=\"Debug\"" /D _MBCS /Gm- /RTC1 /MDd /GS /fp:precise /Zc:wchar_t /Zc:forScope /Fo"cmTryCompileExec.dir\Debug\\" /Fd"C:/Users/skinny/projects/lightspark/llvm/CMakeFiles/CMakeTmp/Debug/cmTryCompileExec.pdb" /Gd /TC /analyze- /errorReport:queue CheckIncludeFile.c  /Zm1000 
cl : Command line warning D9035: option 'nologo-' has been deprecated and will be removed in a future release [C:\Users\skinny\projects\lightspark\llvm\CMakeFiles\CMakeTmp\cmTryCompileExec.vcxproj]
  CheckIncludeFile.c
  
CheckIncludeFile.c(1): fatal error C1083: Cannot open include file: 'dlfcn.h': No such file or directory [C:\Users\skinny\projects\lightspark\llvm\CMakeFiles\CMakeTmp\cmTryCompileExec.vcxproj]
Done Building Project "C:\Users\skinny\projects\lightspark\llvm\CMakeFiles\CMakeTmp\cmTryCompileExec.vcxproj" (default targets) -- FAILED.

Build FAILED.

"C:\Users\skinny\projects\lightspark\llvm\CMakeFiles\CMakeTmp\cmTryCompileExec.vcxproj" (default target) (1) ->
(ClCompile target) -> 
  cl : Command line warning D9035: option 'nologo-' has been deprecated and will be removed in a future release [C:\Users\skinny\projects\lightspark\llvm\CMakeFiles\CMakeTmp\cmTryCompileExec.vcxproj]


"C:\Users\skinny\projects\lightspark\llvm\CMakeFiles\CMakeTmp\cmTryCompileExec.vcxproj" (default target) (1) ->
(ClCompile target) -> 
  CheckIncludeFile.c(1): fatal error C1083: Cannot open include file: 'dlfcn.h': No such file or directory [C:\Users\skinny\projects\lightspark\llvm\CMakeFiles\CMakeTmp\cmTryCompileExec.vcxproj]

    1 Warning(s)
    1 Error(s)

Time Elapsed 00:00:00.20


Determining if the include file execinfo.h exists failed with the following output:
Change Dir: C:/Users/skinny/projects/lightspark/llvm/CMakeFiles/CMakeTmp

Run Build Command:C:\WINDOWS\Microsoft.NET\Framework\v4.0.30319\MSBuild.exe cmTryCompileExec.vcxproj /p:Configuration=Debug
Microsoft (R) Build Engine Version 4.0.30319.1
[Microsoft .NET Framework, Version 4.0.30319.1]
Copyright (C) Microsoft Corporation 2007. All rights reserved.

Build started 7/26/2010 1:08:02 PM.
Project "C:\Users\skinny\projects\lightspark\llvm\CMakeFiles\CMakeTmp\cmTryCompileExec.vcxproj" on node 1 (default targets).
InitializeBuildStatus:
  Creating "cmTryCompileExec.dir\Debug\cmTryCompileExec.unsuccessfulbuild" because "AlwaysCreate" was specified.
ClCompile:
  C:\Program Files\Microsoft Visual Studio 10.0\VC\bin\CL.exe /c /Zi /nologo- /W3 /WX- /Od /Ob0 /Oy- /D WIN32 /D _WINDOWS /D _DEBUG /D "CMAKE_INTDIR=\"Debug\"" /D _MBCS /Gm- /RTC1 /MDd /GS /fp:precise /Zc:wchar_t /Zc:forScope /Fo"cmTryCompileExec.dir\Debug\\" /Fd"C:/Users/skinny/projects/lightspark/llvm/CMakeFiles/CMakeTmp/Debug/cmTryCompileExec.pdb" /Gd /TC /analyze- /errorReport:queue CheckIncludeFile.c  /Zm1000 
  Microsoft (R) 32-bit C/C++ Optimizing Compiler Version 16.00.30319.01 for 80x86
  Copyright (C) Microsoft Corporation.  All rights reserved.
  
  cl /c /Zi /nologo- /W3 /WX- /Od /Ob0 /Oy- /D WIN32 /D _WINDOWS /D _DEBUG /D "CMAKE_INTDIR=\"Debug\"" /D _MBCS /Gm- /RTC1 /MDd /GS /fp:precise /Zc:wchar_t /Zc:forScope /Fo"cmTryCompileExec.dir\Debug\\" /Fd"C:/Users/skinny/projects/lightspark/llvm/CMakeFiles/CMakeTmp/Debug/cmTryCompileExec.pdb" /Gd /TC /analyze- /errorReport:queue CheckIncludeFile.c  /Zm1000 
cl : Command line warning D9035: option 'nologo-' has been deprecated and will be removed in a future release [C:\Users\skinny\projects\lightspark\llvm\CMakeFiles\CMakeTmp\cmTryCompileExec.vcxproj]
  CheckIncludeFile.c
  
CheckIncludeFile.c(1): fatal error C1083: Cannot open include file: 'execinfo.h': No such file or directory [C:\Users\skinny\projects\lightspark\llvm\CMakeFiles\CMakeTmp\cmTryCompileExec.vcxproj]
Done Building Project "C:\Users\skinny\projects\lightspark\llvm\CMakeFiles\CMakeTmp\cmTryCompileExec.vcxproj" (default targets) -- FAILED.

Build FAILED.

"C:\Users\skinny\projects\lightspark\llvm\CMakeFiles\CMakeTmp\cmTryCompileExec.vcxproj" (default target) (1) ->
(ClCompile target) -> 
  cl : Command line warning D9035: option 'nologo-' has been deprecated and will be removed in a future release [C:\Users\skinny\projects\lightspark\llvm\CMakeFiles\CMakeTmp\cmTryCompileExec.vcxproj]


"C:\Users\skinny\projects\lightspark\llvm\CMakeFiles\CMakeTmp\cmTryCompileExec.vcxproj" (default target) (1) ->
(ClCompile target) -> 
  CheckIncludeFile.c(1): fatal error C1083: Cannot open include file: 'execinfo.h': No such file or directory [C:\Users\skinny\projects\lightspark\llvm\CMakeFiles\CMakeTmp\cmTryCompileExec.vcxproj]

    1 Warning(s)
    1 Error(s)

Time Elapsed 00:00:00.20


Determining if the include file inttypes.h exists failed with the following output:
Change Dir: C:/Users/skinny/projects/lightspark/llvm/CMakeFiles/CMakeTmp

Run Build Command:C:\WINDOWS\Microsoft.NET\Framework\v4.0.30319\MSBuild.exe cmTryCompileExec.vcxproj /p:Configuration=Debug
Microsoft (R) Build Engine Version 4.0.30319.1
[Microsoft .NET Framework, Version 4.0.30319.1]
Copyright (C) Microsoft Corporation 2007. All rights reserved.

Build started 7/26/2010 1:08:03 PM.
Project "C:\Users\skinny\projects\lightspark\llvm\CMakeFiles\CMakeTmp\cmTryCompileExec.vcxproj" on node 1 (default targets).
InitializeBuildStatus:
  Creating "cmTryCompileExec.dir\Debug\cmTryCompileExec.unsuccessfulbuild" because "AlwaysCreate" was specified.
ClCompile:
  C:\Program Files\Microsoft Visual Studio 10.0\VC\bin\CL.exe /c /Zi /nologo- /W3 /WX- /Od /Ob0 /Oy- /D WIN32 /D _WINDOWS /D _DEBUG /D "CMAKE_INTDIR=\"Debug\"" /D _MBCS /Gm- /RTC1 /MDd /GS /fp:precise /Zc:wchar_t /Zc:forScope /Fo"cmTryCompileExec.dir\Debug\\" /Fd"C:/Users/skinny/projects/lightspark/llvm/CMakeFiles/CMakeTmp/Debug/cmTryCompileExec.pdb" /Gd /TC /analyze- /errorReport:queue CheckIncludeFile.c  /Zm1000 
  Microsoft (R) 32-bit C/C++ Optimizing Compiler Version 16.00.30319.01 for 80x86
  Copyright (C) Microsoft Corporation.  All rights reserved.
  
  cl /c /Zi /nologo- /W3 /WX- /Od /Ob0 /Oy- /D WIN32 /D _WINDOWS /D _DEBUG /D "CMAKE_INTDIR=\"Debug\"" /D _MBCS /Gm- /RTC1 /MDd /GS /fp:precise /Zc:wchar_t /Zc:forScope /Fo"cmTryCompileExec.dir\Debug\\" /Fd"C:/Users/skinny/projects/lightspark/llvm/CMakeFiles/CMakeTmp/Debug/cmTryCompileExec.pdb" /Gd /TC /analyze- /errorReport:queue CheckIncludeFile.c  /Zm1000 
cl : Command line warning D9035: option 'nologo-' has been deprecated and will be removed in a future release [C:\Users\skinny\projects\lightspark\llvm\CMakeFiles\CMakeTmp\cmTryCompileExec.vcxproj]
  CheckIncludeFile.c
  
CheckIncludeFile.c(1): fatal error C1083: Cannot open include file: 'inttypes.h': No such file or directory [C:\Users\skinny\projects\lightspark\llvm\CMakeFiles\CMakeTmp\cmTryCompileExec.vcxproj]
Done Building Project "C:\Users\skinny\projects\lightspark\llvm\CMakeFiles\CMakeTmp\cmTryCompileExec.vcxproj" (default targets) -- FAILED.

Build FAILED.

"C:\Users\skinny\projects\lightspark\llvm\CMakeFiles\CMakeTmp\cmTryCompileExec.vcxproj" (default target) (1) ->
(ClCompile target) -> 
  cl : Command line warning D9035: option 'nologo-' has been deprecated and will be removed in a future release [C:\Users\skinny\projects\lightspark\llvm\CMakeFiles\CMakeTmp\cmTryCompileExec.vcxproj]


"C:\Users\skinny\projects\lightspark\llvm\CMakeFiles\CMakeTmp\cmTryCompileExec.vcxproj" (default target) (1) ->
(ClCompile target) -> 
  CheckIncludeFile.c(1): fatal error C1083: Cannot open include file: 'inttypes.h': No such file or directory [C:\Users\skinny\projects\lightspark\llvm\CMakeFiles\CMakeTmp\cmTryCompileExec.vcxproj]

    1 Warning(s)
    1 Error(s)

Time Elapsed 00:00:00.20


Determining if the include file link.h exists failed with the following output:
Change Dir: C:/Users/skinny/projects/lightspark/llvm/CMakeFiles/CMakeTmp

Run Build Command:C:\WINDOWS\Microsoft.NET\Framework\v4.0.30319\MSBuild.exe cmTryCompileExec.vcxproj /p:Configuration=Debug
Microsoft (R) Build Engine Version 4.0.30319.1
[Microsoft .NET Framework, Version 4.0.30319.1]
Copyright (C) Microsoft Corporation 2007. All rights reserved.

Build started 7/26/2010 1:08:04 PM.
Project "C:\Users\skinny\projects\lightspark\llvm\CMakeFiles\CMakeTmp\cmTryCompileExec.vcxproj" on node 1 (default targets).
InitializeBuildStatus:
  Creating "cmTryCompileExec.dir\Debug\cmTryCompileExec.unsuccessfulbuild" because "AlwaysCreate" was specified.
ClCompile:
  C:\Program Files\Microsoft Visual Studio 10.0\VC\bin\CL.exe /c /Zi /nologo- /W3 /WX- /Od /Ob0 /Oy- /D WIN32 /D _WINDOWS /D _DEBUG /D "CMAKE_INTDIR=\"Debug\"" /D _MBCS /Gm- /RTC1 /MDd /GS /fp:precise /Zc:wchar_t /Zc:forScope /Fo"cmTryCompileExec.dir\Debug\\" /Fd"C:/Users/skinny/projects/lightspark/llvm/CMakeFiles/CMakeTmp/Debug/cmTryCompileExec.pdb" /Gd /TC /analyze- /errorReport:queue CheckIncludeFile.c  /Zm1000 
  Microsoft (R) 32-bit C/C++ Optimizing Compiler Version 16.00.30319.01 for 80x86
  Copyright (C) Microsoft Corporation.  All rights reserved.
  
  cl /c /Zi /nologo- /W3 /WX- /Od /Ob0 /Oy- /D WIN32 /D _WINDOWS /D _DEBUG /D "CMAKE_INTDIR=\"Debug\"" /D _MBCS /Gm- /RTC1 /MDd /GS /fp:precise /Zc:wchar_t /Zc:forScope /Fo"cmTryCompileExec.dir\Debug\\" /Fd"C:/Users/skinny/projects/lightspark/llvm/CMakeFiles/CMakeTmp/Debug/cmTryCompileExec.pdb" /Gd /TC /analyze- /errorReport:queue CheckIncludeFile.c  /Zm1000 
cl : Command line warning D9035: option 'nologo-' has been deprecated and will be removed in a future release [C:\Users\skinny\projects\lightspark\llvm\CMakeFiles\CMakeTmp\cmTryCompileExec.vcxproj]
  CheckIncludeFile.c
  
CheckIncludeFile.c(1): fatal error C1083: Cannot open include file: 'link.h': No such file or directory [C:\Users\skinny\projects\lightspark\llvm\CMakeFiles\CMakeTmp\cmTryCompileExec.vcxproj]
Done Building Project "C:\Users\skinny\projects\lightspark\llvm\CMakeFiles\CMakeTmp\cmTryCompileExec.vcxproj" (default targets) -- FAILED.

Build FAILED.

"C:\Users\skinny\projects\lightspark\llvm\CMakeFiles\CMakeTmp\cmTryCompileExec.vcxproj" (default target) (1) ->
(ClCompile target) -> 
  cl : Command line warning D9035: option 'nologo-' has been deprecated and will be removed in a future release [C:\Users\skinny\projects\lightspark\llvm\CMakeFiles\CMakeTmp\cmTryCompileExec.vcxproj]


"C:\Users\skinny\projects\lightspark\llvm\CMakeFiles\CMakeTmp\cmTryCompileExec.vcxproj" (default target) (1) ->
(ClCompile target) -> 
  CheckIncludeFile.c(1): fatal error C1083: Cannot open include file: 'link.h': No such file or directory [C:\Users\skinny\projects\lightspark\llvm\CMakeFiles\CMakeTmp\cmTryCompileExec.vcxproj]

    1 Warning(s)
    1 Error(s)

Time Elapsed 00:00:00.20


Determining if the include file malloc/malloc.h exists failed with the following output:
Change Dir: C:/Users/skinny/projects/lightspark/llvm/CMakeFiles/CMakeTmp

Run Build Command:C:\WINDOWS\Microsoft.NET\Framework\v4.0.30319\MSBuild.exe cmTryCompileExec.vcxproj /p:Configuration=Debug
Microsoft (R) Build Engine Version 4.0.30319.1
[Microsoft .NET Framework, Version 4.0.30319.1]
Copyright (C) Microsoft Corporation 2007. All rights reserved.

Build started 7/26/2010 1:08:05 PM.
Project "C:\Users\skinny\projects\lightspark\llvm\CMakeFiles\CMakeTmp\cmTryCompileExec.vcxproj" on node 1 (default targets).
InitializeBuildStatus:
  Creating "cmTryCompileExec.dir\Debug\cmTryCompileExec.unsuccessfulbuild" because "AlwaysCreate" was specified.
ClCompile:
  C:\Program Files\Microsoft Visual Studio 10.0\VC\bin\CL.exe /c /Zi /nologo- /W3 /WX- /Od /Ob0 /Oy- /D WIN32 /D _WINDOWS /D _DEBUG /D "CMAKE_INTDIR=\"Debug\"" /D _MBCS /Gm- /RTC1 /MDd /GS /fp:precise /Zc:wchar_t /Zc:forScope /Fo"cmTryCompileExec.dir\Debug\\" /Fd"C:/Users/skinny/projects/lightspark/llvm/CMakeFiles/CMakeTmp/Debug/cmTryCompileExec.pdb" /Gd /TC /analyze- /errorReport:queue CheckIncludeFile.c  /Zm1000 
  Microsoft (R) 32-bit C/C++ Optimizing Compiler Version 16.00.30319.01 for 80x86
  Copyright (C) Microsoft Corporation.  All rights reserved.
  
  cl /c /Zi /nologo- /W3 /WX- /Od /Ob0 /Oy- /D WIN32 /D _WINDOWS /D _DEBUG /D "CMAKE_INTDIR=\"Debug\"" /D _MBCS /Gm- /RTC1 /MDd /GS /fp:precise /Zc:wchar_t /Zc:forScope /Fo"cmTryCompileExec.dir\Debug\\" /Fd"C:/Users/skinny/projects/lightspark/llvm/CMakeFiles/CMakeTmp/Debug/cmTryCompileExec.pdb" /Gd /TC /analyze- /errorReport:queue CheckIncludeFile.c  /Zm1000 
cl : Command line warning D9035: option 'nologo-' has been deprecated and will be removed in a future release [C:\Users\skinny\projects\lightspark\llvm\CMakeFiles\CMakeTmp\cmTryCompileExec.vcxproj]
  
  CheckIncludeFile.c
CheckIncludeFile.c(1): fatal error C1083: Cannot open include file: 'malloc/malloc.h': No such file or directory [C:\Users\skinny\projects\lightspark\llvm\CMakeFiles\CMakeTmp\cmTryCompileExec.vcxproj]
Done Building Project "C:\Users\skinny\projects\lightspark\llvm\CMakeFiles\CMakeTmp\cmTryCompileExec.vcxproj" (default targets) -- FAILED.

Build FAILED.

"C:\Users\skinny\projects\lightspark\llvm\CMakeFiles\CMakeTmp\cmTryCompileExec.vcxproj" (default target) (1) ->
(ClCompile target) -> 
  cl : Command line warning D9035: option 'nologo-' has been deprecated and will be removed in a future release [C:\Users\skinny\projects\lightspark\llvm\CMakeFiles\CMakeTmp\cmTryCompileExec.vcxproj]


"C:\Users\skinny\projects\lightspark\llvm\CMakeFiles\CMakeTmp\cmTryCompileExec.vcxproj" (default target) (1) ->
(ClCompile target) -> 
  CheckIncludeFile.c(1): fatal error C1083: Cannot open include file: 'malloc/malloc.h': No such file or directory [C:\Users\skinny\projects\lightspark\llvm\CMakeFiles\CMakeTmp\cmTryCompileExec.vcxproj]

    1 Warning(s)
    1 Error(s)

Time Elapsed 00:00:00.20


Determining if the include file ndir.h exists failed with the following output:
Change Dir: C:/Users/skinny/projects/lightspark/llvm/CMakeFiles/CMakeTmp

Run Build Command:C:\WINDOWS\Microsoft.NET\Framework\v4.0.30319\MSBuild.exe cmTryCompileExec.vcxproj /p:Configuration=Debug
Microsoft (R) Build Engine Version 4.0.30319.1
[Microsoft .NET Framework, Version 4.0.30319.1]
Copyright (C) Microsoft Corporation 2007. All rights reserved.

Build started 7/26/2010 1:08:06 PM.
Project "C:\Users\skinny\projects\lightspark\llvm\CMakeFiles\CMakeTmp\cmTryCompileExec.vcxproj" on node 1 (default targets).
InitializeBuildStatus:
  Creating "cmTryCompileExec.dir\Debug\cmTryCompileExec.unsuccessfulbuild" because "AlwaysCreate" was specified.
ClCompile:
  C:\Program Files\Microsoft Visual Studio 10.0\VC\bin\CL.exe /c /Zi /nologo- /W3 /WX- /Od /Ob0 /Oy- /D WIN32 /D _WINDOWS /D _DEBUG /D "CMAKE_INTDIR=\"Debug\"" /D _MBCS /Gm- /RTC1 /MDd /GS /fp:precise /Zc:wchar_t /Zc:forScope /Fo"cmTryCompileExec.dir\Debug\\" /Fd"C:/Users/skinny/projects/lightspark/llvm/CMakeFiles/CMakeTmp/Debug/cmTryCompileExec.pdb" /Gd /TC /analyze- /errorReport:queue CheckIncludeFile.c  /Zm1000 
  Microsoft (R) 32-bit C/C++ Optimizing Compiler Version 16.00.30319.01 for 80x86
  Copyright (C) Microsoft Corporation.  All rights reserved.
  
  cl /c /Zi /nologo- /W3 /WX- /Od /Ob0 /Oy- /D WIN32 /D _WINDOWS /D _DEBUG /D "CMAKE_INTDIR=\"Debug\"" /D _MBCS /Gm- /RTC1 /MDd /GS /fp:precise /Zc:wchar_t /Zc:forScope /Fo"cmTryCompileExec.dir\Debug\\" /Fd"C:/Users/skinny/projects/lightspark/llvm/CMakeFiles/CMakeTmp/Debug/cmTryCompileExec.pdb" /Gd /TC /analyze- /errorReport:queue CheckIncludeFile.c  /Zm1000 
cl : Command line warning D9035: option 'nologo-' has been deprecated and will be removed in a future release [C:\Users\skinny\projects\lightspark\llvm\CMakeFiles\CMakeTmp\cmTryCompileExec.vcxproj]
  CheckIncludeFile.c
  
CheckIncludeFile.c(1): fatal error C1083: Cannot open include file: 'ndir.h': No such file or directory [C:\Users\skinny\projects\lightspark\llvm\CMakeFiles\CMakeTmp\cmTryCompileExec.vcxproj]
Done Building Project "C:\Users\skinny\projects\lightspark\llvm\CMakeFiles\CMakeTmp\cmTryCompileExec.vcxproj" (default targets) -- FAILED.

Build FAILED.

"C:\Users\skinny\projects\lightspark\llvm\CMakeFiles\CMakeTmp\cmTryCompileExec.vcxproj" (default target) (1) ->
(ClCompile target) -> 
  cl : Command line warning D9035: option 'nologo-' has been deprecated and will be removed in a future release [C:\Users\skinny\projects\lightspark\llvm\CMakeFiles\CMakeTmp\cmTryCompileExec.vcxproj]


"C:\Users\skinny\projects\lightspark\llvm\CMakeFiles\CMakeTmp\cmTryCompileExec.vcxproj" (default target) (1) ->
(ClCompile target) -> 
  CheckIncludeFile.c(1): fatal error C1083: Cannot open include file: 'ndir.h': No such file or directory [C:\Users\skinny\projects\lightspark\llvm\CMakeFiles\CMakeTmp\cmTryCompileExec.vcxproj]

    1 Warning(s)
    1 Error(s)

Time Elapsed 00:00:00.20


Determining if the include file sys/dir.h exists failed with the following output:
Change Dir: C:/Users/skinny/projects/lightspark/llvm/CMakeFiles/CMakeTmp

Run Build Command:C:\WINDOWS\Microsoft.NET\Framework\v4.0.30319\MSBuild.exe cmTryCompileExec.vcxproj /p:Configuration=Debug
Microsoft (R) Build Engine Version 4.0.30319.1
[Microsoft .NET Framework, Version 4.0.30319.1]
Copyright (C) Microsoft Corporation 2007. All rights reserved.

Build started 7/26/2010 1:08:12 PM.
Project "C:\Users\skinny\projects\lightspark\llvm\CMakeFiles\CMakeTmp\cmTryCompileExec.vcxproj" on node 1 (default targets).
InitializeBuildStatus:
  Creating "cmTryCompileExec.dir\Debug\cmTryCompileExec.unsuccessfulbuild" because "AlwaysCreate" was specified.
ClCompile:
  C:\Program Files\Microsoft Visual Studio 10.0\VC\bin\CL.exe /c /Zi /nologo- /W3 /WX- /Od /Ob0 /Oy- /D WIN32 /D _WINDOWS /D _DEBUG /D "CMAKE_INTDIR=\"Debug\"" /D _MBCS /Gm- /RTC1 /MDd /GS /fp:precise /Zc:wchar_t /Zc:forScope /Fo"cmTryCompileExec.dir\Debug\\" /Fd"C:/Users/skinny/projects/lightspark/llvm/CMakeFiles/CMakeTmp/Debug/cmTryCompileExec.pdb" /Gd /TC /analyze- /errorReport:queue CheckIncludeFile.c  /Zm1000 
  Microsoft (R) 32-bit C/C++ Optimizing Compiler Version 16.00.30319.01 for 80x86
  Copyright (C) Microsoft Corporation.  All rights reserved.
  
  cl /c /Zi /nologo- /W3 /WX- /Od /Ob0 /Oy- /D WIN32 /D _WINDOWS /D _DEBUG /D "CMAKE_INTDIR=\"Debug\"" /D _MBCS /Gm- /RTC1 /MDd /GS /fp:precise /Zc:wchar_t /Zc:forScope /Fo"cmTryCompileExec.dir\Debug\\" /Fd"C:/Users/skinny/projects/lightspark/llvm/CMakeFiles/CMakeTmp/Debug/cmTryCompileExec.pdb" /Gd /TC /analyze- /errorReport:queue CheckIncludeFile.c  /Zm1000 
cl : Command line warning D9035: option 'nologo-' has been deprecated and will be removed in a future release [C:\Users\skinny\projects\lightspark\llvm\CMakeFiles\CMakeTmp\cmTryCompileExec.vcxproj]
  
  CheckIncludeFile.c
CheckIncludeFile.c(1): fatal error C1083: Cannot open include file: 'sys/dir.h': No such file or directory [C:\Users\skinny\projects\lightspark\llvm\CMakeFiles\CMakeTmp\cmTryCompileExec.vcxproj]
Done Building Project "C:\Users\skinny\projects\lightspark\llvm\CMakeFiles\CMakeTmp\cmTryCompileExec.vcxproj" (default targets) -- FAILED.

Build FAILED.

"C:\Users\skinny\projects\lightspark\llvm\CMakeFiles\CMakeTmp\cmTryCompileExec.vcxproj" (default target) (1) ->
(ClCompile target) -> 
  cl : Command line warning D9035: option 'nologo-' has been deprecated and will be removed in a future release [C:\Users\skinny\projects\lightspark\llvm\CMakeFiles\CMakeTmp\cmTryCompileExec.vcxproj]


"C:\Users\skinny\projects\lightspark\llvm\CMakeFiles\CMakeTmp\cmTryCompileExec.vcxproj" (default target) (1) ->
(ClCompile target) -> 
  CheckIncludeFile.c(1): fatal error C1083: Cannot open include file: 'sys/dir.h': No such file or directory [C:\Users\skinny\projects\lightspark\llvm\CMakeFiles\CMakeTmp\cmTryCompileExec.vcxproj]

    1 Warning(s)
    1 Error(s)

Time Elapsed 00:00:00.20


Determining if the include file sys/dl.h exists failed with the following output:
Change Dir: C:/Users/skinny/projects/lightspark/llvm/CMakeFiles/CMakeTmp

Run Build Command:C:\WINDOWS\Microsoft.NET\Framework\v4.0.30319\MSBuild.exe cmTryCompileExec.vcxproj /p:Configuration=Debug
Microsoft (R) Build Engine Version 4.0.30319.1
[Microsoft .NET Framework, Version 4.0.30319.1]
Copyright (C) Microsoft Corporation 2007. All rights reserved.

Build started 7/26/2010 1:08:12 PM.
Project "C:\Users\skinny\projects\lightspark\llvm\CMakeFiles\CMakeTmp\cmTryCompileExec.vcxproj" on node 1 (default targets).
InitializeBuildStatus:
  Creating "cmTryCompileExec.dir\Debug\cmTryCompileExec.unsuccessfulbuild" because "AlwaysCreate" was specified.
ClCompile:
  C:\Program Files\Microsoft Visual Studio 10.0\VC\bin\CL.exe /c /Zi /nologo- /W3 /WX- /Od /Ob0 /Oy- /D WIN32 /D _WINDOWS /D _DEBUG /D "CMAKE_INTDIR=\"Debug\"" /D _MBCS /Gm- /RTC1 /MDd /GS /fp:precise /Zc:wchar_t /Zc:forScope /Fo"cmTryCompileExec.dir\Debug\\" /Fd"C:/Users/skinny/projects/lightspark/llvm/CMakeFiles/CMakeTmp/Debug/cmTryCompileExec.pdb" /Gd /TC /analyze- /errorReport:queue CheckIncludeFile.c  /Zm1000 
  Microsoft (R) 32-bit C/C++ Optimizing Compiler Version 16.00.30319.01 for 80x86
  Copyright (C) Microsoft Corporation.  All rights reserved.
  
  cl /c /Zi /nologo- /W3 /WX- /Od /Ob0 /Oy- /D WIN32 /D _WINDOWS /D _DEBUG /D "CMAKE_INTDIR=\"Debug\"" /D _MBCS /Gm- /RTC1 /MDd /GS /fp:precise /Zc:wchar_t /Zc:forScope /Fo"cmTryCompileExec.dir\Debug\\" /Fd"C:/Users/skinny/projects/lightspark/llvm/CMakeFiles/CMakeTmp/Debug/cmTryCompileExec.pdb" /Gd /TC /analyze- /errorReport:queue CheckIncludeFile.c  /Zm1000 
cl : Command line warning D9035: option 'nologo-' has been deprecated and will be removed in a future release [C:\Users\skinny\projects\lightspark\llvm\CMakeFiles\CMakeTmp\cmTryCompileExec.vcxproj]
  CheckIncludeFile.c
  
CheckIncludeFile.c(1): fatal error C1083: Cannot open include file: 'sys/dl.h': No such file or directory [C:\Users\skinny\projects\lightspark\llvm\CMakeFiles\CMakeTmp\cmTryCompileExec.vcxproj]
Done Building Project "C:\Users\skinny\projects\lightspark\llvm\CMakeFiles\CMakeTmp\cmTryCompileExec.vcxproj" (default targets) -- FAILED.

Build FAILED.

"C:\Users\skinny\projects\lightspark\llvm\CMakeFiles\CMakeTmp\cmTryCompileExec.vcxproj" (default target) (1) ->
(ClCompile target) -> 
  cl : Command line warning D9035: option 'nologo-' has been deprecated and will be removed in a future release [C:\Users\skinny\projects\lightspark\llvm\CMakeFiles\CMakeTmp\cmTryCompileExec.vcxproj]


"C:\Users\skinny\projects\lightspark\llvm\CMakeFiles\CMakeTmp\cmTryCompileExec.vcxproj" (default target) (1) ->
(ClCompile target) -> 
  CheckIncludeFile.c(1): fatal error C1083: Cannot open include file: 'sys/dl.h': No such file or directory [C:\Users\skinny\projects\lightspark\llvm\CMakeFiles\CMakeTmp\cmTryCompileExec.vcxproj]

    1 Warning(s)
    1 Error(s)

Time Elapsed 00:00:00.21


Determining if the include file sys/ioctl.h exists failed with the following output:
Change Dir: C:/Users/skinny/projects/lightspark/llvm/CMakeFiles/CMakeTmp

Run Build Command:C:\WINDOWS\Microsoft.NET\Framework\v4.0.30319\MSBuild.exe cmTryCompileExec.vcxproj /p:Configuration=Debug
Microsoft (R) Build Engine Version 4.0.30319.1
[Microsoft .NET Framework, Version 4.0.30319.1]
Copyright (C) Microsoft Corporation 2007. All rights reserved.

Build started 7/26/2010 1:08:13 PM.
Project "C:\Users\skinny\projects\lightspark\llvm\CMakeFiles\CMakeTmp\cmTryCompileExec.vcxproj" on node 1 (default targets).
InitializeBuildStatus:
  Creating "cmTryCompileExec.dir\Debug\cmTryCompileExec.unsuccessfulbuild" because "AlwaysCreate" was specified.
ClCompile:
  C:\Program Files\Microsoft Visual Studio 10.0\VC\bin\CL.exe /c /Zi /nologo- /W3 /WX- /Od /Ob0 /Oy- /D WIN32 /D _WINDOWS /D _DEBUG /D "CMAKE_INTDIR=\"Debug\"" /D _MBCS /Gm- /RTC1 /MDd /GS /fp:precise /Zc:wchar_t /Zc:forScope /Fo"cmTryCompileExec.dir\Debug\\" /Fd"C:/Users/skinny/projects/lightspark/llvm/CMakeFiles/CMakeTmp/Debug/cmTryCompileExec.pdb" /Gd /TC /analyze- /errorReport:queue CheckIncludeFile.c  /Zm1000 
  Microsoft (R) 32-bit C/C++ Optimizing Compiler Version 16.00.30319.01 for 80x86
  Copyright (C) Microsoft Corporation.  All rights reserved.
  
  cl /c /Zi /nologo- /W3 /WX- /Od /Ob0 /Oy- /D WIN32 /D _WINDOWS /D _DEBUG /D "CMAKE_INTDIR=\"Debug\"" /D _MBCS /Gm- /RTC1 /MDd /GS /fp:precise /Zc:wchar_t /Zc:forScope /Fo"cmTryCompileExec.dir\Debug\\" /Fd"C:/Users/skinny/projects/lightspark/llvm/CMakeFiles/CMakeTmp/Debug/cmTryCompileExec.pdb" /Gd /TC /analyze- /errorReport:queue CheckIncludeFile.c  /Zm1000 
cl : Command line warning D9035: option 'nologo-' has been deprecated and will be removed in a future release [C:\Users\skinny\projects\lightspark\llvm\CMakeFiles\CMakeTmp\cmTryCompileExec.vcxproj]
  CheckIncludeFile.c
  
CheckIncludeFile.c(1): fatal error C1083: Cannot open include file: 'sys/ioctl.h': No such file or directory [C:\Users\skinny\projects\lightspark\llvm\CMakeFiles\CMakeTmp\cmTryCompileExec.vcxproj]
Done Building Project "C:\Users\skinny\projects\lightspark\llvm\CMakeFiles\CMakeTmp\cmTryCompileExec.vcxproj" (default targets) -- FAILED.

Build FAILED.

"C:\Users\skinny\projects\lightspark\llvm\CMakeFiles\CMakeTmp\cmTryCompileExec.vcxproj" (default target) (1) ->
(ClCompile target) -> 
  cl : Command line warning D9035: option 'nologo-' has been deprecated and will be removed in a future release [C:\Users\skinny\projects\lightspark\llvm\CMakeFiles\CMakeTmp\cmTryCompileExec.vcxproj]


"C:\Users\skinny\projects\lightspark\llvm\CMakeFiles\CMakeTmp\cmTryCompileExec.vcxproj" (default target) (1) ->
(ClCompile target) -> 
  CheckIncludeFile.c(1): fatal error C1083: Cannot open include file: 'sys/ioctl.h': No such file or directory [C:\Users\skinny\projects\lightspark\llvm\CMakeFiles\CMakeTmp\cmTryCompileExec.vcxproj]

    1 Warning(s)
    1 Error(s)

Time Elapsed 00:00:00.20


Determining if the include file sys/mman.h exists failed with the following output:
Change Dir: C:/Users/skinny/projects/lightspark/llvm/CMakeFiles/CMakeTmp

Run Build Command:C:\WINDOWS\Microsoft.NET\Framework\v4.0.30319\MSBuild.exe cmTryCompileExec.vcxproj /p:Configuration=Debug
Microsoft (R) Build Engine Version 4.0.30319.1
[Microsoft .NET Framework, Version 4.0.30319.1]
Copyright (C) Microsoft Corporation 2007. All rights reserved.

Build started 7/26/2010 1:08:13 PM.
Project "C:\Users\skinny\projects\lightspark\llvm\CMakeFiles\CMakeTmp\cmTryCompileExec.vcxproj" on node 1 (default targets).
InitializeBuildStatus:
  Creating "cmTryCompileExec.dir\Debug\cmTryCompileExec.unsuccessfulbuild" because "AlwaysCreate" was specified.
ClCompile:
  C:\Program Files\Microsoft Visual Studio 10.0\VC\bin\CL.exe /c /Zi /nologo- /W3 /WX- /Od /Ob0 /Oy- /D WIN32 /D _WINDOWS /D _DEBUG /D "CMAKE_INTDIR=\"Debug\"" /D _MBCS /Gm- /RTC1 /MDd /GS /fp:precise /Zc:wchar_t /Zc:forScope /Fo"cmTryCompileExec.dir\Debug\\" /Fd"C:/Users/skinny/projects/lightspark/llvm/CMakeFiles/CMakeTmp/Debug/cmTryCompileExec.pdb" /Gd /TC /analyze- /errorReport:queue CheckIncludeFile.c  /Zm1000 
  Microsoft (R) 32-bit C/C++ Optimizing Compiler Version 16.00.30319.01 for 80x86
  Copyright (C) Microsoft Corporation.  All rights reserved.
  
  cl /c /Zi /nologo- /W3 /WX- /Od /Ob0 /Oy- /D WIN32 /D _WINDOWS /D _DEBUG /D "CMAKE_INTDIR=\"Debug\"" /D _MBCS /Gm- /RTC1 /MDd /GS /fp:precise /Zc:wchar_t /Zc:forScope /Fo"cmTryCompileExec.dir\Debug\\" /Fd"C:/Users/skinny/projects/lightspark/llvm/CMakeFiles/CMakeTmp/Debug/cmTryCompileExec.pdb" /Gd /TC /analyze- /errorReport:queue CheckIncludeFile.c  /Zm1000 
cl : Command line warning D9035: option 'nologo-' has been deprecated and will be removed in a future release [C:\Users\skinny\projects\lightspark\llvm\CMakeFiles\CMakeTmp\cmTryCompileExec.vcxproj]
  
  CheckIncludeFile.c
CheckIncludeFile.c(1): fatal error C1083: Cannot open include file: 'sys/mman.h': No such file or directory [C:\Users\skinny\projects\lightspark\llvm\CMakeFiles\CMakeTmp\cmTryCompileExec.vcxproj]
Done Building Project "C:\Users\skinny\projects\lightspark\llvm\CMakeFiles\CMakeTmp\cmTryCompileExec.vcxproj" (default targets) -- FAILED.

Build FAILED.

"C:\Users\skinny\projects\lightspark\llvm\CMakeFiles\CMakeTmp\cmTryCompileExec.vcxproj" (default target) (1) ->
(ClCompile target) -> 
  cl : Command line warning D9035: option 'nologo-' has been deprecated and will be removed in a future release [C:\Users\skinny\projects\lightspark\llvm\CMakeFiles\CMakeTmp\cmTryCompileExec.vcxproj]


"C:\Users\skinny\projects\lightspark\llvm\CMakeFiles\CMakeTmp\cmTryCompileExec.vcxproj" (default target) (1) ->
(ClCompile target) -> 
  CheckIncludeFile.c(1): fatal error C1083: Cannot open include file: 'sys/mman.h': No such file or directory [C:\Users\skinny\projects\lightspark\llvm\CMakeFiles\CMakeTmp\cmTryCompileExec.vcxproj]

    1 Warning(s)
    1 Error(s)

Time Elapsed 00:00:00.20


Determining if the include file sys/ndir.h exists failed with the following output:
Change Dir: C:/Users/skinny/projects/lightspark/llvm/CMakeFiles/CMakeTmp

Run Build Command:C:\WINDOWS\Microsoft.NET\Framework\v4.0.30319\MSBuild.exe cmTryCompileExec.vcxproj /p:Configuration=Debug
Microsoft (R) Build Engine Version 4.0.30319.1
[Microsoft .NET Framework, Version 4.0.30319.1]
Copyright (C) Microsoft Corporation 2007. All rights reserved.

Build started 7/26/2010 1:08:13 PM.
Project "C:\Users\skinny\projects\lightspark\llvm\CMakeFiles\CMakeTmp\cmTryCompileExec.vcxproj" on node 1 (default targets).
InitializeBuildStatus:
  Creating "cmTryCompileExec.dir\Debug\cmTryCompileExec.unsuccessfulbuild" because "AlwaysCreate" was specified.
ClCompile:
  C:\Program Files\Microsoft Visual Studio 10.0\VC\bin\CL.exe /c /Zi /nologo- /W3 /WX- /Od /Ob0 /Oy- /D WIN32 /D _WINDOWS /D _DEBUG /D "CMAKE_INTDIR=\"Debug\"" /D _MBCS /Gm- /RTC1 /MDd /GS /fp:precise /Zc:wchar_t /Zc:forScope /Fo"cmTryCompileExec.dir\Debug\\" /Fd"C:/Users/skinny/projects/lightspark/llvm/CMakeFiles/CMakeTmp/Debug/cmTryCompileExec.pdb" /Gd /TC /analyze- /errorReport:queue CheckIncludeFile.c  /Zm1000 
  Microsoft (R) 32-bit C/C++ Optimizing Compiler Version 16.00.30319.01 for 80x86
  Copyright (C) Microsoft Corporation.  All rights reserved.
  
  cl /c /Zi /nologo- /W3 /WX- /Od /Ob0 /Oy- /D WIN32 /D _WINDOWS /D _DEBUG /D "CMAKE_INTDIR=\"Debug\"" /D _MBCS /Gm- /RTC1 /MDd /GS /fp:precise /Zc:wchar_t /Zc:forScope /Fo"cmTryCompileExec.dir\Debug\\" /Fd"C:/Users/skinny/projects/lightspark/llvm/CMakeFiles/CMakeTmp/Debug/cmTryCompileExec.pdb" /Gd /TC /analyze- /errorReport:queue CheckIncludeFile.c  /Zm1000 
cl : Command line warning D9035: option 'nologo-' has been deprecated and will be removed in a future release [C:\Users\skinny\projects\lightspark\llvm\CMakeFiles\CMakeTmp\cmTryCompileExec.vcxproj]
  
  CheckIncludeFile.c
CheckIncludeFile.c(1): fatal error C1083: Cannot open include file: 'sys/ndir.h': No such file or directory [C:\Users\skinny\projects\lightspark\llvm\CMakeFiles\CMakeTmp\cmTryCompileExec.vcxproj]
Done Building Project "C:\Users\skinny\projects\lightspark\llvm\CMakeFiles\CMakeTmp\cmTryCompileExec.vcxproj" (default targets) -- FAILED.

Build FAILED.

"C:\Users\skinny\projects\lightspark\llvm\CMakeFiles\CMakeTmp\cmTryCompileExec.vcxproj" (default target) (1) ->
(ClCompile target) -> 
  cl : Command line warning D9035: option 'nologo-' has been deprecated and will be removed in a future release [C:\Users\skinny\projects\lightspark\llvm\CMakeFiles\CMakeTmp\cmTryCompileExec.vcxproj]


"C:\Users\skinny\projects\lightspark\llvm\CMakeFiles\CMakeTmp\cmTryCompileExec.vcxproj" (default target) (1) ->
(ClCompile target) -> 
  CheckIncludeFile.c(1): fatal error C1083: Cannot open include file: 'sys/ndir.h': No such file or directory [C:\Users\skinny\projects\lightspark\llvm\CMakeFiles\CMakeTmp\cmTryCompileExec.vcxproj]

    1 Warning(s)
    1 Error(s)

Time Elapsed 00:00:00.21


Determining if the include file sys/param.h exists failed with the following output:
Change Dir: C:/Users/skinny/projects/lightspark/llvm/CMakeFiles/CMakeTmp

Run Build Command:C:\WINDOWS\Microsoft.NET\Framework\v4.0.30319\MSBuild.exe cmTryCompileExec.vcxproj /p:Configuration=Debug
Microsoft (R) Build Engine Version 4.0.30319.1
[Microsoft .NET Framework, Version 4.0.30319.1]
Copyright (C) Microsoft Corporation 2007. All rights reserved.

Build started 7/26/2010 1:08:14 PM.
Project "C:\Users\skinny\projects\lightspark\llvm\CMakeFiles\CMakeTmp\cmTryCompileExec.vcxproj" on node 1 (default targets).
InitializeBuildStatus:
  Creating "cmTryCompileExec.dir\Debug\cmTryCompileExec.unsuccessfulbuild" because "AlwaysCreate" was specified.
ClCompile:
  C:\Program Files\Microsoft Visual Studio 10.0\VC\bin\CL.exe /c /Zi /nologo- /W3 /WX- /Od /Ob0 /Oy- /D WIN32 /D _WINDOWS /D _DEBUG /D "CMAKE_INTDIR=\"Debug\"" /D _MBCS /Gm- /RTC1 /MDd /GS /fp:precise /Zc:wchar_t /Zc:forScope /Fo"cmTryCompileExec.dir\Debug\\" /Fd"C:/Users/skinny/projects/lightspark/llvm/CMakeFiles/CMakeTmp/Debug/cmTryCompileExec.pdb" /Gd /TC /analyze- /errorReport:queue CheckIncludeFile.c  /Zm1000 
  Microsoft (R) 32-bit C/C++ Optimizing Compiler Version 16.00.30319.01 for 80x86
  Copyright (C) Microsoft Corporation.  All rights reserved.
  
  cl /c /Zi /nologo- /W3 /WX- /Od /Ob0 /Oy- /D WIN32 /D _WINDOWS /D _DEBUG /D "CMAKE_INTDIR=\"Debug\"" /D _MBCS /Gm- /RTC1 /MDd /GS /fp:precise /Zc:wchar_t /Zc:forScope /Fo"cmTryCompileExec.dir\Debug\\" /Fd"C:/Users/skinny/projects/lightspark/llvm/CMakeFiles/CMakeTmp/Debug/cmTryCompileExec.pdb" /Gd /TC /analyze- /errorReport:queue CheckIncludeFile.c  /Zm1000 
cl : Command line warning D9035: option 'nologo-' has been deprecated and will be removed in a future release [C:\Users\skinny\projects\lightspark\llvm\CMakeFiles\CMakeTmp\cmTryCompileExec.vcxproj]
  
  CheckIncludeFile.c
CheckIncludeFile.c(1): fatal error C1083: Cannot open include file: 'sys/param.h': No such file or directory [C:\Users\skinny\projects\lightspark\llvm\CMakeFiles\CMakeTmp\cmTryCompileExec.vcxproj]
Done Building Project "C:\Users\skinny\projects\lightspark\llvm\CMakeFiles\CMakeTmp\cmTryCompileExec.vcxproj" (default targets) -- FAILED.

Build FAILED.

"C:\Users\skinny\projects\lightspark\llvm\CMakeFiles\CMakeTmp\cmTryCompileExec.vcxproj" (default target) (1) ->
(ClCompile target) -> 
  cl : Command line warning D9035: option 'nologo-' has been deprecated and will be removed in a future release [C:\Users\skinny\projects\lightspark\llvm\CMakeFiles\CMakeTmp\cmTryCompileExec.vcxproj]


"C:\Users\skinny\projects\lightspark\llvm\CMakeFiles\CMakeTmp\cmTryCompileExec.vcxproj" (default target) (1) ->
(ClCompile target) -> 
  CheckIncludeFile.c(1): fatal error C1083: Cannot open include file: 'sys/param.h': No such file or directory [C:\Users\skinny\projects\lightspark\llvm\CMakeFiles\CMakeTmp\cmTryCompileExec.vcxproj]

    1 Warning(s)
    1 Error(s)

Time Elapsed 00:00:00.20


Determining if the include file sys/resource.h exists failed with the following output:
Change Dir: C:/Users/skinny/projects/lightspark/llvm/CMakeFiles/CMakeTmp

Run Build Command:C:\WINDOWS\Microsoft.NET\Framework\v4.0.30319\MSBuild.exe cmTryCompileExec.vcxproj /p:Configuration=Debug
Microsoft (R) Build Engine Version 4.0.30319.1
[Microsoft .NET Framework, Version 4.0.30319.1]
Copyright (C) Microsoft Corporation 2007. All rights reserved.

Build started 7/26/2010 1:08:14 PM.
Project "C:\Users\skinny\projects\lightspark\llvm\CMakeFiles\CMakeTmp\cmTryCompileExec.vcxproj" on node 1 (default targets).
InitializeBuildStatus:
  Creating "cmTryCompileExec.dir\Debug\cmTryCompileExec.unsuccessfulbuild" because "AlwaysCreate" was specified.
ClCompile:
  C:\Program Files\Microsoft Visual Studio 10.0\VC\bin\CL.exe /c /Zi /nologo- /W3 /WX- /Od /Ob0 /Oy- /D WIN32 /D _WINDOWS /D _DEBUG /D "CMAKE_INTDIR=\"Debug\"" /D _MBCS /Gm- /RTC1 /MDd /GS /fp:precise /Zc:wchar_t /Zc:forScope /Fo"cmTryCompileExec.dir\Debug\\" /Fd"C:/Users/skinny/projects/lightspark/llvm/CMakeFiles/CMakeTmp/Debug/cmTryCompileExec.pdb" /Gd /TC /analyze- /errorReport:queue CheckIncludeFile.c  /Zm1000 
  Microsoft (R) 32-bit C/C++ Optimizing Compiler Version 16.00.30319.01 for 80x86
  Copyright (C) Microsoft Corporation.  All rights reserved.
  
  cl /c /Zi /nologo- /W3 /WX- /Od /Ob0 /Oy- /D WIN32 /D _WINDOWS /D _DEBUG /D "CMAKE_INTDIR=\"Debug\"" /D _MBCS /Gm- /RTC1 /MDd /GS /fp:precise /Zc:wchar_t /Zc:forScope /Fo"cmTryCompileExec.dir\Debug\\" /Fd"C:/Users/skinny/projects/lightspark/llvm/CMakeFiles/CMakeTmp/Debug/cmTryCompileExec.pdb" /Gd /TC /analyze- /errorReport:queue CheckIncludeFile.c  /Zm1000 
cl : Command line warning D9035: option 'nologo-' has been deprecated and will be removed in a future release [C:\Users\skinny\projects\lightspark\llvm\CMakeFiles\CMakeTmp\cmTryCompileExec.vcxproj]
  
  CheckIncludeFile.c
CheckIncludeFile.c(1): fatal error C1083: Cannot open include file: 'sys/resource.h': No such file or directory [C:\Users\skinny\projects\lightspark\llvm\CMakeFiles\CMakeTmp\cmTryCompileExec.vcxproj]
Done Building Project "C:\Users\skinny\projects\lightspark\llvm\CMakeFiles\CMakeTmp\cmTryCompileExec.vcxproj" (default targets) -- FAILED.

Build FAILED.

"C:\Users\skinny\projects\lightspark\llvm\CMakeFiles\CMakeTmp\cmTryCompileExec.vcxproj" (default target) (1) ->
(ClCompile target) -> 
  cl : Command line warning D9035: option 'nologo-' has been deprecated and will be removed in a future release [C:\Users\skinny\projects\lightspark\llvm\CMakeFiles\CMakeTmp\cmTryCompileExec.vcxproj]


"C:\Users\skinny\projects\lightspark\llvm\CMakeFiles\CMakeTmp\cmTryCompileExec.vcxproj" (default target) (1) ->
(ClCompile target) -> 
  CheckIncludeFile.c(1): fatal error C1083: Cannot open include file: 'sys/resource.h': No such file or directory [C:\Users\skinny\projects\lightspark\llvm\CMakeFiles\CMakeTmp\cmTryCompileExec.vcxproj]

    1 Warning(s)
    1 Error(s)

Time Elapsed 00:00:00.20


Determining if the include file sys/time.h exists failed with the following output:
Change Dir: C:/Users/skinny/projects/lightspark/llvm/CMakeFiles/CMakeTmp

Run Build Command:C:\WINDOWS\Microsoft.NET\Framework\v4.0.30319\MSBuild.exe cmTryCompileExec.vcxproj /p:Configuration=Debug
Microsoft (R) Build Engine Version 4.0.30319.1
[Microsoft .NET Framework, Version 4.0.30319.1]
Copyright (C) Microsoft Corporation 2007. All rights reserved.

Build started 7/26/2010 1:08:15 PM.
Project "C:\Users\skinny\projects\lightspark\llvm\CMakeFiles\CMakeTmp\cmTryCompileExec.vcxproj" on node 1 (default targets).
InitializeBuildStatus:
  Creating "cmTryCompileExec.dir\Debug\cmTryCompileExec.unsuccessfulbuild" because "AlwaysCreate" was specified.
ClCompile:
  C:\Program Files\Microsoft Visual Studio 10.0\VC\bin\CL.exe /c /Zi /nologo- /W3 /WX- /Od /Ob0 /Oy- /D WIN32 /D _WINDOWS /D _DEBUG /D "CMAKE_INTDIR=\"Debug\"" /D _MBCS /Gm- /RTC1 /MDd /GS /fp:precise /Zc:wchar_t /Zc:forScope /Fo"cmTryCompileExec.dir\Debug\\" /Fd"C:/Users/skinny/projects/lightspark/llvm/CMakeFiles/CMakeTmp/Debug/cmTryCompileExec.pdb" /Gd /TC /analyze- /errorReport:queue CheckIncludeFile.c  /Zm1000 
  Microsoft (R) 32-bit C/C++ Optimizing Compiler Version 16.00.30319.01 for 80x86
  Copyright (C) Microsoft Corporation.  All rights reserved.
  
  cl /c /Zi /nologo- /W3 /WX- /Od /Ob0 /Oy- /D WIN32 /D _WINDOWS /D _DEBUG /D "CMAKE_INTDIR=\"Debug\"" /D _MBCS /Gm- /RTC1 /MDd /GS /fp:precise /Zc:wchar_t /Zc:forScope /Fo"cmTryCompileExec.dir\Debug\\" /Fd"C:/Users/skinny/projects/lightspark/llvm/CMakeFiles/CMakeTmp/Debug/cmTryCompileExec.pdb" /Gd /TC /analyze- /errorReport:queue CheckIncludeFile.c  /Zm1000 
cl : Command line warning D9035: option 'nologo-' has been deprecated and will be removed in a future release [C:\Users\skinny\projects\lightspark\llvm\CMakeFiles\CMakeTmp\cmTryCompileExec.vcxproj]
  
  CheckIncludeFile.c
CheckIncludeFile.c(1): fatal error C1083: Cannot open include file: 'sys/time.h': No such file or directory [C:\Users\skinny\projects\lightspark\llvm\CMakeFiles\CMakeTmp\cmTryCompileExec.vcxproj]
Done Building Project "C:\Users\skinny\projects\lightspark\llvm\CMakeFiles\CMakeTmp\cmTryCompileExec.vcxproj" (default targets) -- FAILED.

Build FAILED.

"C:\Users\skinny\projects\lightspark\llvm\CMakeFiles\CMakeTmp\cmTryCompileExec.vcxproj" (default target) (1) ->
(ClCompile target) -> 
  cl : Command line warning D9035: option 'nologo-' has been deprecated and will be removed in a future release [C:\Users\skinny\projects\lightspark\llvm\CMakeFiles\CMakeTmp\cmTryCompileExec.vcxproj]


"C:\Users\skinny\projects\lightspark\llvm\CMakeFiles\CMakeTmp\cmTryCompileExec.vcxproj" (default target) (1) ->
(ClCompile target) -> 
  CheckIncludeFile.c(1): fatal error C1083: Cannot open include file: 'sys/time.h': No such file or directory [C:\Users\skinny\projects\lightspark\llvm\CMakeFiles\CMakeTmp\cmTryCompileExec.vcxproj]

    1 Warning(s)
    1 Error(s)

Time Elapsed 00:00:00.20


Determining if the include file sys/wait.h exists failed with the following output:
Change Dir: C:/Users/skinny/projects/lightspark/llvm/CMakeFiles/CMakeTmp

Run Build Command:C:\WINDOWS\Microsoft.NET\Framework\v4.0.30319\MSBuild.exe cmTryCompileExec.vcxproj /p:Configuration=Debug
Microsoft (R) Build Engine Version 4.0.30319.1
[Microsoft .NET Framework, Version 4.0.30319.1]
Copyright (C) Microsoft Corporation 2007. All rights reserved.

Build started 7/26/2010 1:08:16 PM.
Project "C:\Users\skinny\projects\lightspark\llvm\CMakeFiles\CMakeTmp\cmTryCompileExec.vcxproj" on node 1 (default targets).
InitializeBuildStatus:
  Creating "cmTryCompileExec.dir\Debug\cmTryCompileExec.unsuccessfulbuild" because "AlwaysCreate" was specified.
ClCompile:
  C:\Program Files\Microsoft Visual Studio 10.0\VC\bin\CL.exe /c /Zi /nologo- /W3 /WX- /Od /Ob0 /Oy- /D WIN32 /D _WINDOWS /D _DEBUG /D "CMAKE_INTDIR=\"Debug\"" /D _MBCS /Gm- /RTC1 /MDd /GS /fp:precise /Zc:wchar_t /Zc:forScope /Fo"cmTryCompileExec.dir\Debug\\" /Fd"C:/Users/skinny/projects/lightspark/llvm/CMakeFiles/CMakeTmp/Debug/cmTryCompileExec.pdb" /Gd /TC /analyze- /errorReport:queue CheckIncludeFile.c  /Zm1000 
  Microsoft (R) 32-bit C/C++ Optimizing Compiler Version 16.00.30319.01 for 80x86
  Copyright (C) Microsoft Corporation.  All rights reserved.
  
  cl /c /Zi /nologo- /W3 /WX- /Od /Ob0 /Oy- /D WIN32 /D _WINDOWS /D _DEBUG /D "CMAKE_INTDIR=\"Debug\"" /D _MBCS /Gm- /RTC1 /MDd /GS /fp:precise /Zc:wchar_t /Zc:forScope /Fo"cmTryCompileExec.dir\Debug\\" /Fd"C:/Users/skinny/projects/lightspark/llvm/CMakeFiles/CMakeTmp/Debug/cmTryCompileExec.pdb" /Gd /TC /analyze- /errorReport:queue CheckIncludeFile.c  /Zm1000 
cl : Command line warning D9035: option 'nologo-' has been deprecated and will be removed in a future release [C:\Users\skinny\projects\lightspark\llvm\CMakeFiles\CMakeTmp\cmTryCompileExec.vcxproj]
  
  CheckIncludeFile.c
CheckIncludeFile.c(1): fatal error C1083: Cannot open include file: 'sys/wait.h': No such file or directory [C:\Users\skinny\projects\lightspark\llvm\CMakeFiles\CMakeTmp\cmTryCompileExec.vcxproj]
Done Building Project "C:\Users\skinny\projects\lightspark\llvm\CMakeFiles\CMakeTmp\cmTryCompileExec.vcxproj" (default targets) -- FAILED.

Build FAILED.

"C:\Users\skinny\projects\lightspark\llvm\CMakeFiles\CMakeTmp\cmTryCompileExec.vcxproj" (default target) (1) ->
(ClCompile target) -> 
  cl : Command line warning D9035: option 'nologo-' has been deprecated and will be removed in a future release [C:\Users\skinny\projects\lightspark\llvm\CMakeFiles\CMakeTmp\cmTryCompileExec.vcxproj]


"C:\Users\skinny\projects\lightspark\llvm\CMakeFiles\CMakeTmp\cmTryCompileExec.vcxproj" (default target) (1) ->
(ClCompile target) -> 
  CheckIncludeFile.c(1): fatal error C1083: Cannot open include file: 'sys/wait.h': No such file or directory [C:\Users\skinny\projects\lightspark\llvm\CMakeFiles\CMakeTmp\cmTryCompileExec.vcxproj]

    1 Warning(s)
    1 Error(s)

Time Elapsed 00:00:00.20


Determining if the include file termios.h exists failed with the following output:
Change Dir: C:/Users/skinny/projects/lightspark/llvm/CMakeFiles/CMakeTmp

Run Build Command:C:\WINDOWS\Microsoft.NET\Framework\v4.0.30319\MSBuild.exe cmTryCompileExec.vcxproj /p:Configuration=Debug
Microsoft (R) Build Engine Version 4.0.30319.1
[Microsoft .NET Framework, Version 4.0.30319.1]
Copyright (C) Microsoft Corporation 2007. All rights reserved.

Build started 7/26/2010 1:08:17 PM.
Project "C:\Users\skinny\projects\lightspark\llvm\CMakeFiles\CMakeTmp\cmTryCompileExec.vcxproj" on node 1 (default targets).
InitializeBuildStatus:
  Creating "cmTryCompileExec.dir\Debug\cmTryCompileExec.unsuccessfulbuild" because "AlwaysCreate" was specified.
ClCompile:
  C:\Program Files\Microsoft Visual Studio 10.0\VC\bin\CL.exe /c /Zi /nologo- /W3 /WX- /Od /Ob0 /Oy- /D WIN32 /D _WINDOWS /D _DEBUG /D "CMAKE_INTDIR=\"Debug\"" /D _MBCS /Gm- /RTC1 /MDd /GS /fp:precise /Zc:wchar_t /Zc:forScope /Fo"cmTryCompileExec.dir\Debug\\" /Fd"C:/Users/skinny/projects/lightspark/llvm/CMakeFiles/CMakeTmp/Debug/cmTryCompileExec.pdb" /Gd /TC /analyze- /errorReport:queue CheckIncludeFile.c  /Zm1000 
  Microsoft (R) 32-bit C/C++ Optimizing Compiler Version 16.00.30319.01 for 80x86
  Copyright (C) Microsoft Corporation.  All rights reserved.
  
  cl /c /Zi /nologo- /W3 /WX- /Od /Ob0 /Oy- /D WIN32 /D _WINDOWS /D _DEBUG /D "CMAKE_INTDIR=\"Debug\"" /D _MBCS /Gm- /RTC1 /MDd /GS /fp:precise /Zc:wchar_t /Zc:forScope /Fo"cmTryCompileExec.dir\Debug\\" /Fd"C:/Users/skinny/projects/lightspark/llvm/CMakeFiles/CMakeTmp/Debug/cmTryCompileExec.pdb" /Gd /TC /analyze- /errorReport:queue CheckIncludeFile.c  /Zm1000 
cl : Command line warning D9035: option 'nologo-' has been deprecated and will be removed in a future release [C:\Users\skinny\projects\lightspark\llvm\CMakeFiles\CMakeTmp\cmTryCompileExec.vcxproj]
  
  CheckIncludeFile.c
CheckIncludeFile.c(1): fatal error C1083: Cannot open include file: 'termios.h': No such file or directory [C:\Users\skinny\projects\lightspark\llvm\CMakeFiles\CMakeTmp\cmTryCompileExec.vcxproj]
Done Building Project "C:\Users\skinny\projects\lightspark\llvm\CMakeFiles\CMakeTmp\cmTryCompileExec.vcxproj" (default targets) -- FAILED.

Build FAILED.

"C:\Users\skinny\projects\lightspark\llvm\CMakeFiles\CMakeTmp\cmTryCompileExec.vcxproj" (default target) (1) ->
(ClCompile target) -> 
  cl : Command line warning D9035: option 'nologo-' has been deprecated and will be removed in a future release [C:\Users\skinny\projects\lightspark\llvm\CMakeFiles\CMakeTmp\cmTryCompileExec.vcxproj]


"C:\Users\skinny\projects\lightspark\llvm\CMakeFiles\CMakeTmp\cmTryCompileExec.vcxproj" (default target) (1) ->
(ClCompile target) -> 
  CheckIncludeFile.c(1): fatal error C1083: Cannot open include file: 'termios.h': No such file or directory [C:\Users\skinny\projects\lightspark\llvm\CMakeFiles\CMakeTmp\cmTryCompileExec.vcxproj]

    1 Warning(s)
    1 Error(s)

Time Elapsed 00:00:00.20


Determining if the include file unistd.h exists failed with the following output:
Change Dir: C:/Users/skinny/projects/lightspark/llvm/CMakeFiles/CMakeTmp

Run Build Command:C:\WINDOWS\Microsoft.NET\Framework\v4.0.30319\MSBuild.exe cmTryCompileExec.vcxproj /p:Configuration=Debug
Microsoft (R) Build Engine Version 4.0.30319.1
[Microsoft .NET Framework, Version 4.0.30319.1]
Copyright (C) Microsoft Corporation 2007. All rights reserved.

Build started 7/26/2010 1:08:17 PM.
Project "C:\Users\skinny\projects\lightspark\llvm\CMakeFiles\CMakeTmp\cmTryCompileExec.vcxproj" on node 1 (default targets).
InitializeBuildStatus:
  Creating "cmTryCompileExec.dir\Debug\cmTryCompileExec.unsuccessfulbuild" because "AlwaysCreate" was specified.
ClCompile:
  C:\Program Files\Microsoft Visual Studio 10.0\VC\bin\CL.exe /c /Zi /nologo- /W3 /WX- /Od /Ob0 /Oy- /D WIN32 /D _WINDOWS /D _DEBUG /D "CMAKE_INTDIR=\"Debug\"" /D _MBCS /Gm- /RTC1 /MDd /GS /fp:precise /Zc:wchar_t /Zc:forScope /Fo"cmTryCompileExec.dir\Debug\\" /Fd"C:/Users/skinny/projects/lightspark/llvm/CMakeFiles/CMakeTmp/Debug/cmTryCompileExec.pdb" /Gd /TC /analyze- /errorReport:queue CheckIncludeFile.c  /Zm1000 
  Microsoft (R) 32-bit C/C++ Optimizing Compiler Version 16.00.30319.01 for 80x86
  Copyright (C) Microsoft Corporation.  All rights reserved.
  
  cl /c /Zi /nologo- /W3 /WX- /Od /Ob0 /Oy- /D WIN32 /D _WINDOWS /D _DEBUG /D "CMAKE_INTDIR=\"Debug\"" /D _MBCS /Gm- /RTC1 /MDd /GS /fp:precise /Zc:wchar_t /Zc:forScope /Fo"cmTryCompileExec.dir\Debug\\" /Fd"C:/Users/skinny/projects/lightspark/llvm/CMakeFiles/CMakeTmp/Debug/cmTryCompileExec.pdb" /Gd /TC /analyze- /errorReport:queue CheckIncludeFile.c  /Zm1000 
cl : Command line warning D9035: option 'nologo-' has been deprecated and will be removed in a future release [C:\Users\skinny\projects\lightspark\llvm\CMakeFiles\CMakeTmp\cmTryCompileExec.vcxproj]
  
  CheckIncludeFile.c
CheckIncludeFile.c(1): fatal error C1083: Cannot open include file: 'unistd.h': No such file or directory [C:\Users\skinny\projects\lightspark\llvm\CMakeFiles\CMakeTmp\cmTryCompileExec.vcxproj]
Done Building Project "C:\Users\skinny\projects\lightspark\llvm\CMakeFiles\CMakeTmp\cmTryCompileExec.vcxproj" (default targets) -- FAILED.

Build FAILED.

"C:\Users\skinny\projects\lightspark\llvm\CMakeFiles\CMakeTmp\cmTryCompileExec.vcxproj" (default target) (1) ->
(ClCompile target) -> 
  cl : Command line warning D9035: option 'nologo-' has been deprecated and will be removed in a future release [C:\Users\skinny\projects\lightspark\llvm\CMakeFiles\CMakeTmp\cmTryCompileExec.vcxproj]


"C:\Users\skinny\projects\lightspark\llvm\CMakeFiles\CMakeTmp\cmTryCompileExec.vcxproj" (default target) (1) ->
(ClCompile target) -> 
  CheckIncludeFile.c(1): fatal error C1083: Cannot open include file: 'unistd.h': No such file or directory [C:\Users\skinny\projects\lightspark\llvm\CMakeFiles\CMakeTmp\cmTryCompileExec.vcxproj]

    1 Warning(s)
    1 Error(s)

Time Elapsed 00:00:00.20


Determining if the include file utime.h exists failed with the following output:
Change Dir: C:/Users/skinny/projects/lightspark/llvm/CMakeFiles/CMakeTmp

Run Build Command:C:\WINDOWS\Microsoft.NET\Framework\v4.0.30319\MSBuild.exe cmTryCompileExec.vcxproj /p:Configuration=Debug
Microsoft (R) Build Engine Version 4.0.30319.1
[Microsoft .NET Framework, Version 4.0.30319.1]
Copyright (C) Microsoft Corporation 2007. All rights reserved.

Build started 7/26/2010 1:08:17 PM.
Project "C:\Users\skinny\projects\lightspark\llvm\CMakeFiles\CMakeTmp\cmTryCompileExec.vcxproj" on node 1 (default targets).
InitializeBuildStatus:
  Creating "cmTryCompileExec.dir\Debug\cmTryCompileExec.unsuccessfulbuild" because "AlwaysCreate" was specified.
ClCompile:
  C:\Program Files\Microsoft Visual Studio 10.0\VC\bin\CL.exe /c /Zi /nologo- /W3 /WX- /Od /Ob0 /Oy- /D WIN32 /D _WINDOWS /D _DEBUG /D "CMAKE_INTDIR=\"Debug\"" /D _MBCS /Gm- /RTC1 /MDd /GS /fp:precise /Zc:wchar_t /Zc:forScope /Fo"cmTryCompileExec.dir\Debug\\" /Fd"C:/Users/skinny/projects/lightspark/llvm/CMakeFiles/CMakeTmp/Debug/cmTryCompileExec.pdb" /Gd /TC /analyze- /errorReport:queue CheckIncludeFile.c  /Zm1000 
  Microsoft (R) 32-bit C/C++ Optimizing Compiler Version 16.00.30319.01 for 80x86
  Copyright (C) Microsoft Corporation.  All rights reserved.
  
  cl /c /Zi /nologo- /W3 /WX- /Od /Ob0 /Oy- /D WIN32 /D _WINDOWS /D _DEBUG /D "CMAKE_INTDIR=\"Debug\"" /D _MBCS /Gm- /RTC1 /MDd /GS /fp:precise /Zc:wchar_t /Zc:forScope /Fo"cmTryCompileExec.dir\Debug\\" /Fd"C:/Users/skinny/projects/lightspark/llvm/CMakeFiles/CMakeTmp/Debug/cmTryCompileExec.pdb" /Gd /TC /analyze- /errorReport:queue CheckIncludeFile.c  /Zm1000 
cl : Command line warning D9035: option 'nologo-' has been deprecated and will be removed in a future release [C:\Users\skinny\projects\lightspark\llvm\CMakeFiles\CMakeTmp\cmTryCompileExec.vcxproj]
  
  CheckIncludeFile.c
CheckIncludeFile.c(1): fatal error C1083: Cannot open include file: 'utime.h': No such file or directory [C:\Users\skinny\projects\lightspark\llvm\CMakeFiles\CMakeTmp\cmTryCompileExec.vcxproj]
Done Building Project "C:\Users\skinny\projects\lightspark\llvm\CMakeFiles\CMakeTmp\cmTryCompileExec.vcxproj" (default targets) -- FAILED.

Build FAILED.

"C:\Users\skinny\projects\lightspark\llvm\CMakeFiles\CMakeTmp\cmTryCompileExec.vcxproj" (default target) (1) ->
(ClCompile target) -> 
  cl : Command line warning D9035: option 'nologo-' has been deprecated and will be removed in a future release [C:\Users\skinny\projects\lightspark\llvm\CMakeFiles\CMakeTmp\cmTryCompileExec.vcxproj]


"C:\Users\skinny\projects\lightspark\llvm\CMakeFiles\CMakeTmp\cmTryCompileExec.vcxproj" (default target) (1) ->
(ClCompile target) -> 
  CheckIncludeFile.c(1): fatal error C1083: Cannot open include file: 'utime.h': No such file or directory [C:\Users\skinny\projects\lightspark\llvm\CMakeFiles\CMakeTmp\cmTryCompileExec.vcxproj]

    1 Warning(s)
    1 Error(s)

Time Elapsed 00:00:00.20


Determining if the getpagesize exist failed with the following output:
Change Dir: C:/Users/skinny/projects/lightspark/llvm/CMakeFiles/CMakeTmp

Run Build Command:C:\WINDOWS\Microsoft.NET\Framework\v4.0.30319\MSBuild.exe cmTryCompileExec.vcxproj /p:Configuration=Debug
Microsoft (R) Build Engine Version 4.0.30319.1
[Microsoft .NET Framework, Version 4.0.30319.1]
Copyright (C) Microsoft Corporation 2007. All rights reserved.

Build started 7/26/2010 1:08:19 PM.
Project "C:\Users\skinny\projects\lightspark\llvm\CMakeFiles\CMakeTmp\cmTryCompileExec.vcxproj" on node 1 (default targets).
InitializeBuildStatus:
  Creating "cmTryCompileExec.dir\Debug\cmTryCompileExec.unsuccessfulbuild" because "AlwaysCreate" was specified.
ClCompile:
  C:\Program Files\Microsoft Visual Studio 10.0\VC\bin\CL.exe /c /Zi /nologo- /W3 /WX- /Od /Ob0 /Oy- /D WIN32 /D _WINDOWS /D _DEBUG /D "CMAKE_INTDIR=\"Debug\"" /D _MBCS /Gm- /RTC1 /MDd /GS /fp:precise /Zc:wchar_t /Zc:forScope /Fo"cmTryCompileExec.dir\Debug\\" /Fd"C:/Users/skinny/projects/lightspark/llvm/CMakeFiles/CMakeTmp/Debug/cmTryCompileExec.pdb" /Gd /TC /analyze- /errorReport:queue CheckSymbolExists.c  /Zm1000 
  Microsoft (R) 32-bit C/C++ Optimizing Compiler Version 16.00.30319.01 for 80x86
  Copyright (C) Microsoft Corporation.  All rights reserved.
  
  cl /c /Zi /nologo- /W3 /WX- /Od /Ob0 /Oy- /D WIN32 /D _WINDOWS /D _DEBUG /D "CMAKE_INTDIR=\"Debug\"" /D _MBCS /Gm- /RTC1 /MDd /GS /fp:precise /Zc:wchar_t /Zc:forScope /Fo"cmTryCompileExec.dir\Debug\\" /Fd"C:/Users/skinny/projects/lightspark/llvm/CMakeFiles/CMakeTmp/Debug/cmTryCompileExec.pdb" /Gd /TC /analyze- /errorReport:queue CheckSymbolExists.c  /Zm1000 
cl : Command line warning D9035: option 'nologo-' has been deprecated and will be removed in a future release [C:\Users\skinny\projects\lightspark\llvm\CMakeFiles\CMakeTmp\cmTryCompileExec.vcxproj]
  CheckSymbolExists.c
  
CheckSymbolExists.c(2): fatal error C1083: Cannot open include file: 'unistd.h': No such file or directory [C:\Users\skinny\projects\lightspark\llvm\CMakeFiles\CMakeTmp\cmTryCompileExec.vcxproj]
Done Building Project "C:\Users\skinny\projects\lightspark\llvm\CMakeFiles\CMakeTmp\cmTryCompileExec.vcxproj" (default targets) -- FAILED.

Build FAILED.

"C:\Users\skinny\projects\lightspark\llvm\CMakeFiles\CMakeTmp\cmTryCompileExec.vcxproj" (default target) (1) ->
(ClCompile target) -> 
  cl : Command line warning D9035: option 'nologo-' has been deprecated and will be removed in a future release [C:\Users\skinny\projects\lightspark\llvm\CMakeFiles\CMakeTmp\cmTryCompileExec.vcxproj]


"C:\Users\skinny\projects\lightspark\llvm\CMakeFiles\CMakeTmp\cmTryCompileExec.vcxproj" (default target) (1) ->
(ClCompile target) -> 
  CheckSymbolExists.c(2): fatal error C1083: Cannot open include file: 'unistd.h': No such file or directory [C:\Users\skinny\projects\lightspark\llvm\CMakeFiles\CMakeTmp\cmTryCompileExec.vcxproj]

    1 Warning(s)
    1 Error(s)

Time Elapsed 00:00:00.20

File C:/Users/skinny/projects/lightspark/llvm/CMakeFiles/CMakeTmp/CheckSymbolExists.c:
/* */
#include <unistd.h>

void cmakeRequireSymbol(int dummy,...){(void)dummy;}
int main()
{
#ifndef getpagesize
  cmakeRequireSymbol(0,&getpagesize);
#endif
  return 0;
}

Determining if the getrusage exist failed with the following output:
Change Dir: C:/Users/skinny/projects/lightspark/llvm/CMakeFiles/CMakeTmp

Run Build Command:C:\WINDOWS\Microsoft.NET\Framework\v4.0.30319\MSBuild.exe cmTryCompileExec.vcxproj /p:Configuration=Debug
Microsoft (R) Build Engine Version 4.0.30319.1
[Microsoft .NET Framework, Version 4.0.30319.1]
Copyright (C) Microsoft Corporation 2007. All rights reserved.

Build started 7/26/2010 1:08:19 PM.
Project "C:\Users\skinny\projects\lightspark\llvm\CMakeFiles\CMakeTmp\cmTryCompileExec.vcxproj" on node 1 (default targets).
InitializeBuildStatus:
  Creating "cmTryCompileExec.dir\Debug\cmTryCompileExec.unsuccessfulbuild" because "AlwaysCreate" was specified.
ClCompile:
  C:\Program Files\Microsoft Visual Studio 10.0\VC\bin\CL.exe /c /Zi /nologo- /W3 /WX- /Od /Ob0 /Oy- /D WIN32 /D _WINDOWS /D _DEBUG /D "CMAKE_INTDIR=\"Debug\"" /D _MBCS /Gm- /RTC1 /MDd /GS /fp:precise /Zc:wchar_t /Zc:forScope /Fo"cmTryCompileExec.dir\Debug\\" /Fd"C:/Users/skinny/projects/lightspark/llvm/CMakeFiles/CMakeTmp/Debug/cmTryCompileExec.pdb" /Gd /TC /analyze- /errorReport:queue CheckSymbolExists.c  /Zm1000 
  Microsoft (R) 32-bit C/C++ Optimizing Compiler Version 16.00.30319.01 for 80x86
  Copyright (C) Microsoft Corporation.  All rights reserved.
  
  cl /c /Zi /nologo- /W3 /WX- /Od /Ob0 /Oy- /D WIN32 /D _WINDOWS /D _DEBUG /D "CMAKE_INTDIR=\"Debug\"" /D _MBCS /Gm- /RTC1 /MDd /GS /fp:precise /Zc:wchar_t /Zc:forScope /Fo"cmTryCompileExec.dir\Debug\\" /Fd"C:/Users/skinny/projects/lightspark/llvm/CMakeFiles/CMakeTmp/Debug/cmTryCompileExec.pdb" /Gd /TC /analyze- /errorReport:queue CheckSymbolExists.c  /Zm1000 
cl : Command line warning D9035: option 'nologo-' has been deprecated and will be removed in a future release [C:\Users\skinny\projects\lightspark\llvm\CMakeFiles\CMakeTmp\cmTryCompileExec.vcxproj]
  
  CheckSymbolExists.c
CheckSymbolExists.c(2): fatal error C1083: Cannot open include file: 'sys/resource.h': No such file or directory [C:\Users\skinny\projects\lightspark\llvm\CMakeFiles\CMakeTmp\cmTryCompileExec.vcxproj]
Done Building Project "C:\Users\skinny\projects\lightspark\llvm\CMakeFiles\CMakeTmp\cmTryCompileExec.vcxproj" (default targets) -- FAILED.

Build FAILED.

"C:\Users\skinny\projects\lightspark\llvm\CMakeFiles\CMakeTmp\cmTryCompileExec.vcxproj" (default target) (1) ->
(ClCompile target) -> 
  cl : Command line warning D9035: option 'nologo-' has been deprecated and will be removed in a future release [C:\Users\skinny\projects\lightspark\llvm\CMakeFiles\CMakeTmp\cmTryCompileExec.vcxproj]


"C:\Users\skinny\projects\lightspark\llvm\CMakeFiles\CMakeTmp\cmTryCompileExec.vcxproj" (default target) (1) ->
(ClCompile target) -> 
  CheckSymbolExists.c(2): fatal error C1083: Cannot open include file: 'sys/resource.h': No such file or directory [C:\Users\skinny\projects\lightspark\llvm\CMakeFiles\CMakeTmp\cmTryCompileExec.vcxproj]

    1 Warning(s)
    1 Error(s)

Time Elapsed 00:00:00.20

File C:/Users/skinny/projects/lightspark/llvm/CMakeFiles/CMakeTmp/CheckSymbolExists.c:
/* */
#include <sys/resource.h>

void cmakeRequireSymbol(int dummy,...){(void)dummy;}
int main()
{
#ifndef getrusage
  cmakeRequireSymbol(0,&getrusage);
#endif
  return 0;
}

Determining if the setrlimit exist failed with the following output:
Change Dir: C:/Users/skinny/projects/lightspark/llvm/CMakeFiles/CMakeTmp

Run Build Command:C:\WINDOWS\Microsoft.NET\Framework\v4.0.30319\MSBuild.exe cmTryCompileExec.vcxproj /p:Configuration=Debug
Microsoft (R) Build Engine Version 4.0.30319.1
[Microsoft .NET Framework, Version 4.0.30319.1]
Copyright (C) Microsoft Corporation 2007. All rights reserved.

Build started 7/26/2010 1:08:20 PM.
Project "C:\Users\skinny\projects\lightspark\llvm\CMakeFiles\CMakeTmp\cmTryCompileExec.vcxproj" on node 1 (default targets).
InitializeBuildStatus:
  Creating "cmTryCompileExec.dir\Debug\cmTryCompileExec.unsuccessfulbuild" because "AlwaysCreate" was specified.
ClCompile:
  C:\Program Files\Microsoft Visual Studio 10.0\VC\bin\CL.exe /c /Zi /nologo- /W3 /WX- /Od /Ob0 /Oy- /D WIN32 /D _WINDOWS /D _DEBUG /D "CMAKE_INTDIR=\"Debug\"" /D _MBCS /Gm- /RTC1 /MDd /GS /fp:precise /Zc:wchar_t /Zc:forScope /Fo"cmTryCompileExec.dir\Debug\\" /Fd"C:/Users/skinny/projects/lightspark/llvm/CMakeFiles/CMakeTmp/Debug/cmTryCompileExec.pdb" /Gd /TC /analyze- /errorReport:queue CheckSymbolExists.c  /Zm1000 
  Microsoft (R) 32-bit C/C++ Optimizing Compiler Version 16.00.30319.01 for 80x86
  Copyright (C) Microsoft Corporation.  All rights reserved.
  
  cl /c /Zi /nologo- /W3 /WX- /Od /Ob0 /Oy- /D WIN32 /D _WINDOWS /D _DEBUG /D "CMAKE_INTDIR=\"Debug\"" /D _MBCS /Gm- /RTC1 /MDd /GS /fp:precise /Zc:wchar_t /Zc:forScope /Fo"cmTryCompileExec.dir\Debug\\" /Fd"C:/Users/skinny/projects/lightspark/llvm/CMakeFiles/CMakeTmp/Debug/cmTryCompileExec.pdb" /Gd /TC /analyze- /errorReport:queue CheckSymbolExists.c  /Zm1000 
cl : Command line warning D9035: option 'nologo-' has been deprecated and will be removed in a future release [C:\Users\skinny\projects\lightspark\llvm\CMakeFiles\CMakeTmp\cmTryCompileExec.vcxproj]
  
  CheckSymbolExists.c
CheckSymbolExists.c(2): fatal error C1083: Cannot open include file: 'sys/resource.h': No such file or directory [C:\Users\skinny\projects\lightspark\llvm\CMakeFiles\CMakeTmp\cmTryCompileExec.vcxproj]
Done Building Project "C:\Users\skinny\projects\lightspark\llvm\CMakeFiles\CMakeTmp\cmTryCompileExec.vcxproj" (default targets) -- FAILED.

Build FAILED.

"C:\Users\skinny\projects\lightspark\llvm\CMakeFiles\CMakeTmp\cmTryCompileExec.vcxproj" (default target) (1) ->
(ClCompile target) -> 
  cl : Command line warning D9035: option 'nologo-' has been deprecated and will be removed in a future release [C:\Users\skinny\projects\lightspark\llvm\CMakeFiles\CMakeTmp\cmTryCompileExec.vcxproj]


"C:\Users\skinny\projects\lightspark\llvm\CMakeFiles\CMakeTmp\cmTryCompileExec.vcxproj" (default target) (1) ->
(ClCompile target) -> 
  CheckSymbolExists.c(2): fatal error C1083: Cannot open include file: 'sys/resource.h': No such file or directory [C:\Users\skinny\projects\lightspark\llvm\CMakeFiles\CMakeTmp\cmTryCompileExec.vcxproj]

    1 Warning(s)
    1 Error(s)

Time Elapsed 00:00:00.20

File C:/Users/skinny/projects/lightspark/llvm/CMakeFiles/CMakeTmp/CheckSymbolExists.c:
/* */
#include <sys/resource.h>

void cmakeRequireSymbol(int dummy,...){(void)dummy;}
int main()
{
#ifndef setrlimit
  cmakeRequireSymbol(0,&setrlimit);
#endif
  return 0;
}

Determining if the isinf exist failed with the following output:
Change Dir: C:/Users/skinny/projects/lightspark/llvm/CMakeFiles/CMakeTmp

Run Build Command:C:\WINDOWS\Microsoft.NET\Framework\v4.0.30319\MSBuild.exe cmTryCompileExec.vcxproj /p:Configuration=Debug
Microsoft (R) Build Engine Version 4.0.30319.1
[Microsoft .NET Framework, Version 4.0.30319.1]
Copyright (C) Microsoft Corporation 2007. All rights reserved.

Build started 7/26/2010 1:08:21 PM.
Project "C:\Users\skinny\projects\lightspark\llvm\CMakeFiles\CMakeTmp\cmTryCompileExec.vcxproj" on node 1 (default targets).
InitializeBuildStatus:
  Creating "cmTryCompileExec.dir\Debug\cmTryCompileExec.unsuccessfulbuild" because "AlwaysCreate" was specified.
ClCompile:
  C:\Program Files\Microsoft Visual Studio 10.0\VC\bin\CL.exe /c /Zi /nologo- /W3 /WX- /Od /Ob0 /Oy- /D WIN32 /D _WINDOWS /D _DEBUG /D "CMAKE_INTDIR=\"Debug\"" /D _MBCS /Gm- /RTC1 /MDd /GS /fp:precise /Zc:wchar_t /Zc:forScope /Fo"cmTryCompileExec.dir\Debug\\" /Fd"C:/Users/skinny/projects/lightspark/llvm/CMakeFiles/CMakeTmp/Debug/cmTryCompileExec.pdb" /Gd /TC /analyze- /errorReport:queue CheckSymbolExists.c  /Zm1000 
  Microsoft (R) 32-bit C/C++ Optimizing Compiler Version 16.00.30319.01 for 80x86
  Copyright (C) Microsoft Corporation.  All rights reserved.
  
  cl /c /Zi /nologo- /W3 /WX- /Od /Ob0 /Oy- /D WIN32 /D _WINDOWS /D _DEBUG /D "CMAKE_INTDIR=\"Debug\"" /D _MBCS /Gm- /RTC1 /MDd /GS /fp:precise /Zc:wchar_t /Zc:forScope /Fo"cmTryCompileExec.dir\Debug\\" /Fd"C:/Users/skinny/projects/lightspark/llvm/CMakeFiles/CMakeTmp/Debug/cmTryCompileExec.pdb" /Gd /TC /analyze- /errorReport:queue CheckSymbolExists.c  /Zm1000 
cl : Command line warning D9035: option 'nologo-' has been deprecated and will be removed in a future release [C:\Users\skinny\projects\lightspark\llvm\CMakeFiles\CMakeTmp\cmTryCompileExec.vcxproj]
  
  CheckSymbolExists.c
C:\Program Files\Microsoft Visual Studio 10.0\VC\include\cmath(19): error C2061: syntax error : identifier 'acosf' [C:\Users\skinny\projects\lightspark\llvm\CMakeFiles\CMakeTmp\cmTryCompileExec.vcxproj]
C:\Program Files\Microsoft Visual Studio 10.0\VC\include\cmath(19): error C2059: syntax error : ';' [C:\Users\skinny\projects\lightspark\llvm\CMakeFiles\CMakeTmp\cmTryCompileExec.vcxproj]
C:\Program Files\Microsoft Visual Studio 10.0\VC\include\cmath(19): error C2061: syntax error : identifier 'asinf' [C:\Users\skinny\projects\lightspark\llvm\CMakeFiles\CMakeTmp\cmTryCompileExec.vcxproj]
C:\Program Files\Microsoft Visual Studio 10.0\VC\include\cmath(19): error C2059: syntax error : ';' [C:\Users\skinny\projects\lightspark\llvm\CMakeFiles\CMakeTmp\cmTryCompileExec.vcxproj]
C:\Program Files\Microsoft Visual Studio 10.0\VC\include\cmath(20): error C2061: syntax error : identifier 'atanf' [C:\Users\skinny\projects\lightspark\llvm\CMakeFiles\CMakeTmp\cmTryCompileExec.vcxproj]
C:\Program Files\Microsoft Visual Studio 10.0\VC\include\cmath(20): error C2059: syntax error : ';' [C:\Users\skinny\projects\lightspark\llvm\CMakeFiles\CMakeTmp\cmTryCompileExec.vcxproj]
C:\Program Files\Microsoft Visual Studio 10.0\VC\include\cmath(20): error C2061: syntax error : identifier 'atan2f' [C:\Users\skinny\projects\lightspark\llvm\CMakeFiles\CMakeTmp\cmTryCompileExec.vcxproj]
C:\Program Files\Microsoft Visual Studio 10.0\VC\include\cmath(20): error C2059: syntax error : ';' [C:\Users\skinny\projects\lightspark\llvm\CMakeFiles\CMakeTmp\cmTryCompileExec.vcxproj]
C:\Program Files\Microsoft Visual Studio 10.0\VC\include\cmath(20): error C2061: syntax error : identifier 'ceilf' [C:\Users\skinny\projects\lightspark\llvm\CMakeFiles\CMakeTmp\cmTryCompileExec.vcxproj]
C:\Program Files\Microsoft Visual Studio 10.0\VC\include\cmath(20): error C2059: syntax error : ';' [C:\Users\skinny\projects\lightspark\llvm\CMakeFiles\CMakeTmp\cmTryCompileExec.vcxproj]
C:\Program Files\Microsoft Visual Studio 10.0\VC\include\cmath(21): error C2061: syntax error : identifier 'cosf' [C:\Users\skinny\projects\lightspark\llvm\CMakeFiles\CMakeTmp\cmTryCompileExec.vcxproj]
C:\Program Files\Microsoft Visual Studio 10.0\VC\include\cmath(21): error C2059: syntax error : ';' [C:\Users\skinny\projects\lightspark\llvm\CMakeFiles\CMakeTmp\cmTryCompileExec.vcxproj]
C:\Program Files\Microsoft Visual Studio 10.0\VC\include\cmath(21): error C2061: syntax error : identifier 'coshf' [C:\Users\skinny\projects\lightspark\llvm\CMakeFiles\CMakeTmp\cmTryCompileExec.vcxproj]
C:\Program Files\Microsoft Visual Studio 10.0\VC\include\cmath(21): error C2059: syntax error : ';' [C:\Users\skinny\projects\lightspark\llvm\CMakeFiles\CMakeTmp\cmTryCompileExec.vcxproj]
C:\Program Files\Microsoft Visual Studio 10.0\VC\include\cmath(21): error C2061: syntax error : identifier 'expf' [C:\Users\skinny\projects\lightspark\llvm\CMakeFiles\CMakeTmp\cmTryCompileExec.vcxproj]
C:\Program Files\Microsoft Visual Studio 10.0\VC\include\cmath(21): error C2059: syntax error : ';' [C:\Users\skinny\projects\lightspark\llvm\CMakeFiles\CMakeTmp\cmTryCompileExec.vcxproj]
C:\Program Files\Microsoft Visual Studio 10.0\VC\include\cmath(22): error C2061: syntax error : identifier 'fabsf' [C:\Users\skinny\projects\lightspark\llvm\CMakeFiles\CMakeTmp\cmTryCompileExec.vcxproj]
C:\Program Files\Microsoft Visual Studio 10.0\VC\include\cmath(22): error C2059: syntax error : ';' [C:\Users\skinny\projects\lightspark\llvm\CMakeFiles\CMakeTmp\cmTryCompileExec.vcxproj]
C:\Program Files\Microsoft Visual Studio 10.0\VC\include\cmath(22): error C2061: syntax error : identifier 'floorf' [C:\Users\skinny\projects\lightspark\llvm\CMakeFiles\CMakeTmp\cmTryCompileExec.vcxproj]
C:\Program Files\Microsoft Visual Studio 10.0\VC\include\cmath(22): error C2059: syntax error : ';' [C:\Users\skinny\projects\lightspark\llvm\CMakeFiles\CMakeTmp\cmTryCompileExec.vcxproj]
C:\Program Files\Microsoft Visual Studio 10.0\VC\include\cmath(22): error C2061: syntax error : identifier 'fmodf' [C:\Users\skinny\projects\lightspark\llvm\CMakeFiles\CMakeTmp\cmTryCompileExec.vcxproj]
C:\Program Files\Microsoft Visual Studio 10.0\VC\include\cmath(22): error C2059: syntax error : ';' [C:\Users\skinny\projects\lightspark\llvm\CMakeFiles\CMakeTmp\cmTryCompileExec.vcxproj]
C:\Program Files\Microsoft Visual Studio 10.0\VC\include\cmath(23): error C2061: syntax error : identifier 'frexpf' [C:\Users\skinny\projects\lightspark\llvm\CMakeFiles\CMakeTmp\cmTryCompileExec.vcxproj]
C:\Program Files\Microsoft Visual Studio 10.0\VC\include\cmath(23): error C2059: syntax error : ';' [C:\Users\skinny\projects\lightspark\llvm\CMakeFiles\CMakeTmp\cmTryCompileExec.vcxproj]
C:\Program Files\Microsoft Visual Studio 10.0\VC\include\cmath(23): error C2061: syntax error : identifier 'ldexpf' [C:\Users\skinny\projects\lightspark\llvm\CMakeFiles\CMakeTmp\cmTryCompileExec.vcxproj]
C:\Program Files\Microsoft Visual Studio 10.0\VC\include\cmath(23): error C2059: syntax error : ';' [C:\Users\skinny\projects\lightspark\llvm\CMakeFiles\CMakeTmp\cmTryCompileExec.vcxproj]
C:\Program Files\Microsoft Visual Studio 10.0\VC\include\cmath(23): error C2061: syntax error : identifier 'logf' [C:\Users\skinny\projects\lightspark\llvm\CMakeFiles\CMakeTmp\cmTryCompileExec.vcxproj]
C:\Program Files\Microsoft Visual Studio 10.0\VC\include\cmath(23): error C2059: syntax error : ';' [C:\Users\skinny\projects\lightspark\llvm\CMakeFiles\CMakeTmp\cmTryCompileExec.vcxproj]
C:\Program Files\Microsoft Visual Studio 10.0\VC\include\cmath(24): error C2061: syntax error : identifier 'log10f' [C:\Users\skinny\projects\lightspark\llvm\CMakeFiles\CMakeTmp\cmTryCompileExec.vcxproj]
C:\Program Files\Microsoft Visual Studio 10.0\VC\include\cmath(24): error C2059: syntax error : ';' [C:\Users\skinny\projects\lightspark\llvm\CMakeFiles\CMakeTmp\cmTryCompileExec.vcxproj]
C:\Program Files\Microsoft Visual Studio 10.0\VC\include\cmath(24): error C2061: syntax error : identifier 'modff' [C:\Users\skinny\projects\lightspark\llvm\CMakeFiles\CMakeTmp\cmTryCompileExec.vcxproj]
C:\Program Files\Microsoft Visual Studio 10.0\VC\include\cmath(24): error C2059: syntax error : ';' [C:\Users\skinny\projects\lightspark\llvm\CMakeFiles\CMakeTmp\cmTryCompileExec.vcxproj]
C:\Program Files\Microsoft Visual Studio 10.0\VC\include\cmath(24): error C2061: syntax error : identifier 'powf' [C:\Users\skinny\projects\lightspark\llvm\CMakeFiles\CMakeTmp\cmTryCompileExec.vcxproj]
C:\Program Files\Microsoft Visual Studio 10.0\VC\include\cmath(24): error C2059: syntax error : ';' [C:\Users\skinny\projects\lightspark\llvm\CMakeFiles\CMakeTmp\cmTryCompileExec.vcxproj]
C:\Program Files\Microsoft Visual Studio 10.0\VC\include\cmath(25): error C2061: syntax error : identifier 'sinf' [C:\Users\skinny\projects\lightspark\llvm\CMakeFiles\CMakeTmp\cmTryCompileExec.vcxproj]
C:\Program Files\Microsoft Visual Studio 10.0\VC\include\cmath(25): error C2059: syntax error : ';' [C:\Users\skinny\projects\lightspark\llvm\CMakeFiles\CMakeTmp\cmTryCompileExec.vcxproj]
C:\Program Files\Microsoft Visual Studio 10.0\VC\include\cmath(25): error C2061: syntax error : identifier 'sinhf' [C:\Users\skinny\projects\lightspark\llvm\CMakeFiles\CMakeTmp\cmTryCompileExec.vcxproj]
C:\Program Files\Microsoft Visual Studio 10.0\VC\include\cmath(25): error C2059: syntax error : ';' [C:\Users\skinny\projects\lightspark\llvm\CMakeFiles\CMakeTmp\cmTryCompileExec.vcxproj]
C:\Program Files\Microsoft Visual Studio 10.0\VC\include\cmath(25): error C2061: syntax error : identifier 'sqrtf' [C:\Users\skinny\projects\lightspark\llvm\CMakeFiles\CMakeTmp\cmTryCompileExec.vcxproj]
C:\Program Files\Microsoft Visual Studio 10.0\VC\include\cmath(25): error C2059: syntax error : ';' [C:\Users\skinny\projects\lightspark\llvm\CMakeFiles\CMakeTmp\cmTryCompileExec.vcxproj]
C:\Program Files\Microsoft Visual Studio 10.0\VC\include\cmath(26): error C2061: syntax error : identifier 'tanf' [C:\Users\skinny\projects\lightspark\llvm\CMakeFiles\CMakeTmp\cmTryCompileExec.vcxproj]
C:\Program Files\Microsoft Visual Studio 10.0\VC\include\cmath(26): error C2059: syntax error : ';' [C:\Users\skinny\projects\lightspark\llvm\CMakeFiles\CMakeTmp\cmTryCompileExec.vcxproj]
C:\Program Files\Microsoft Visual Studio 10.0\VC\include\cmath(26): error C2061: syntax error : identifier 'tanhf' [C:\Users\skinny\projects\lightspark\llvm\CMakeFiles\CMakeTmp\cmTryCompileExec.vcxproj]
C:\Program Files\Microsoft Visual Studio 10.0\VC\include\cmath(26): error C2059: syntax error : ';' [C:\Users\skinny\projects\lightspark\llvm\CMakeFiles\CMakeTmp\cmTryCompileExec.vcxproj]
C:\Program Files\Microsoft Visual Studio 10.0\VC\include\cmath(28): error C2061: syntax error : identifier 'acosl' [C:\Users\skinny\projects\lightspark\llvm\CMakeFiles\CMakeTmp\cmTryCompileExec.vcxproj]
C:\Program Files\Microsoft Visual Studio 10.0\VC\include\cmath(28): error C2059: syntax error : ';' [C:\Users\skinny\projects\lightspark\llvm\CMakeFiles\CMakeTmp\cmTryCompileExec.vcxproj]
C:\Program Files\Microsoft Visual Studio 10.0\VC\include\cmath(28): error C2061: syntax error : identifier 'asinl' [C:\Users\skinny\projects\lightspark\llvm\CMakeFiles\CMakeTmp\cmTryCompileExec.vcxproj]
C:\Program Files\Microsoft Visual Studio 10.0\VC\include\cmath(28): error C2059: syntax error : ';' [C:\Users\skinny\projects\lightspark\llvm\CMakeFiles\CMakeTmp\cmTryCompileExec.vcxproj]
C:\Program Files\Microsoft Visual Studio 10.0\VC\include\cmath(29): error C2061: syntax error : identifier 'atanl' [C:\Users\skinny\projects\lightspark\llvm\CMakeFiles\CMakeTmp\cmTryCompileExec.vcxproj]
C:\Program Files\Microsoft Visual Studio 10.0\VC\include\cmath(29): error C2059: syntax error : ';' [C:\Users\skinny\projects\lightspark\llvm\CMakeFiles\CMakeTmp\cmTryCompileExec.vcxproj]
C:\Program Files\Microsoft Visual Studio 10.0\VC\include\cmath(29): error C2061: syntax error : identifier 'atan2l' [C:\Users\skinny\projects\lightspark\llvm\CMakeFiles\CMakeTmp\cmTryCompileExec.vcxproj]
C:\Program Files\Microsoft Visual Studio 10.0\VC\include\cmath(29): error C2059: syntax error : ';' [C:\Users\skinny\projects\lightspark\llvm\CMakeFiles\CMakeTmp\cmTryCompileExec.vcxproj]
C:\Program Files\Microsoft Visual Studio 10.0\VC\include\cmath(29): error C2061: syntax error : identifier 'ceill' [C:\Users\skinny\projects\lightspark\llvm\CMakeFiles\CMakeTmp\cmTryCompileExec.vcxproj]
C:\Program Files\Microsoft Visual Studio 10.0\VC\include\cmath(29): error C2059: syntax error : ';' [C:\Users\skinny\projects\lightspark\llvm\CMakeFiles\CMakeTmp\cmTryCompileExec.vcxproj]
C:\Program Files\Microsoft Visual Studio 10.0\VC\include\cmath(30): error C2061: syntax error : identifier 'cosl' [C:\Users\skinny\projects\lightspark\llvm\CMakeFiles\CMakeTmp\cmTryCompileExec.vcxproj]
C:\Program Files\Microsoft Visual Studio 10.0\VC\include\cmath(30): error C2059: syntax error : ';' [C:\Users\skinny\projects\lightspark\llvm\CMakeFiles\CMakeTmp\cmTryCompileExec.vcxproj]
C:\Program Files\Microsoft Visual Studio 10.0\VC\include\cmath(30): error C2061: syntax error : identifier 'coshl' [C:\Users\skinny\projects\lightspark\llvm\CMakeFiles\CMakeTmp\cmTryCompileExec.vcxproj]
C:\Program Files\Microsoft Visual Studio 10.0\VC\include\cmath(30): error C2059: syntax error : ';' [C:\Users\skinny\projects\lightspark\llvm\CMakeFiles\CMakeTmp\cmTryCompileExec.vcxproj]
C:\Program Files\Microsoft Visual Studio 10.0\VC\include\cmath(30): error C2061: syntax error : identifier 'expl' [C:\Users\skinny\projects\lightspark\llvm\CMakeFiles\CMakeTmp\cmTryCompileExec.vcxproj]
C:\Program Files\Microsoft Visual Studio 10.0\VC\include\cmath(30): error C2059: syntax error : ';' [C:\Users\skinny\projects\lightspark\llvm\CMakeFiles\CMakeTmp\cmTryCompileExec.vcxproj]
C:\Program Files\Microsoft Visual Studio 10.0\VC\include\cmath(31): error C2061: syntax error : identifier 'fabsl' [C:\Users\skinny\projects\lightspark\llvm\CMakeFiles\CMakeTmp\cmTryCompileExec.vcxproj]
C:\Program Files\Microsoft Visual Studio 10.0\VC\include\cmath(31): error C2059: syntax error : ';' [C:\Users\skinny\projects\lightspark\llvm\CMakeFiles\CMakeTmp\cmTryCompileExec.vcxproj]
C:\Program Files\Microsoft Visual Studio 10.0\VC\include\cmath(31): error C2061: syntax error : identifier 'floorl' [C:\Users\skinny\projects\lightspark\llvm\CMakeFiles\CMakeTmp\cmTryCompileExec.vcxproj]
C:\Program Files\Microsoft Visual Studio 10.0\VC\include\cmath(31): error C2059: syntax error : ';' [C:\Users\skinny\projects\lightspark\llvm\CMakeFiles\CMakeTmp\cmTryCompileExec.vcxproj]
C:\Program Files\Microsoft Visual Studio 10.0\VC\include\cmath(31): error C2061: syntax error : identifier 'fmodl' [C:\Users\skinny\projects\lightspark\llvm\CMakeFiles\CMakeTmp\cmTryCompileExec.vcxproj]
C:\Program Files\Microsoft Visual Studio 10.0\VC\include\cmath(31): error C2059: syntax error : ';' [C:\Users\skinny\projects\lightspark\llvm\CMakeFiles\CMakeTmp\cmTryCompileExec.vcxproj]
C:\Program Files\Microsoft Visual Studio 10.0\VC\include\cmath(32): error C2061: syntax error : identifier 'frexpl' [C:\Users\skinny\projects\lightspark\llvm\CMakeFiles\CMakeTmp\cmTryCompileExec.vcxproj]
C:\Program Files\Microsoft Visual Studio 10.0\VC\include\cmath(32): error C2059: syntax error : ';' [C:\Users\skinny\projects\lightspark\llvm\CMakeFiles\CMakeTmp\cmTryCompileExec.vcxproj]
C:\Program Files\Microsoft Visual Studio 10.0\VC\include\cmath(32): error C2061: syntax error : identifier 'ldexpl' [C:\Users\skinny\projects\lightspark\llvm\CMakeFiles\CMakeTmp\cmTryCompileExec.vcxproj]
C:\Program Files\Microsoft Visual Studio 10.0\VC\include\cmath(32): error C2059: syntax error : ';' [C:\Users\skinny\projects\lightspark\llvm\CMakeFiles\CMakeTmp\cmTryCompileExec.vcxproj]
C:\Program Files\Microsoft Visual Studio 10.0\VC\include\cmath(32): error C2061: syntax error : identifier 'logl' [C:\Users\skinny\projects\lightspark\llvm\CMakeFiles\CMakeTmp\cmTryCompileExec.vcxproj]
C:\Program Files\Microsoft Visual Studio 10.0\VC\include\cmath(32): error C2059: syntax error : ';' [C:\Users\skinny\projects\lightspark\llvm\CMakeFiles\CMakeTmp\cmTryCompileExec.vcxproj]
C:\Program Files\Microsoft Visual Studio 10.0\VC\include\cmath(33): error C2061: syntax error : identifier 'log10l' [C:\Users\skinny\projects\lightspark\llvm\CMakeFiles\CMakeTmp\cmTryCompileExec.vcxproj]
C:\Program Files\Microsoft Visual Studio 10.0\VC\include\cmath(33): error C2059: syntax error : ';' [C:\Users\skinny\projects\lightspark\llvm\CMakeFiles\CMakeTmp\cmTryCompileExec.vcxproj]
C:\Program Files\Microsoft Visual Studio 10.0\VC\include\cmath(33): error C2061: syntax error : identifier 'modfl' [C:\Users\skinny\projects\lightspark\llvm\CMakeFiles\CMakeTmp\cmTryCompileExec.vcxproj]
C:\Program Files\Microsoft Visual Studio 10.0\VC\include\cmath(33): error C2059: syntax error : ';' [C:\Users\skinny\projects\lightspark\llvm\CMakeFiles\CMakeTmp\cmTryCompileExec.vcxproj]
C:\Program Files\Microsoft Visual Studio 10.0\VC\include\cmath(33): error C2061: syntax error : identifier 'powl' [C:\Users\skinny\projects\lightspark\llvm\CMakeFiles\CMakeTmp\cmTryCompileExec.vcxproj]
C:\Program Files\Microsoft Visual Studio 10.0\VC\include\cmath(33): error C2059: syntax error : ';' [C:\Users\skinny\projects\lightspark\llvm\CMakeFiles\CMakeTmp\cmTryCompileExec.vcxproj]
C:\Program Files\Microsoft Visual Studio 10.0\VC\include\cmath(34): error C2061: syntax error : identifier 'sinl' [C:\Users\skinny\projects\lightspark\llvm\CMakeFiles\CMakeTmp\cmTryCompileExec.vcxproj]
C:\Program Files\Microsoft Visual Studio 10.0\VC\include\cmath(34): error C2059: syntax error : ';' [C:\Users\skinny\projects\lightspark\llvm\CMakeFiles\CMakeTmp\cmTryCompileExec.vcxproj]
C:\Program Files\Microsoft Visual Studio 10.0\VC\include\cmath(34): error C2061: syntax error : identifier 'sinhl' [C:\Users\skinny\projects\lightspark\llvm\CMakeFiles\CMakeTmp\cmTryCompileExec.vcxproj]
C:\Program Files\Microsoft Visual Studio 10.0\VC\include\cmath(34): error C2059: syntax error : ';' [C:\Users\skinny\projects\lightspark\llvm\CMakeFiles\CMakeTmp\cmTryCompileExec.vcxproj]
C:\Program Files\Microsoft Visual Studio 10.0\VC\include\cmath(34): error C2061: syntax error : identifier 'sqrtl' [C:\Users\skinny\projects\lightspark\llvm\CMakeFiles\CMakeTmp\cmTryCompileExec.vcxproj]
C:\Program Files\Microsoft Visual Studio 10.0\VC\include\cmath(34): error C2059: syntax error : ';' [C:\Users\skinny\projects\lightspark\llvm\CMakeFiles\CMakeTmp\cmTryCompileExec.vcxproj]
C:\Program Files\Microsoft Visual Studio 10.0\VC\include\cmath(35): error C2061: syntax error : identifier 'tanl' [C:\Users\skinny\projects\lightspark\llvm\CMakeFiles\CMakeTmp\cmTryCompileExec.vcxproj]
C:\Program Files\Microsoft Visual Studio 10.0\VC\include\cmath(35): error C2059: syntax error : ';' [C:\Users\skinny\projects\lightspark\llvm\CMakeFiles\CMakeTmp\cmTryCompileExec.vcxproj]
C:\Program Files\Microsoft Visual Studio 10.0\VC\include\cmath(35): error C2061: syntax error : identifier 'tanhl' [C:\Users\skinny\projects\lightspark\llvm\CMakeFiles\CMakeTmp\cmTryCompileExec.vcxproj]
C:\Program Files\Microsoft Visual Studio 10.0\VC\include\cmath(35): error C2059: syntax error : ';' [C:\Users\skinny\projects\lightspark\llvm\CMakeFiles\CMakeTmp\cmTryCompileExec.vcxproj]
C:\Program Files\Microsoft Visual Studio 10.0\VC\include\cmath(37): error C2061: syntax error : identifier 'abs' [C:\Users\skinny\projects\lightspark\llvm\CMakeFiles\CMakeTmp\cmTryCompileExec.vcxproj]
C:\Program Files\Microsoft Visual Studio 10.0\VC\include\cmath(37): error C2059: syntax error : ';' [C:\Users\skinny\projects\lightspark\llvm\CMakeFiles\CMakeTmp\cmTryCompileExec.vcxproj]
C:\Program Files\Microsoft Visual Studio 10.0\VC\include\cmath(39): error C2061: syntax error : identifier 'acos' [C:\Users\skinny\projects\lightspark\llvm\CMakeFiles\CMakeTmp\cmTryCompileExec.vcxproj]
C:\Program Files\Microsoft Visual Studio 10.0\VC\include\cmath(39): error C2059: syntax error : ';' [C:\Users\skinny\projects\lightspark\llvm\CMakeFiles\CMakeTmp\cmTryCompileExec.vcxproj]
C:\Program Files\Microsoft Visual Studio 10.0\VC\include\cmath(39): error C2061: syntax error : identifier 'asin' [C:\Users\skinny\projects\lightspark\llvm\CMakeFiles\CMakeTmp\cmTryCompileExec.vcxproj]
C:\Program Files\Microsoft Visual Studio 10.0\VC\include\cmath(39): error C2059: syntax error : ';' [C:\Users\skinny\projects\lightspark\llvm\CMakeFiles\CMakeTmp\cmTryCompileExec.vcxproj]
C:\Program Files\Microsoft Visual Studio 10.0\VC\include\cmath(40): error C2061: syntax error : identifier 'atan' [C:\Users\skinny\projects\lightspark\llvm\CMakeFiles\CMakeTmp\cmTryCompileExec.vcxproj]
C:\Program Files\Microsoft Visual Studio 10.0\VC\include\cmath(40): error C2059: syntax error : ';' [C:\Users\skinny\projects\lightspark\llvm\CMakeFiles\CMakeTmp\cmTryCompileExec.vcxproj]
C:\Program Files\Microsoft Visual Studio 10.0\VC\include\cmath(40): error C2061: syntax error : identifier 'atan2' [C:\Users\skinny\projects\lightspark\llvm\CMakeFiles\CMakeTmp\cmTryCompileExec.vcxproj]
C:\Program Files\Microsoft Visual Studio 10.0\VC\include\cmath(40): error C2059: syntax error : ';' [C:\Users\skinny\projects\lightspark\llvm\CMakeFiles\CMakeTmp\cmTryCompileExec.vcxproj]
C:\Program Files\Microsoft Visual Studio 10.0\VC\include\cmath(40): error C2061: syntax error : identifier 'ceil' [C:\Users\skinny\projects\lightspark\llvm\CMakeFiles\CMakeTmp\cmTryCompileExec.vcxproj]
C:\Program Files\Microsoft Visual Studio 10.0\VC\include\cmath(40): error C2059: syntax error : ';' [C:\Users\skinny\projects\lightspark\llvm\CMakeFiles\CMakeTmp\cmTryCompileExec.vcxproj]
C:\Program Files\Microsoft Visual Studio 10.0\VC\include\cmath(41): error C2061: syntax error : identifier 'cos' [C:\Users\skinny\projects\lightspark\llvm\CMakeFiles\CMakeTmp\cmTryCompileExec.vcxproj]
C:\Program Files\Microsoft Visual Studio 10.0\VC\include\cmath(41): fatal error C1003: error count exceeds 100; stopping compilation [C:\Users\skinny\projects\lightspark\llvm\CMakeFiles\CMakeTmp\cmTryCompileExec.vcxproj]
Done Building Project "C:\Users\skinny\projects\lightspark\llvm\CMakeFiles\CMakeTmp\cmTryCompileExec.vcxproj" (default targets) -- FAILED.

Build FAILED.

"C:\Users\skinny\projects\lightspark\llvm\CMakeFiles\CMakeTmp\cmTryCompileExec.vcxproj" (default target) (1) ->
(ClCompile target) -> 
  cl : Command line warning D9035: option 'nologo-' has been deprecated and will be removed in a future release [C:\Users\skinny\projects\lightspark\llvm\CMakeFiles\CMakeTmp\cmTryCompileExec.vcxproj]


"C:\Users\skinny\projects\lightspark\llvm\CMakeFiles\CMakeTmp\cmTryCompileExec.vcxproj" (default target) (1) ->
(ClCompile target) -> 
  C:\Program Files\Microsoft Visual Studio 10.0\VC\include\cmath(19): error C2061: syntax error : identifier 'acosf' [C:\Users\skinny\projects\lightspark\llvm\CMakeFiles\CMakeTmp\cmTryCompileExec.vcxproj]
  C:\Program Files\Microsoft Visual Studio 10.0\VC\include\cmath(19): error C2059: syntax error : ';' [C:\Users\skinny\projects\lightspark\llvm\CMakeFiles\CMakeTmp\cmTryCompileExec.vcxproj]
  C:\Program Files\Microsoft Visual Studio 10.0\VC\include\cmath(19): error C2061: syntax error : identifier 'asinf' [C:\Users\skinny\projects\lightspark\llvm\CMakeFiles\CMakeTmp\cmTryCompileExec.vcxproj]
  C:\Program Files\Microsoft Visual Studio 10.0\VC\include\cmath(19): error C2059: syntax error : ';' [C:\Users\skinny\projects\lightspark\llvm\CMakeFiles\CMakeTmp\cmTryCompileExec.vcxproj]
  C:\Program Files\Microsoft Visual Studio 10.0\VC\include\cmath(20): error C2061: syntax error : identifier 'atanf' [C:\Users\skinny\projects\lightspark\llvm\CMakeFiles\CMakeTmp\cmTryCompileExec.vcxproj]
  C:\Program Files\Microsoft Visual Studio 10.0\VC\include\cmath(20): error C2059: syntax error : ';' [C:\Users\skinny\projects\lightspark\llvm\CMakeFiles\CMakeTmp\cmTryCompileExec.vcxproj]
  C:\Program Files\Microsoft Visual Studio 10.0\VC\include\cmath(20): error C2061: syntax error : identifier 'atan2f' [C:\Users\skinny\projects\lightspark\llvm\CMakeFiles\CMakeTmp\cmTryCompileExec.vcxproj]
  C:\Program Files\Microsoft Visual Studio 10.0\VC\include\cmath(20): error C2059: syntax error : ';' [C:\Users\skinny\projects\lightspark\llvm\CMakeFiles\CMakeTmp\cmTryCompileExec.vcxproj]
  C:\Program Files\Microsoft Visual Studio 10.0\VC\include\cmath(20): error C2061: syntax error : identifier 'ceilf' [C:\Users\skinny\projects\lightspark\llvm\CMakeFiles\CMakeTmp\cmTryCompileExec.vcxproj]
  C:\Program Files\Microsoft Visual Studio 10.0\VC\include\cmath(20): error C2059: syntax error : ';' [C:\Users\skinny\projects\lightspark\llvm\CMakeFiles\CMakeTmp\cmTryCompileExec.vcxproj]
  C:\Program Files\Microsoft Visual Studio 10.0\VC\include\cmath(21): error C2061: syntax error : identifier 'cosf' [C:\Users\skinny\projects\lightspark\llvm\CMakeFiles\CMakeTmp\cmTryCompileExec.vcxproj]
  C:\Program Files\Microsoft Visual Studio 10.0\VC\include\cmath(21): error C2059: syntax error : ';' [C:\Users\skinny\projects\lightspark\llvm\CMakeFiles\CMakeTmp\cmTryCompileExec.vcxproj]
  C:\Program Files\Microsoft Visual Studio 10.0\VC\include\cmath(21): error C2061: syntax error : identifier 'coshf' [C:\Users\skinny\projects\lightspark\llvm\CMakeFiles\CMakeTmp\cmTryCompileExec.vcxproj]
  C:\Program Files\Microsoft Visual Studio 10.0\VC\include\cmath(21): error C2059: syntax error : ';' [C:\Users\skinny\projects\lightspark\llvm\CMakeFiles\CMakeTmp\cmTryCompileExec.vcxproj]
  C:\Program Files\Microsoft Visual Studio 10.0\VC\include\cmath(21): error C2061: syntax error : identifier 'expf' [C:\Users\skinny\projects\lightspark\llvm\CMakeFiles\CMakeTmp\cmTryCompileExec.vcxproj]
  C:\Program Files\Microsoft Visual Studio 10.0\VC\include\cmath(21): error C2059: syntax error : ';' [C:\Users\skinny\projects\lightspark\llvm\CMakeFiles\CMakeTmp\cmTryCompileExec.vcxproj]
  C:\Program Files\Microsoft Visual Studio 10.0\VC\include\cmath(22): error C2061: syntax error : identifier 'fabsf' [C:\Users\skinny\projects\lightspark\llvm\CMakeFiles\CMakeTmp\cmTryCompileExec.vcxproj]
  C:\Program Files\Microsoft Visual Studio 10.0\VC\include\cmath(22): error C2059: syntax error : ';' [C:\Users\skinny\projects\lightspark\llvm\CMakeFiles\CMakeTmp\cmTryCompileExec.vcxproj]
  C:\Program Files\Microsoft Visual Studio 10.0\VC\include\cmath(22): error C2061: syntax error : identifier 'floorf' [C:\Users\skinny\projects\lightspark\llvm\CMakeFiles\CMakeTmp\cmTryCompileExec.vcxproj]
  C:\Program Files\Microsoft Visual Studio 10.0\VC\include\cmath(22): error C2059: syntax error : ';' [C:\Users\skinny\projects\lightspark\llvm\CMakeFiles\CMakeTmp\cmTryCompileExec.vcxproj]
  C:\Program Files\Microsoft Visual Studio 10.0\VC\include\cmath(22): error C2061: syntax error : identifier 'fmodf' [C:\Users\skinny\projects\lightspark\llvm\CMakeFiles\CMakeTmp\cmTryCompileExec.vcxproj]
  C:\Program Files\Microsoft Visual Studio 10.0\VC\include\cmath(22): error C2059: syntax error : ';' [C:\Users\skinny\projects\lightspark\llvm\CMakeFiles\CMakeTmp\cmTryCompileExec.vcxproj]
  C:\Program Files\Microsoft Visual Studio 10.0\VC\include\cmath(23): error C2061: syntax error : identifier 'frexpf' [C:\Users\skinny\projects\lightspark\llvm\CMakeFiles\CMakeTmp\cmTryCompileExec.vcxproj]
  C:\Program Files\Microsoft Visual Studio 10.0\VC\include\cmath(23): error C2059: syntax error : ';' [C:\Users\skinny\projects\lightspark\llvm\CMakeFiles\CMakeTmp\cmTryCompileExec.vcxproj]
  C:\Program Files\Microsoft Visual Studio 10.0\VC\include\cmath(23): error C2061: syntax error : identifier 'ldexpf' [C:\Users\skinny\projects\lightspark\llvm\CMakeFiles\CMakeTmp\cmTryCompileExec.vcxproj]
  C:\Program Files\Microsoft Visual Studio 10.0\VC\include\cmath(23): error C2059: syntax error : ';' [C:\Users\skinny\projects\lightspark\llvm\CMakeFiles\CMakeTmp\cmTryCompileExec.vcxproj]
  C:\Program Files\Microsoft Visual Studio 10.0\VC\include\cmath(23): error C2061: syntax error : identifier 'logf' [C:\Users\skinny\projects\lightspark\llvm\CMakeFiles\CMakeTmp\cmTryCompileExec.vcxproj]
  C:\Program Files\Microsoft Visual Studio 10.0\VC\include\cmath(23): error C2059: syntax error : ';' [C:\Users\skinny\projects\lightspark\llvm\CMakeFiles\CMakeTmp\cmTryCompileExec.vcxproj]
  C:\Program Files\Microsoft Visual Studio 10.0\VC\include\cmath(24): error C2061: syntax error : identifier 'log10f' [C:\Users\skinny\projects\lightspark\llvm\CMakeFiles\CMakeTmp\cmTryCompileExec.vcxproj]
  C:\Program Files\Microsoft Visual Studio 10.0\VC\include\cmath(24): error C2059: syntax error : ';' [C:\Users\skinny\projects\lightspark\llvm\CMakeFiles\CMakeTmp\cmTryCompileExec.vcxproj]
  C:\Program Files\Microsoft Visual Studio 10.0\VC\include\cmath(24): error C2061: syntax error : identifier 'modff' [C:\Users\skinny\projects\lightspark\llvm\CMakeFiles\CMakeTmp\cmTryCompileExec.vcxproj]
  C:\Program Files\Microsoft Visual Studio 10.0\VC\include\cmath(24): error C2059: syntax error : ';' [C:\Users\skinny\projects\lightspark\llvm\CMakeFiles\CMakeTmp\cmTryCompileExec.vcxproj]
  C:\Program Files\Microsoft Visual Studio 10.0\VC\include\cmath(24): error C2061: syntax error : identifier 'powf' [C:\Users\skinny\projects\lightspark\llvm\CMakeFiles\CMakeTmp\cmTryCompileExec.vcxproj]
  C:\Program Files\Microsoft Visual Studio 10.0\VC\include\cmath(24): error C2059: syntax error : ';' [C:\Users\skinny\projects\lightspark\llvm\CMakeFiles\CMakeTmp\cmTryCompileExec.vcxproj]
  C:\Program Files\Microsoft Visual Studio 10.0\VC\include\cmath(25): error C2061: syntax error : identifier 'sinf' [C:\Users\skinny\projects\lightspark\llvm\CMakeFiles\CMakeTmp\cmTryCompileExec.vcxproj]
  C:\Program Files\Microsoft Visual Studio 10.0\VC\include\cmath(25): error C2059: syntax error : ';' [C:\Users\skinny\projects\lightspark\llvm\CMakeFiles\CMakeTmp\cmTryCompileExec.vcxproj]
  C:\Program Files\Microsoft Visual Studio 10.0\VC\include\cmath(25): error C2061: syntax error : identifier 'sinhf' [C:\Users\skinny\projects\lightspark\llvm\CMakeFiles\CMakeTmp\cmTryCompileExec.vcxproj]
  C:\Program Files\Microsoft Visual Studio 10.0\VC\include\cmath(25): error C2059: syntax error : ';' [C:\Users\skinny\projects\lightspark\llvm\CMakeFiles\CMakeTmp\cmTryCompileExec.vcxproj]
  C:\Program Files\Microsoft Visual Studio 10.0\VC\include\cmath(25): error C2061: syntax error : identifier 'sqrtf' [C:\Users\skinny\projects\lightspark\llvm\CMakeFiles\CMakeTmp\cmTryCompileExec.vcxproj]
  C:\Program Files\Microsoft Visual Studio 10.0\VC\include\cmath(25): error C2059: syntax error : ';' [C:\Users\skinny\projects\lightspark\llvm\CMakeFiles\CMakeTmp\cmTryCompileExec.vcxproj]
  C:\Program Files\Microsoft Visual Studio 10.0\VC\include\cmath(26): error C2061: syntax error : identifier 'tanf' [C:\Users\skinny\projects\lightspark\llvm\CMakeFiles\CMakeTmp\cmTryCompileExec.vcxproj]
  C:\Program Files\Microsoft Visual Studio 10.0\VC\include\cmath(26): error C2059: syntax error : ';' [C:\Users\skinny\projects\lightspark\llvm\CMakeFiles\CMakeTmp\cmTryCompileExec.vcxproj]
  C:\Program Files\Microsoft Visual Studio 10.0\VC\include\cmath(26): error C2061: syntax error : identifier 'tanhf' [C:\Users\skinny\projects\lightspark\llvm\CMakeFiles\CMakeTmp\cmTryCompileExec.vcxproj]
  C:\Program Files\Microsoft Visual Studio 10.0\VC\include\cmath(26): error C2059: syntax error : ';' [C:\Users\skinny\projects\lightspark\llvm\CMakeFiles\CMakeTmp\cmTryCompileExec.vcxproj]
  C:\Program Files\Microsoft Visual Studio 10.0\VC\include\cmath(28): error C2061: syntax error : identifier 'acosl' [C:\Users\skinny\projects\lightspark\llvm\CMakeFiles\CMakeTmp\cmTryCompileExec.vcxproj]
  C:\Program Files\Microsoft Visual Studio 10.0\VC\include\cmath(28): error C2059: syntax error : ';' [C:\Users\skinny\projects\lightspark\llvm\CMakeFiles\CMakeTmp\cmTryCompileExec.vcxproj]
  C:\Program Files\Microsoft Visual Studio 10.0\VC\include\cmath(28): error C2061: syntax error : identifier 'asinl' [C:\Users\skinny\projects\lightspark\llvm\CMakeFiles\CMakeTmp\cmTryCompileExec.vcxproj]
  C:\Program Files\Microsoft Visual Studio 10.0\VC\include\cmath(28): error C2059: syntax error : ';' [C:\Users\skinny\projects\lightspark\llvm\CMakeFiles\CMakeTmp\cmTryCompileExec.vcxproj]
  C:\Program Files\Microsoft Visual Studio 10.0\VC\include\cmath(29): error C2061: syntax error : identifier 'atanl' [C:\Users\skinny\projects\lightspark\llvm\CMakeFiles\CMakeTmp\cmTryCompileExec.vcxproj]
  C:\Program Files\Microsoft Visual Studio 10.0\VC\include\cmath(29): error C2059: syntax error : ';' [C:\Users\skinny\projects\lightspark\llvm\CMakeFiles\CMakeTmp\cmTryCompileExec.vcxproj]
  C:\Program Files\Microsoft Visual Studio 10.0\VC\include\cmath(29): error C2061: syntax error : identifier 'atan2l' [C:\Users\skinny\projects\lightspark\llvm\CMakeFiles\CMakeTmp\cmTryCompileExec.vcxproj]
  C:\Program Files\Microsoft Visual Studio 10.0\VC\include\cmath(29): error C2059: syntax error : ';' [C:\Users\skinny\projects\lightspark\llvm\CMakeFiles\CMakeTmp\cmTryCompileExec.vcxproj]
  C:\Program Files\Microsoft Visual Studio 10.0\VC\include\cmath(29): error C2061: syntax error : identifier 'ceill' [C:\Users\skinny\projects\lightspark\llvm\CMakeFiles\CMakeTmp\cmTryCompileExec.vcxproj]
  C:\Program Files\Microsoft Visual Studio 10.0\VC\include\cmath(29): error C2059: syntax error : ';' [C:\Users\skinny\projects\lightspark\llvm\CMakeFiles\CMakeTmp\cmTryCompileExec.vcxproj]
  C:\Program Files\Microsoft Visual Studio 10.0\VC\include\cmath(30): error C2061: syntax error : identifier 'cosl' [C:\Users\skinny\projects\lightspark\llvm\CMakeFiles\CMakeTmp\cmTryCompileExec.vcxproj]
  C:\Program Files\Microsoft Visual Studio 10.0\VC\include\cmath(30): error C2059: syntax error : ';' [C:\Users\skinny\projects\lightspark\llvm\CMakeFiles\CMakeTmp\cmTryCompileExec.vcxproj]
  C:\Program Files\Microsoft Visual Studio 10.0\VC\include\cmath(30): error C2061: syntax error : identifier 'coshl' [C:\Users\skinny\projects\lightspark\llvm\CMakeFiles\CMakeTmp\cmTryCompileExec.vcxproj]
  C:\Program Files\Microsoft Visual Studio 10.0\VC\include\cmath(30): error C2059: syntax error : ';' [C:\Users\skinny\projects\lightspark\llvm\CMakeFiles\CMakeTmp\cmTryCompileExec.vcxproj]
  C:\Program Files\Microsoft Visual Studio 10.0\VC\include\cmath(30): error C2061: syntax error : identifier 'expl' [C:\Users\skinny\projects\lightspark\llvm\CMakeFiles\CMakeTmp\cmTryCompileExec.vcxproj]
  C:\Program Files\Microsoft Visual Studio 10.0\VC\include\cmath(30): error C2059: syntax error : ';' [C:\Users\skinny\projects\lightspark\llvm\CMakeFiles\CMakeTmp\cmTryCompileExec.vcxproj]
  C:\Program Files\Microsoft Visual Studio 10.0\VC\include\cmath(31): error C2061: syntax error : identifier 'fabsl' [C:\Users\skinny\projects\lightspark\llvm\CMakeFiles\CMakeTmp\cmTryCompileExec.vcxproj]
  C:\Program Files\Microsoft Visual Studio 10.0\VC\include\cmath(31): error C2059: syntax error : ';' [C:\Users\skinny\projects\lightspark\llvm\CMakeFiles\CMakeTmp\cmTryCompileExec.vcxproj]
  C:\Program Files\Microsoft Visual Studio 10.0\VC\include\cmath(31): error C2061: syntax error : identifier 'floorl' [C:\Users\skinny\projects\lightspark\llvm\CMakeFiles\CMakeTmp\cmTryCompileExec.vcxproj]
  C:\Program Files\Microsoft Visual Studio 10.0\VC\include\cmath(31): error C2059: syntax error : ';' [C:\Users\skinny\projects\lightspark\llvm\CMakeFiles\CMakeTmp\cmTryCompileExec.vcxproj]
  C:\Program Files\Microsoft Visual Studio 10.0\VC\include\cmath(31): error C2061: syntax error : identifier 'fmodl' [C:\Users\skinny\projects\lightspark\llvm\CMakeFiles\CMakeTmp\cmTryCompileExec.vcxproj]
  C:\Program Files\Microsoft Visual Studio 10.0\VC\include\cmath(31): error C2059: syntax error : ';' [C:\Users\skinny\projects\lightspark\llvm\CMakeFiles\CMakeTmp\cmTryCompileExec.vcxproj]
  C:\Program Files\Microsoft Visual Studio 10.0\VC\include\cmath(32): error C2061: syntax error : identifier 'frexpl' [C:\Users\skinny\projects\lightspark\llvm\CMakeFiles\CMakeTmp\cmTryCompileExec.vcxproj]
  C:\Program Files\Microsoft Visual Studio 10.0\VC\include\cmath(32): error C2059: syntax error : ';' [C:\Users\skinny\projects\lightspark\llvm\CMakeFiles\CMakeTmp\cmTryCompileExec.vcxproj]
  C:\Program Files\Microsoft Visual Studio 10.0\VC\include\cmath(32): error C2061: syntax error : identifier 'ldexpl' [C:\Users\skinny\projects\lightspark\llvm\CMakeFiles\CMakeTmp\cmTryCompileExec.vcxproj]
  C:\Program Files\Microsoft Visual Studio 10.0\VC\include\cmath(32): error C2059: syntax error : ';' [C:\Users\skinny\projects\lightspark\llvm\CMakeFiles\CMakeTmp\cmTryCompileExec.vcxproj]
  C:\Program Files\Microsoft Visual Studio 10.0\VC\include\cmath(32): error C2061: syntax error : identifier 'logl' [C:\Users\skinny\projects\lightspark\llvm\CMakeFiles\CMakeTmp\cmTryCompileExec.vcxproj]
  C:\Program Files\Microsoft Visual Studio 10.0\VC\include\cmath(32): error C2059: syntax error : ';' [C:\Users\skinny\projects\lightspark\llvm\CMakeFiles\CMakeTmp\cmTryCompileExec.vcxproj]
  C:\Program Files\Microsoft Visual Studio 10.0\VC\include\cmath(33): error C2061: syntax error : identifier 'log10l' [C:\Users\skinny\projects\lightspark\llvm\CMakeFiles\CMakeTmp\cmTryCompileExec.vcxproj]
  C:\Program Files\Microsoft Visual Studio 10.0\VC\include\cmath(33): error C2059: syntax error : ';' [C:\Users\skinny\projects\lightspark\llvm\CMakeFiles\CMakeTmp\cmTryCompileExec.vcxproj]
  C:\Program Files\Microsoft Visual Studio 10.0\VC\include\cmath(33): error C2061: syntax error : identifier 'modfl' [C:\Users\skinny\projects\lightspark\llvm\CMakeFiles\CMakeTmp\cmTryCompileExec.vcxproj]
  C:\Program Files\Microsoft Visual Studio 10.0\VC\include\cmath(33): error C2059: syntax error : ';' [C:\Users\skinny\projects\lightspark\llvm\CMakeFiles\CMakeTmp\cmTryCompileExec.vcxproj]
  C:\Program Files\Microsoft Visual Studio 10.0\VC\include\cmath(33): error C2061: syntax error : identifier 'powl' [C:\Users\skinny\projects\lightspark\llvm\CMakeFiles\CMakeTmp\cmTryCompileExec.vcxproj]
  C:\Program Files\Microsoft Visual Studio 10.0\VC\include\cmath(33): error C2059: syntax error : ';' [C:\Users\skinny\projects\lightspark\llvm\CMakeFiles\CMakeTmp\cmTryCompileExec.vcxproj]
  C:\Program Files\Microsoft Visual Studio 10.0\VC\include\cmath(34): error C2061: syntax error : identifier 'sinl' [C:\Users\skinny\projects\lightspark\llvm\CMakeFiles\CMakeTmp\cmTryCompileExec.vcxproj]
  C:\Program Files\Microsoft Visual Studio 10.0\VC\include\cmath(34): error C2059: syntax error : ';' [C:\Users\skinny\projects\lightspark\llvm\CMakeFiles\CMakeTmp\cmTryCompileExec.vcxproj]
  C:\Program Files\Microsoft Visual Studio 10.0\VC\include\cmath(34): error C2061: syntax error : identifier 'sinhl' [C:\Users\skinny\projects\lightspark\llvm\CMakeFiles\CMakeTmp\cmTryCompileExec.vcxproj]
  C:\Program Files\Microsoft Visual Studio 10.0\VC\include\cmath(34): error C2059: syntax error : ';' [C:\Users\skinny\projects\lightspark\llvm\CMakeFiles\CMakeTmp\cmTryCompileExec.vcxproj]
  C:\Program Files\Microsoft Visual Studio 10.0\VC\include\cmath(34): error C2061: syntax error : identifier 'sqrtl' [C:\Users\skinny\projects\lightspark\llvm\CMakeFiles\CMakeTmp\cmTryCompileExec.vcxproj]
  C:\Program Files\Microsoft Visual Studio 10.0\VC\include\cmath(34): error C2059: syntax error : ';' [C:\Users\skinny\projects\lightspark\llvm\CMakeFiles\CMakeTmp\cmTryCompileExec.vcxproj]
  C:\Program Files\Microsoft Visual Studio 10.0\VC\include\cmath(35): error C2061: syntax error : identifier 'tanl' [C:\Users\skinny\projects\lightspark\llvm\CMakeFiles\CMakeTmp\cmTryCompileExec.vcxproj]
  C:\Program Files\Microsoft Visual Studio 10.0\VC\include\cmath(35): error C2059: syntax error : ';' [C:\Users\skinny\projects\lightspark\llvm\CMakeFiles\CMakeTmp\cmTryCompileExec.vcxproj]
  C:\Program Files\Microsoft Visual Studio 10.0\VC\include\cmath(35): error C2061: syntax error : identifier 'tanhl' [C:\Users\skinny\projects\lightspark\llvm\CMakeFiles\CMakeTmp\cmTryCompileExec.vcxproj]
  C:\Program Files\Microsoft Visual Studio 10.0\VC\include\cmath(35): error C2059: syntax error : ';' [C:\Users\skinny\projects\lightspark\llvm\CMakeFiles\CMakeTmp\cmTryCompileExec.vcxproj]
  C:\Program Files\Microsoft Visual Studio 10.0\VC\include\cmath(37): error C2061: syntax error : identifier 'abs' [C:\Users\skinny\projects\lightspark\llvm\CMakeFiles\CMakeTmp\cmTryCompileExec.vcxproj]
  C:\Program Files\Microsoft Visual Studio 10.0\VC\include\cmath(37): error C2059: syntax error : ';' [C:\Users\skinny\projects\lightspark\llvm\CMakeFiles\CMakeTmp\cmTryCompileExec.vcxproj]
  C:\Program Files\Microsoft Visual Studio 10.0\VC\include\cmath(39): error C2061: syntax error : identifier 'acos' [C:\Users\skinny\projects\lightspark\llvm\CMakeFiles\CMakeTmp\cmTryCompileExec.vcxproj]
  C:\Program Files\Microsoft Visual Studio 10.0\VC\include\cmath(39): error C2059: syntax error : ';' [C:\Users\skinny\projects\lightspark\llvm\CMakeFiles\CMakeTmp\cmTryCompileExec.vcxproj]
  C:\Program Files\Microsoft Visual Studio 10.0\VC\include\cmath(39): error C2061: syntax error : identifier 'asin' [C:\Users\skinny\projects\lightspark\llvm\CMakeFiles\CMakeTmp\cmTryCompileExec.vcxproj]
  C:\Program Files\Microsoft Visual Studio 10.0\VC\include\cmath(39): error C2059: syntax error : ';' [C:\Users\skinny\projects\lightspark\llvm\CMakeFiles\CMakeTmp\cmTryCompileExec.vcxproj]
  C:\Program Files\Microsoft Visual Studio 10.0\VC\include\cmath(40): error C2061: syntax error : identifier 'atan' [C:\Users\skinny\projects\lightspark\llvm\CMakeFiles\CMakeTmp\cmTryCompileExec.vcxproj]
  C:\Program Files\Microsoft Visual Studio 10.0\VC\include\cmath(40): error C2059: syntax error : ';' [C:\Users\skinny\projects\lightspark\llvm\CMakeFiles\CMakeTmp\cmTryCompileExec.vcxproj]
  C:\Program Files\Microsoft Visual Studio 10.0\VC\include\cmath(40): error C2061: syntax error : identifier 'atan2' [C:\Users\skinny\projects\lightspark\llvm\CMakeFiles\CMakeTmp\cmTryCompileExec.vcxproj]
  C:\Program Files\Microsoft Visual Studio 10.0\VC\include\cmath(40): error C2059: syntax error : ';' [C:\Users\skinny\projects\lightspark\llvm\CMakeFiles\CMakeTmp\cmTryCompileExec.vcxproj]
  C:\Program Files\Microsoft Visual Studio 10.0\VC\include\cmath(40): error C2061: syntax error : identifier 'ceil' [C:\Users\skinny\projects\lightspark\llvm\CMakeFiles\CMakeTmp\cmTryCompileExec.vcxproj]
  C:\Program Files\Microsoft Visual Studio 10.0\VC\include\cmath(40): error C2059: syntax error : ';' [C:\Users\skinny\projects\lightspark\llvm\CMakeFiles\CMakeTmp\cmTryCompileExec.vcxproj]
  C:\Program Files\Microsoft Visual Studio 10.0\VC\include\cmath(41): error C2061: syntax error : identifier 'cos' [C:\Users\skinny\projects\lightspark\llvm\CMakeFiles\CMakeTmp\cmTryCompileExec.vcxproj]
  C:\Program Files\Microsoft Visual Studio 10.0\VC\include\cmath(41): fatal error C1003: error count exceeds 100; stopping compilation [C:\Users\skinny\projects\lightspark\llvm\CMakeFiles\CMakeTmp\cmTryCompileExec.vcxproj]

    1 Warning(s)
    102 Error(s)

Time Elapsed 00:00:00.29

File C:/Users/skinny/projects/lightspark/llvm/CMakeFiles/CMakeTmp/CheckSymbolExists.c:
/* */
#include <cmath>

void cmakeRequireSymbol(int dummy,...){(void)dummy;}
int main()
{
#ifndef isinf
  cmakeRequireSymbol(0,&isinf);
#endif
  return 0;
}

Determining if the isinf exist failed with the following output:
Change Dir: C:/Users/skinny/projects/lightspark/llvm/CMakeFiles/CMakeTmp

Run Build Command:C:\WINDOWS\Microsoft.NET\Framework\v4.0.30319\MSBuild.exe cmTryCompileExec.vcxproj /p:Configuration=Debug
Microsoft (R) Build Engine Version 4.0.30319.1
[Microsoft .NET Framework, Version 4.0.30319.1]
Copyright (C) Microsoft Corporation 2007. All rights reserved.

Build started 7/26/2010 1:08:21 PM.
Project "C:\Users\skinny\projects\lightspark\llvm\CMakeFiles\CMakeTmp\cmTryCompileExec.vcxproj" on node 1 (default targets).
InitializeBuildStatus:
  Creating "cmTryCompileExec.dir\Debug\cmTryCompileExec.unsuccessfulbuild" because "AlwaysCreate" was specified.
ClCompile:
  C:\Program Files\Microsoft Visual Studio 10.0\VC\bin\CL.exe /c /Zi /nologo- /W3 /WX- /Od /Ob0 /Oy- /D WIN32 /D _WINDOWS /D _DEBUG /D "CMAKE_INTDIR=\"Debug\"" /D _MBCS /Gm- /RTC1 /MDd /GS /fp:precise /Zc:wchar_t /Zc:forScope /Fo"cmTryCompileExec.dir\Debug\\" /Fd"C:/Users/skinny/projects/lightspark/llvm/CMakeFiles/CMakeTmp/Debug/cmTryCompileExec.pdb" /Gd /TC /analyze- /errorReport:queue CheckSymbolExists.c  /Zm1000 
  Microsoft (R) 32-bit C/C++ Optimizing Compiler Version 16.00.30319.01 for 80x86
  Copyright (C) Microsoft Corporation.  All rights reserved.
  
  cl /c /Zi /nologo- /W3 /WX- /Od /Ob0 /Oy- /D WIN32 /D _WINDOWS /D _DEBUG /D "CMAKE_INTDIR=\"Debug\"" /D _MBCS /Gm- /RTC1 /MDd /GS /fp:precise /Zc:wchar_t /Zc:forScope /Fo"cmTryCompileExec.dir\Debug\\" /Fd"C:/Users/skinny/projects/lightspark/llvm/CMakeFiles/CMakeTmp/Debug/cmTryCompileExec.pdb" /Gd /TC /analyze- /errorReport:queue CheckSymbolExists.c  /Zm1000 
cl : Command line warning D9035: option 'nologo-' has been deprecated and will be removed in a future release [C:\Users\skinny\projects\lightspark\llvm\CMakeFiles\CMakeTmp\cmTryCompileExec.vcxproj]
  
  CheckSymbolExists.c
CheckSymbolExists.c(8): error C2065: 'isinf' : undeclared identifier [C:\Users\skinny\projects\lightspark\llvm\CMakeFiles\CMakeTmp\cmTryCompileExec.vcxproj]
Done Building Project "C:\Users\skinny\projects\lightspark\llvm\CMakeFiles\CMakeTmp\cmTryCompileExec.vcxproj" (default targets) -- FAILED.

Build FAILED.

"C:\Users\skinny\projects\lightspark\llvm\CMakeFiles\CMakeTmp\cmTryCompileExec.vcxproj" (default target) (1) ->
(ClCompile target) -> 
  cl : Command line warning D9035: option 'nologo-' has been deprecated and will be removed in a future release [C:\Users\skinny\projects\lightspark\llvm\CMakeFiles\CMakeTmp\cmTryCompileExec.vcxproj]


"C:\Users\skinny\projects\lightspark\llvm\CMakeFiles\CMakeTmp\cmTryCompileExec.vcxproj" (default target) (1) ->
(ClCompile target) -> 
  CheckSymbolExists.c(8): error C2065: 'isinf' : undeclared identifier [C:\Users\skinny\projects\lightspark\llvm\CMakeFiles\CMakeTmp\cmTryCompileExec.vcxproj]

    1 Warning(s)
    1 Error(s)

Time Elapsed 00:00:00.21

File C:/Users/skinny/projects/lightspark/llvm/CMakeFiles/CMakeTmp/CheckSymbolExists.c:
/* */
#include <math.h>

void cmakeRequireSymbol(int dummy,...){(void)dummy;}
int main()
{
#ifndef isinf
  cmakeRequireSymbol(0,&isinf);
#endif
  return 0;
}

Determining if the finite exist failed with the following output:
Change Dir: C:/Users/skinny/projects/lightspark/llvm/CMakeFiles/CMakeTmp

Run Build Command:C:\WINDOWS\Microsoft.NET\Framework\v4.0.30319\MSBuild.exe cmTryCompileExec.vcxproj /p:Configuration=Debug
Microsoft (R) Build Engine Version 4.0.30319.1
[Microsoft .NET Framework, Version 4.0.30319.1]
Copyright (C) Microsoft Corporation 2007. All rights reserved.

Build started 7/26/2010 1:08:22 PM.
Project "C:\Users\skinny\projects\lightspark\llvm\CMakeFiles\CMakeTmp\cmTryCompileExec.vcxproj" on node 1 (default targets).
InitializeBuildStatus:
  Creating "cmTryCompileExec.dir\Debug\cmTryCompileExec.unsuccessfulbuild" because "AlwaysCreate" was specified.
ClCompile:
  C:\Program Files\Microsoft Visual Studio 10.0\VC\bin\CL.exe /c /Zi /nologo- /W3 /WX- /Od /Ob0 /Oy- /D WIN32 /D _WINDOWS /D _DEBUG /D "CMAKE_INTDIR=\"Debug\"" /D _MBCS /Gm- /RTC1 /MDd /GS /fp:precise /Zc:wchar_t /Zc:forScope /Fo"cmTryCompileExec.dir\Debug\\" /Fd"C:/Users/skinny/projects/lightspark/llvm/CMakeFiles/CMakeTmp/Debug/cmTryCompileExec.pdb" /Gd /TC /analyze- /errorReport:queue CheckSymbolExists.c  /Zm1000 
  Microsoft (R) 32-bit C/C++ Optimizing Compiler Version 16.00.30319.01 for 80x86
  Copyright (C) Microsoft Corporation.  All rights reserved.
  
  cl /c /Zi /nologo- /W3 /WX- /Od /Ob0 /Oy- /D WIN32 /D _WINDOWS /D _DEBUG /D "CMAKE_INTDIR=\"Debug\"" /D _MBCS /Gm- /RTC1 /MDd /GS /fp:precise /Zc:wchar_t /Zc:forScope /Fo"cmTryCompileExec.dir\Debug\\" /Fd"C:/Users/skinny/projects/lightspark/llvm/CMakeFiles/CMakeTmp/Debug/cmTryCompileExec.pdb" /Gd /TC /analyze- /errorReport:queue CheckSymbolExists.c  /Zm1000 
cl : Command line warning D9035: option 'nologo-' has been deprecated and will be removed in a future release [C:\Users\skinny\projects\lightspark\llvm\CMakeFiles\CMakeTmp\cmTryCompileExec.vcxproj]
  CheckSymbolExists.c
  
CheckSymbolExists.c(2): fatal error C1083: Cannot open include file: 'ieeefp.h': No such file or directory [C:\Users\skinny\projects\lightspark\llvm\CMakeFiles\CMakeTmp\cmTryCompileExec.vcxproj]
Done Building Project "C:\Users\skinny\projects\lightspark\llvm\CMakeFiles\CMakeTmp\cmTryCompileExec.vcxproj" (default targets) -- FAILED.

Build FAILED.

"C:\Users\skinny\projects\lightspark\llvm\CMakeFiles\CMakeTmp\cmTryCompileExec.vcxproj" (default target) (1) ->
(ClCompile target) -> 
  cl : Command line warning D9035: option 'nologo-' has been deprecated and will be removed in a future release [C:\Users\skinny\projects\lightspark\llvm\CMakeFiles\CMakeTmp\cmTryCompileExec.vcxproj]


"C:\Users\skinny\projects\lightspark\llvm\CMakeFiles\CMakeTmp\cmTryCompileExec.vcxproj" (default target) (1) ->
(ClCompile target) -> 
  CheckSymbolExists.c(2): fatal error C1083: Cannot open include file: 'ieeefp.h': No such file or directory [C:\Users\skinny\projects\lightspark\llvm\CMakeFiles\CMakeTmp\cmTryCompileExec.vcxproj]

    1 Warning(s)
    1 Error(s)

Time Elapsed 00:00:00.20

File C:/Users/skinny/projects/lightspark/llvm/CMakeFiles/CMakeTmp/CheckSymbolExists.c:
/* */
#include <ieeefp.h>

void cmakeRequireSymbol(int dummy,...){(void)dummy;}
int main()
{
#ifndef finite
  cmakeRequireSymbol(0,&finite);
#endif
  return 0;
}

Determining if the isnan exist failed with the following output:
Change Dir: C:/Users/skinny/projects/lightspark/llvm/CMakeFiles/CMakeTmp

Run Build Command:C:\WINDOWS\Microsoft.NET\Framework\v4.0.30319\MSBuild.exe cmTryCompileExec.vcxproj /p:Configuration=Debug
Microsoft (R) Build Engine Version 4.0.30319.1
[Microsoft .NET Framework, Version 4.0.30319.1]
Copyright (C) Microsoft Corporation 2007. All rights reserved.

Build started 7/26/2010 1:08:22 PM.
Project "C:\Users\skinny\projects\lightspark\llvm\CMakeFiles\CMakeTmp\cmTryCompileExec.vcxproj" on node 1 (default targets).
InitializeBuildStatus:
  Creating "cmTryCompileExec.dir\Debug\cmTryCompileExec.unsuccessfulbuild" because "AlwaysCreate" was specified.
ClCompile:
  C:\Program Files\Microsoft Visual Studio 10.0\VC\bin\CL.exe /c /Zi /nologo- /W3 /WX- /Od /Ob0 /Oy- /D WIN32 /D _WINDOWS /D _DEBUG /D "CMAKE_INTDIR=\"Debug\"" /D _MBCS /Gm- /RTC1 /MDd /GS /fp:precise /Zc:wchar_t /Zc:forScope /Fo"cmTryCompileExec.dir\Debug\\" /Fd"C:/Users/skinny/projects/lightspark/llvm/CMakeFiles/CMakeTmp/Debug/cmTryCompileExec.pdb" /Gd /TC /analyze- /errorReport:queue CheckSymbolExists.c  /Zm1000 
  Microsoft (R) 32-bit C/C++ Optimizing Compiler Version 16.00.30319.01 for 80x86
  Copyright (C) Microsoft Corporation.  All rights reserved.
  
  cl /c /Zi /nologo- /W3 /WX- /Od /Ob0 /Oy- /D WIN32 /D _WINDOWS /D _DEBUG /D "CMAKE_INTDIR=\"Debug\"" /D _MBCS /Gm- /RTC1 /MDd /GS /fp:precise /Zc:wchar_t /Zc:forScope /Fo"cmTryCompileExec.dir\Debug\\" /Fd"C:/Users/skinny/projects/lightspark/llvm/CMakeFiles/CMakeTmp/Debug/cmTryCompileExec.pdb" /Gd /TC /analyze- /errorReport:queue CheckSymbolExists.c  /Zm1000 
cl : Command line warning D9035: option 'nologo-' has been deprecated and will be removed in a future release [C:\Users\skinny\projects\lightspark\llvm\CMakeFiles\CMakeTmp\cmTryCompileExec.vcxproj]
  
  CheckSymbolExists.c
C:\Program Files\Microsoft Visual Studio 10.0\VC\include\cmath(19): error C2061: syntax error : identifier 'acosf' [C:\Users\skinny\projects\lightspark\llvm\CMakeFiles\CMakeTmp\cmTryCompileExec.vcxproj]
C:\Program Files\Microsoft Visual Studio 10.0\VC\include\cmath(19): error C2059: syntax error : ';' [C:\Users\skinny\projects\lightspark\llvm\CMakeFiles\CMakeTmp\cmTryCompileExec.vcxproj]
C:\Program Files\Microsoft Visual Studio 10.0\VC\include\cmath(19): error C2061: syntax error : identifier 'asinf' [C:\Users\skinny\projects\lightspark\llvm\CMakeFiles\CMakeTmp\cmTryCompileExec.vcxproj]
C:\Program Files\Microsoft Visual Studio 10.0\VC\include\cmath(19): error C2059: syntax error : ';' [C:\Users\skinny\projects\lightspark\llvm\CMakeFiles\CMakeTmp\cmTryCompileExec.vcxproj]
C:\Program Files\Microsoft Visual Studio 10.0\VC\include\cmath(20): error C2061: syntax error : identifier 'atanf' [C:\Users\skinny\projects\lightspark\llvm\CMakeFiles\CMakeTmp\cmTryCompileExec.vcxproj]
C:\Program Files\Microsoft Visual Studio 10.0\VC\include\cmath(20): error C2059: syntax error : ';' [C:\Users\skinny\projects\lightspark\llvm\CMakeFiles\CMakeTmp\cmTryCompileExec.vcxproj]
C:\Program Files\Microsoft Visual Studio 10.0\VC\include\cmath(20): error C2061: syntax error : identifier 'atan2f' [C:\Users\skinny\projects\lightspark\llvm\CMakeFiles\CMakeTmp\cmTryCompileExec.vcxproj]
C:\Program Files\Microsoft Visual Studio 10.0\VC\include\cmath(20): error C2059: syntax error : ';' [C:\Users\skinny\projects\lightspark\llvm\CMakeFiles\CMakeTmp\cmTryCompileExec.vcxproj]
C:\Program Files\Microsoft Visual Studio 10.0\VC\include\cmath(20): error C2061: syntax error : identifier 'ceilf' [C:\Users\skinny\projects\lightspark\llvm\CMakeFiles\CMakeTmp\cmTryCompileExec.vcxproj]
C:\Program Files\Microsoft Visual Studio 10.0\VC\include\cmath(20): error C2059: syntax error : ';' [C:\Users\skinny\projects\lightspark\llvm\CMakeFiles\CMakeTmp\cmTryCompileExec.vcxproj]
C:\Program Files\Microsoft Visual Studio 10.0\VC\include\cmath(21): error C2061: syntax error : identifier 'cosf' [C:\Users\skinny\projects\lightspark\llvm\CMakeFiles\CMakeTmp\cmTryCompileExec.vcxproj]
C:\Program Files\Microsoft Visual Studio 10.0\VC\include\cmath(21): error C2059: syntax error : ';' [C:\Users\skinny\projects\lightspark\llvm\CMakeFiles\CMakeTmp\cmTryCompileExec.vcxproj]
C:\Program Files\Microsoft Visual Studio 10.0\VC\include\cmath(21): error C2061: syntax error : identifier 'coshf' [C:\Users\skinny\projects\lightspark\llvm\CMakeFiles\CMakeTmp\cmTryCompileExec.vcxproj]
C:\Program Files\Microsoft Visual Studio 10.0\VC\include\cmath(21): error C2059: syntax error : ';' [C:\Users\skinny\projects\lightspark\llvm\CMakeFiles\CMakeTmp\cmTryCompileExec.vcxproj]
C:\Program Files\Microsoft Visual Studio 10.0\VC\include\cmath(21): error C2061: syntax error : identifier 'expf' [C:\Users\skinny\projects\lightspark\llvm\CMakeFiles\CMakeTmp\cmTryCompileExec.vcxproj]
C:\Program Files\Microsoft Visual Studio 10.0\VC\include\cmath(21): error C2059: syntax error : ';' [C:\Users\skinny\projects\lightspark\llvm\CMakeFiles\CMakeTmp\cmTryCompileExec.vcxproj]
C:\Program Files\Microsoft Visual Studio 10.0\VC\include\cmath(22): error C2061: syntax error : identifier 'fabsf' [C:\Users\skinny\projects\lightspark\llvm\CMakeFiles\CMakeTmp\cmTryCompileExec.vcxproj]
C:\Program Files\Microsoft Visual Studio 10.0\VC\include\cmath(22): error C2059: syntax error : ';' [C:\Users\skinny\projects\lightspark\llvm\CMakeFiles\CMakeTmp\cmTryCompileExec.vcxproj]
C:\Program Files\Microsoft Visual Studio 10.0\VC\include\cmath(22): error C2061: syntax error : identifier 'floorf' [C:\Users\skinny\projects\lightspark\llvm\CMakeFiles\CMakeTmp\cmTryCompileExec.vcxproj]
C:\Program Files\Microsoft Visual Studio 10.0\VC\include\cmath(22): error C2059: syntax error : ';' [C:\Users\skinny\projects\lightspark\llvm\CMakeFiles\CMakeTmp\cmTryCompileExec.vcxproj]
C:\Program Files\Microsoft Visual Studio 10.0\VC\include\cmath(22): error C2061: syntax error : identifier 'fmodf' [C:\Users\skinny\projects\lightspark\llvm\CMakeFiles\CMakeTmp\cmTryCompileExec.vcxproj]
C:\Program Files\Microsoft Visual Studio 10.0\VC\include\cmath(22): error C2059: syntax error : ';' [C:\Users\skinny\projects\lightspark\llvm\CMakeFiles\CMakeTmp\cmTryCompileExec.vcxproj]
C:\Program Files\Microsoft Visual Studio 10.0\VC\include\cmath(23): error C2061: syntax error : identifier 'frexpf' [C:\Users\skinny\projects\lightspark\llvm\CMakeFiles\CMakeTmp\cmTryCompileExec.vcxproj]
C:\Program Files\Microsoft Visual Studio 10.0\VC\include\cmath(23): error C2059: syntax error : ';' [C:\Users\skinny\projects\lightspark\llvm\CMakeFiles\CMakeTmp\cmTryCompileExec.vcxproj]
C:\Program Files\Microsoft Visual Studio 10.0\VC\include\cmath(23): error C2061: syntax error : identifier 'ldexpf' [C:\Users\skinny\projects\lightspark\llvm\CMakeFiles\CMakeTmp\cmTryCompileExec.vcxproj]
C:\Program Files\Microsoft Visual Studio 10.0\VC\include\cmath(23): error C2059: syntax error : ';' [C:\Users\skinny\projects\lightspark\llvm\CMakeFiles\CMakeTmp\cmTryCompileExec.vcxproj]
C:\Program Files\Microsoft Visual Studio 10.0\VC\include\cmath(23): error C2061: syntax error : identifier 'logf' [C:\Users\skinny\projects\lightspark\llvm\CMakeFiles\CMakeTmp\cmTryCompileExec.vcxproj]
C:\Program Files\Microsoft Visual Studio 10.0\VC\include\cmath(23): error C2059: syntax error : ';' [C:\Users\skinny\projects\lightspark\llvm\CMakeFiles\CMakeTmp\cmTryCompileExec.vcxproj]
C:\Program Files\Microsoft Visual Studio 10.0\VC\include\cmath(24): error C2061: syntax error : identifier 'log10f' [C:\Users\skinny\projects\lightspark\llvm\CMakeFiles\CMakeTmp\cmTryCompileExec.vcxproj]
C:\Program Files\Microsoft Visual Studio 10.0\VC\include\cmath(24): error C2059: syntax error : ';' [C:\Users\skinny\projects\lightspark\llvm\CMakeFiles\CMakeTmp\cmTryCompileExec.vcxproj]
C:\Program Files\Microsoft Visual Studio 10.0\VC\include\cmath(24): error C2061: syntax error : identifier 'modff' [C:\Users\skinny\projects\lightspark\llvm\CMakeFiles\CMakeTmp\cmTryCompileExec.vcxproj]
C:\Program Files\Microsoft Visual Studio 10.0\VC\include\cmath(24): error C2059: syntax error : ';' [C:\Users\skinny\projects\lightspark\llvm\CMakeFiles\CMakeTmp\cmTryCompileExec.vcxproj]
C:\Program Files\Microsoft Visual Studio 10.0\VC\include\cmath(24): error C2061: syntax error : identifier 'powf' [C:\Users\skinny\projects\lightspark\llvm\CMakeFiles\CMakeTmp\cmTryCompileExec.vcxproj]
C:\Program Files\Microsoft Visual Studio 10.0\VC\include\cmath(24): error C2059: syntax error : ';' [C:\Users\skinny\projects\lightspark\llvm\CMakeFiles\CMakeTmp\cmTryCompileExec.vcxproj]
C:\Program Files\Microsoft Visual Studio 10.0\VC\include\cmath(25): error C2061: syntax error : identifier 'sinf' [C:\Users\skinny\projects\lightspark\llvm\CMakeFiles\CMakeTmp\cmTryCompileExec.vcxproj]
C:\Program Files\Microsoft Visual Studio 10.0\VC\include\cmath(25): error C2059: syntax error : ';' [C:\Users\skinny\projects\lightspark\llvm\CMakeFiles\CMakeTmp\cmTryCompileExec.vcxproj]
C:\Program Files\Microsoft Visual Studio 10.0\VC\include\cmath(25): error C2061: syntax error : identifier 'sinhf' [C:\Users\skinny\projects\lightspark\llvm\CMakeFiles\CMakeTmp\cmTryCompileExec.vcxproj]
C:\Program Files\Microsoft Visual Studio 10.0\VC\include\cmath(25): error C2059: syntax error : ';' [C:\Users\skinny\projects\lightspark\llvm\CMakeFiles\CMakeTmp\cmTryCompileExec.vcxproj]
C:\Program Files\Microsoft Visual Studio 10.0\VC\include\cmath(25): error C2061: syntax error : identifier 'sqrtf' [C:\Users\skinny\projects\lightspark\llvm\CMakeFiles\CMakeTmp\cmTryCompileExec.vcxproj]
C:\Program Files\Microsoft Visual Studio 10.0\VC\include\cmath(25): error C2059: syntax error : ';' [C:\Users\skinny\projects\lightspark\llvm\CMakeFiles\CMakeTmp\cmTryCompileExec.vcxproj]
C:\Program Files\Microsoft Visual Studio 10.0\VC\include\cmath(26): error C2061: syntax error : identifier 'tanf' [C:\Users\skinny\projects\lightspark\llvm\CMakeFiles\CMakeTmp\cmTryCompileExec.vcxproj]
C:\Program Files\Microsoft Visual Studio 10.0\VC\include\cmath(26): error C2059: syntax error : ';' [C:\Users\skinny\projects\lightspark\llvm\CMakeFiles\CMakeTmp\cmTryCompileExec.vcxproj]
C:\Program Files\Microsoft Visual Studio 10.0\VC\include\cmath(26): error C2061: syntax error : identifier 'tanhf' [C:\Users\skinny\projects\lightspark\llvm\CMakeFiles\CMakeTmp\cmTryCompileExec.vcxproj]
C:\Program Files\Microsoft Visual Studio 10.0\VC\include\cmath(26): error C2059: syntax error : ';' [C:\Users\skinny\projects\lightspark\llvm\CMakeFiles\CMakeTmp\cmTryCompileExec.vcxproj]
C:\Program Files\Microsoft Visual Studio 10.0\VC\include\cmath(28): error C2061: syntax error : identifier 'acosl' [C:\Users\skinny\projects\lightspark\llvm\CMakeFiles\CMakeTmp\cmTryCompileExec.vcxproj]
C:\Program Files\Microsoft Visual Studio 10.0\VC\include\cmath(28): error C2059: syntax error : ';' [C:\Users\skinny\projects\lightspark\llvm\CMakeFiles\CMakeTmp\cmTryCompileExec.vcxproj]
C:\Program Files\Microsoft Visual Studio 10.0\VC\include\cmath(28): error C2061: syntax error : identifier 'asinl' [C:\Users\skinny\projects\lightspark\llvm\CMakeFiles\CMakeTmp\cmTryCompileExec.vcxproj]
C:\Program Files\Microsoft Visual Studio 10.0\VC\include\cmath(28): error C2059: syntax error : ';' [C:\Users\skinny\projects\lightspark\llvm\CMakeFiles\CMakeTmp\cmTryCompileExec.vcxproj]
C:\Program Files\Microsoft Visual Studio 10.0\VC\include\cmath(29): error C2061: syntax error : identifier 'atanl' [C:\Users\skinny\projects\lightspark\llvm\CMakeFiles\CMakeTmp\cmTryCompileExec.vcxproj]
C:\Program Files\Microsoft Visual Studio 10.0\VC\include\cmath(29): error C2059: syntax error : ';' [C:\Users\skinny\projects\lightspark\llvm\CMakeFiles\CMakeTmp\cmTryCompileExec.vcxproj]
C:\Program Files\Microsoft Visual Studio 10.0\VC\include\cmath(29): error C2061: syntax error : identifier 'atan2l' [C:\Users\skinny\projects\lightspark\llvm\CMakeFiles\CMakeTmp\cmTryCompileExec.vcxproj]
C:\Program Files\Microsoft Visual Studio 10.0\VC\include\cmath(29): error C2059: syntax error : ';' [C:\Users\skinny\projects\lightspark\llvm\CMakeFiles\CMakeTmp\cmTryCompileExec.vcxproj]
C:\Program Files\Microsoft Visual Studio 10.0\VC\include\cmath(29): error C2061: syntax error : identifier 'ceill' [C:\Users\skinny\projects\lightspark\llvm\CMakeFiles\CMakeTmp\cmTryCompileExec.vcxproj]
C:\Program Files\Microsoft Visual Studio 10.0\VC\include\cmath(29): error C2059: syntax error : ';' [C:\Users\skinny\projects\lightspark\llvm\CMakeFiles\CMakeTmp\cmTryCompileExec.vcxproj]
C:\Program Files\Microsoft Visual Studio 10.0\VC\include\cmath(30): error C2061: syntax error : identifier 'cosl' [C:\Users\skinny\projects\lightspark\llvm\CMakeFiles\CMakeTmp\cmTryCompileExec.vcxproj]
C:\Program Files\Microsoft Visual Studio 10.0\VC\include\cmath(30): error C2059: syntax error : ';' [C:\Users\skinny\projects\lightspark\llvm\CMakeFiles\CMakeTmp\cmTryCompileExec.vcxproj]
C:\Program Files\Microsoft Visual Studio 10.0\VC\include\cmath(30): error C2061: syntax error : identifier 'coshl' [C:\Users\skinny\projects\lightspark\llvm\CMakeFiles\CMakeTmp\cmTryCompileExec.vcxproj]
C:\Program Files\Microsoft Visual Studio 10.0\VC\include\cmath(30): error C2059: syntax error : ';' [C:\Users\skinny\projects\lightspark\llvm\CMakeFiles\CMakeTmp\cmTryCompileExec.vcxproj]
C:\Program Files\Microsoft Visual Studio 10.0\VC\include\cmath(30): error C2061: syntax error : identifier 'expl' [C:\Users\skinny\projects\lightspark\llvm\CMakeFiles\CMakeTmp\cmTryCompileExec.vcxproj]
C:\Program Files\Microsoft Visual Studio 10.0\VC\include\cmath(30): error C2059: syntax error : ';' [C:\Users\skinny\projects\lightspark\llvm\CMakeFiles\CMakeTmp\cmTryCompileExec.vcxproj]
C:\Program Files\Microsoft Visual Studio 10.0\VC\include\cmath(31): error C2061: syntax error : identifier 'fabsl' [C:\Users\skinny\projects\lightspark\llvm\CMakeFiles\CMakeTmp\cmTryCompileExec.vcxproj]
C:\Program Files\Microsoft Visual Studio 10.0\VC\include\cmath(31): error C2059: syntax error : ';' [C:\Users\skinny\projects\lightspark\llvm\CMakeFiles\CMakeTmp\cmTryCompileExec.vcxproj]
C:\Program Files\Microsoft Visual Studio 10.0\VC\include\cmath(31): error C2061: syntax error : identifier 'floorl' [C:\Users\skinny\projects\lightspark\llvm\CMakeFiles\CMakeTmp\cmTryCompileExec.vcxproj]
C:\Program Files\Microsoft Visual Studio 10.0\VC\include\cmath(31): error C2059: syntax error : ';' [C:\Users\skinny\projects\lightspark\llvm\CMakeFiles\CMakeTmp\cmTryCompileExec.vcxproj]
C:\Program Files\Microsoft Visual Studio 10.0\VC\include\cmath(31): error C2061: syntax error : identifier 'fmodl' [C:\Users\skinny\projects\lightspark\llvm\CMakeFiles\CMakeTmp\cmTryCompileExec.vcxproj]
C:\Program Files\Microsoft Visual Studio 10.0\VC\include\cmath(31): error C2059: syntax error : ';' [C:\Users\skinny\projects\lightspark\llvm\CMakeFiles\CMakeTmp\cmTryCompileExec.vcxproj]
C:\Program Files\Microsoft Visual Studio 10.0\VC\include\cmath(32): error C2061: syntax error : identifier 'frexpl' [C:\Users\skinny\projects\lightspark\llvm\CMakeFiles\CMakeTmp\cmTryCompileExec.vcxproj]
C:\Program Files\Microsoft Visual Studio 10.0\VC\include\cmath(32): error C2059: syntax error : ';' [C:\Users\skinny\projects\lightspark\llvm\CMakeFiles\CMakeTmp\cmTryCompileExec.vcxproj]
C:\Program Files\Microsoft Visual Studio 10.0\VC\include\cmath(32): error C2061: syntax error : identifier 'ldexpl' [C:\Users\skinny\projects\lightspark\llvm\CMakeFiles\CMakeTmp\cmTryCompileExec.vcxproj]
C:\Program Files\Microsoft Visual Studio 10.0\VC\include\cmath(32): error C2059: syntax error : ';' [C:\Users\skinny\projects\lightspark\llvm\CMakeFiles\CMakeTmp\cmTryCompileExec.vcxproj]
C:\Program Files\Microsoft Visual Studio 10.0\VC\include\cmath(32): error C2061: syntax error : identifier 'logl' [C:\Users\skinny\projects\lightspark\llvm\CMakeFiles\CMakeTmp\cmTryCompileExec.vcxproj]
C:\Program Files\Microsoft Visual Studio 10.0\VC\include\cmath(32): error C2059: syntax error : ';' [C:\Users\skinny\projects\lightspark\llvm\CMakeFiles\CMakeTmp\cmTryCompileExec.vcxproj]
C:\Program Files\Microsoft Visual Studio 10.0\VC\include\cmath(33): error C2061: syntax error : identifier 'log10l' [C:\Users\skinny\projects\lightspark\llvm\CMakeFiles\CMakeTmp\cmTryCompileExec.vcxproj]
C:\Program Files\Microsoft Visual Studio 10.0\VC\include\cmath(33): error C2059: syntax error : ';' [C:\Users\skinny\projects\lightspark\llvm\CMakeFiles\CMakeTmp\cmTryCompileExec.vcxproj]
C:\Program Files\Microsoft Visual Studio 10.0\VC\include\cmath(33): error C2061: syntax error : identifier 'modfl' [C:\Users\skinny\projects\lightspark\llvm\CMakeFiles\CMakeTmp\cmTryCompileExec.vcxproj]
C:\Program Files\Microsoft Visual Studio 10.0\VC\include\cmath(33): error C2059: syntax error : ';' [C:\Users\skinny\projects\lightspark\llvm\CMakeFiles\CMakeTmp\cmTryCompileExec.vcxproj]
C:\Program Files\Microsoft Visual Studio 10.0\VC\include\cmath(33): error C2061: syntax error : identifier 'powl' [C:\Users\skinny\projects\lightspark\llvm\CMakeFiles\CMakeTmp\cmTryCompileExec.vcxproj]
C:\Program Files\Microsoft Visual Studio 10.0\VC\include\cmath(33): error C2059: syntax error : ';' [C:\Users\skinny\projects\lightspark\llvm\CMakeFiles\CMakeTmp\cmTryCompileExec.vcxproj]
C:\Program Files\Microsoft Visual Studio 10.0\VC\include\cmath(34): error C2061: syntax error : identifier 'sinl' [C:\Users\skinny\projects\lightspark\llvm\CMakeFiles\CMakeTmp\cmTryCompileExec.vcxproj]
C:\Program Files\Microsoft Visual Studio 10.0\VC\include\cmath(34): error C2059: syntax error : ';' [C:\Users\skinny\projects\lightspark\llvm\CMakeFiles\CMakeTmp\cmTryCompileExec.vcxproj]
C:\Program Files\Microsoft Visual Studio 10.0\VC\include\cmath(34): error C2061: syntax error : identifier 'sinhl' [C:\Users\skinny\projects\lightspark\llvm\CMakeFiles\CMakeTmp\cmTryCompileExec.vcxproj]
C:\Program Files\Microsoft Visual Studio 10.0\VC\include\cmath(34): error C2059: syntax error : ';' [C:\Users\skinny\projects\lightspark\llvm\CMakeFiles\CMakeTmp\cmTryCompileExec.vcxproj]
C:\Program Files\Microsoft Visual Studio 10.0\VC\include\cmath(34): error C2061: syntax error : identifier 'sqrtl' [C:\Users\skinny\projects\lightspark\llvm\CMakeFiles\CMakeTmp\cmTryCompileExec.vcxproj]
C:\Program Files\Microsoft Visual Studio 10.0\VC\include\cmath(34): error C2059: syntax error : ';' [C:\Users\skinny\projects\lightspark\llvm\CMakeFiles\CMakeTmp\cmTryCompileExec.vcxproj]
C:\Program Files\Microsoft Visual Studio 10.0\VC\include\cmath(35): error C2061: syntax error : identifier 'tanl' [C:\Users\skinny\projects\lightspark\llvm\CMakeFiles\CMakeTmp\cmTryCompileExec.vcxproj]
C:\Program Files\Microsoft Visual Studio 10.0\VC\include\cmath(35): error C2059: syntax error : ';' [C:\Users\skinny\projects\lightspark\llvm\CMakeFiles\CMakeTmp\cmTryCompileExec.vcxproj]
C:\Program Files\Microsoft Visual Studio 10.0\VC\include\cmath(35): error C2061: syntax error : identifier 'tanhl' [C:\Users\skinny\projects\lightspark\llvm\CMakeFiles\CMakeTmp\cmTryCompileExec.vcxproj]
C:\Program Files\Microsoft Visual Studio 10.0\VC\include\cmath(35): error C2059: syntax error : ';' [C:\Users\skinny\projects\lightspark\llvm\CMakeFiles\CMakeTmp\cmTryCompileExec.vcxproj]
C:\Program Files\Microsoft Visual Studio 10.0\VC\include\cmath(37): error C2061: syntax error : identifier 'abs' [C:\Users\skinny\projects\lightspark\llvm\CMakeFiles\CMakeTmp\cmTryCompileExec.vcxproj]
C:\Program Files\Microsoft Visual Studio 10.0\VC\include\cmath(37): error C2059: syntax error : ';' [C:\Users\skinny\projects\lightspark\llvm\CMakeFiles\CMakeTmp\cmTryCompileExec.vcxproj]
C:\Program Files\Microsoft Visual Studio 10.0\VC\include\cmath(39): error C2061: syntax error : identifier 'acos' [C:\Users\skinny\projects\lightspark\llvm\CMakeFiles\CMakeTmp\cmTryCompileExec.vcxproj]
C:\Program Files\Microsoft Visual Studio 10.0\VC\include\cmath(39): error C2059: syntax error : ';' [C:\Users\skinny\projects\lightspark\llvm\CMakeFiles\CMakeTmp\cmTryCompileExec.vcxproj]
C:\Program Files\Microsoft Visual Studio 10.0\VC\include\cmath(39): error C2061: syntax error : identifier 'asin' [C:\Users\skinny\projects\lightspark\llvm\CMakeFiles\CMakeTmp\cmTryCompileExec.vcxproj]
C:\Program Files\Microsoft Visual Studio 10.0\VC\include\cmath(39): error C2059: syntax error : ';' [C:\Users\skinny\projects\lightspark\llvm\CMakeFiles\CMakeTmp\cmTryCompileExec.vcxproj]
C:\Program Files\Microsoft Visual Studio 10.0\VC\include\cmath(40): error C2061: syntax error : identifier 'atan' [C:\Users\skinny\projects\lightspark\llvm\CMakeFiles\CMakeTmp\cmTryCompileExec.vcxproj]
C:\Program Files\Microsoft Visual Studio 10.0\VC\include\cmath(40): error C2059: syntax error : ';' [C:\Users\skinny\projects\lightspark\llvm\CMakeFiles\CMakeTmp\cmTryCompileExec.vcxproj]
C:\Program Files\Microsoft Visual Studio 10.0\VC\include\cmath(40): error C2061: syntax error : identifier 'atan2' [C:\Users\skinny\projects\lightspark\llvm\CMakeFiles\CMakeTmp\cmTryCompileExec.vcxproj]
C:\Program Files\Microsoft Visual Studio 10.0\VC\include\cmath(40): error C2059: syntax error : ';' [C:\Users\skinny\projects\lightspark\llvm\CMakeFiles\CMakeTmp\cmTryCompileExec.vcxproj]
C:\Program Files\Microsoft Visual Studio 10.0\VC\include\cmath(40): error C2061: syntax error : identifier 'ceil' [C:\Users\skinny\projects\lightspark\llvm\CMakeFiles\CMakeTmp\cmTryCompileExec.vcxproj]
C:\Program Files\Microsoft Visual Studio 10.0\VC\include\cmath(40): error C2059: syntax error : ';' [C:\Users\skinny\projects\lightspark\llvm\CMakeFiles\CMakeTmp\cmTryCompileExec.vcxproj]
C:\Program Files\Microsoft Visual Studio 10.0\VC\include\cmath(41): error C2061: syntax error : identifier 'cos' [C:\Users\skinny\projects\lightspark\llvm\CMakeFiles\CMakeTmp\cmTryCompileExec.vcxproj]
C:\Program Files\Microsoft Visual Studio 10.0\VC\include\cmath(41): fatal error C1003: error count exceeds 100; stopping compilation [C:\Users\skinny\projects\lightspark\llvm\CMakeFiles\CMakeTmp\cmTryCompileExec.vcxproj]
Done Building Project "C:\Users\skinny\projects\lightspark\llvm\CMakeFiles\CMakeTmp\cmTryCompileExec.vcxproj" (default targets) -- FAILED.

Build FAILED.

"C:\Users\skinny\projects\lightspark\llvm\CMakeFiles\CMakeTmp\cmTryCompileExec.vcxproj" (default target) (1) ->
(ClCompile target) -> 
  cl : Command line warning D9035: option 'nologo-' has been deprecated and will be removed in a future release [C:\Users\skinny\projects\lightspark\llvm\CMakeFiles\CMakeTmp\cmTryCompileExec.vcxproj]


"C:\Users\skinny\projects\lightspark\llvm\CMakeFiles\CMakeTmp\cmTryCompileExec.vcxproj" (default target) (1) ->
(ClCompile target) -> 
  C:\Program Files\Microsoft Visual Studio 10.0\VC\include\cmath(19): error C2061: syntax error : identifier 'acosf' [C:\Users\skinny\projects\lightspark\llvm\CMakeFiles\CMakeTmp\cmTryCompileExec.vcxproj]
  C:\Program Files\Microsoft Visual Studio 10.0\VC\include\cmath(19): error C2059: syntax error : ';' [C:\Users\skinny\projects\lightspark\llvm\CMakeFiles\CMakeTmp\cmTryCompileExec.vcxproj]
  C:\Program Files\Microsoft Visual Studio 10.0\VC\include\cmath(19): error C2061: syntax error : identifier 'asinf' [C:\Users\skinny\projects\lightspark\llvm\CMakeFiles\CMakeTmp\cmTryCompileExec.vcxproj]
  C:\Program Files\Microsoft Visual Studio 10.0\VC\include\cmath(19): error C2059: syntax error : ';' [C:\Users\skinny\projects\lightspark\llvm\CMakeFiles\CMakeTmp\cmTryCompileExec.vcxproj]
  C:\Program Files\Microsoft Visual Studio 10.0\VC\include\cmath(20): error C2061: syntax error : identifier 'atanf' [C:\Users\skinny\projects\lightspark\llvm\CMakeFiles\CMakeTmp\cmTryCompileExec.vcxproj]
  C:\Program Files\Microsoft Visual Studio 10.0\VC\include\cmath(20): error C2059: syntax error : ';' [C:\Users\skinny\projects\lightspark\llvm\CMakeFiles\CMakeTmp\cmTryCompileExec.vcxproj]
  C:\Program Files\Microsoft Visual Studio 10.0\VC\include\cmath(20): error C2061: syntax error : identifier 'atan2f' [C:\Users\skinny\projects\lightspark\llvm\CMakeFiles\CMakeTmp\cmTryCompileExec.vcxproj]
  C:\Program Files\Microsoft Visual Studio 10.0\VC\include\cmath(20): error C2059: syntax error : ';' [C:\Users\skinny\projects\lightspark\llvm\CMakeFiles\CMakeTmp\cmTryCompileExec.vcxproj]
  C:\Program Files\Microsoft Visual Studio 10.0\VC\include\cmath(20): error C2061: syntax error : identifier 'ceilf' [C:\Users\skinny\projects\lightspark\llvm\CMakeFiles\CMakeTmp\cmTryCompileExec.vcxproj]
  C:\Program Files\Microsoft Visual Studio 10.0\VC\include\cmath(20): error C2059: syntax error : ';' [C:\Users\skinny\projects\lightspark\llvm\CMakeFiles\CMakeTmp\cmTryCompileExec.vcxproj]
  C:\Program Files\Microsoft Visual Studio 10.0\VC\include\cmath(21): error C2061: syntax error : identifier 'cosf' [C:\Users\skinny\projects\lightspark\llvm\CMakeFiles\CMakeTmp\cmTryCompileExec.vcxproj]
  C:\Program Files\Microsoft Visual Studio 10.0\VC\include\cmath(21): error C2059: syntax error : ';' [C:\Users\skinny\projects\lightspark\llvm\CMakeFiles\CMakeTmp\cmTryCompileExec.vcxproj]
  C:\Program Files\Microsoft Visual Studio 10.0\VC\include\cmath(21): error C2061: syntax error : identifier 'coshf' [C:\Users\skinny\projects\lightspark\llvm\CMakeFiles\CMakeTmp\cmTryCompileExec.vcxproj]
  C:\Program Files\Microsoft Visual Studio 10.0\VC\include\cmath(21): error C2059: syntax error : ';' [C:\Users\skinny\projects\lightspark\llvm\CMakeFiles\CMakeTmp\cmTryCompileExec.vcxproj]
  C:\Program Files\Microsoft Visual Studio 10.0\VC\include\cmath(21): error C2061: syntax error : identifier 'expf' [C:\Users\skinny\projects\lightspark\llvm\CMakeFiles\CMakeTmp\cmTryCompileExec.vcxproj]
  C:\Program Files\Microsoft Visual Studio 10.0\VC\include\cmath(21): error C2059: syntax error : ';' [C:\Users\skinny\projects\lightspark\llvm\CMakeFiles\CMakeTmp\cmTryCompileExec.vcxproj]
  C:\Program Files\Microsoft Visual Studio 10.0\VC\include\cmath(22): error C2061: syntax error : identifier 'fabsf' [C:\Users\skinny\projects\lightspark\llvm\CMakeFiles\CMakeTmp\cmTryCompileExec.vcxproj]
  C:\Program Files\Microsoft Visual Studio 10.0\VC\include\cmath(22): error C2059: syntax error : ';' [C:\Users\skinny\projects\lightspark\llvm\CMakeFiles\CMakeTmp\cmTryCompileExec.vcxproj]
  C:\Program Files\Microsoft Visual Studio 10.0\VC\include\cmath(22): error C2061: syntax error : identifier 'floorf' [C:\Users\skinny\projects\lightspark\llvm\CMakeFiles\CMakeTmp\cmTryCompileExec.vcxproj]
  C:\Program Files\Microsoft Visual Studio 10.0\VC\include\cmath(22): error C2059: syntax error : ';' [C:\Users\skinny\projects\lightspark\llvm\CMakeFiles\CMakeTmp\cmTryCompileExec.vcxproj]
  C:\Program Files\Microsoft Visual Studio 10.0\VC\include\cmath(22): error C2061: syntax error : identifier 'fmodf' [C:\Users\skinny\projects\lightspark\llvm\CMakeFiles\CMakeTmp\cmTryCompileExec.vcxproj]
  C:\Program Files\Microsoft Visual Studio 10.0\VC\include\cmath(22): error C2059: syntax error : ';' [C:\Users\skinny\projects\lightspark\llvm\CMakeFiles\CMakeTmp\cmTryCompileExec.vcxproj]
  C:\Program Files\Microsoft Visual Studio 10.0\VC\include\cmath(23): error C2061: syntax error : identifier 'frexpf' [C:\Users\skinny\projects\lightspark\llvm\CMakeFiles\CMakeTmp\cmTryCompileExec.vcxproj]
  C:\Program Files\Microsoft Visual Studio 10.0\VC\include\cmath(23): error C2059: syntax error : ';' [C:\Users\skinny\projects\lightspark\llvm\CMakeFiles\CMakeTmp\cmTryCompileExec.vcxproj]
  C:\Program Files\Microsoft Visual Studio 10.0\VC\include\cmath(23): error C2061: syntax error : identifier 'ldexpf' [C:\Users\skinny\projects\lightspark\llvm\CMakeFiles\CMakeTmp\cmTryCompileExec.vcxproj]
  C:\Program Files\Microsoft Visual Studio 10.0\VC\include\cmath(23): error C2059: syntax error : ';' [C:\Users\skinny\projects\lightspark\llvm\CMakeFiles\CMakeTmp\cmTryCompileExec.vcxproj]
  C:\Program Files\Microsoft Visual Studio 10.0\VC\include\cmath(23): error C2061: syntax error : identifier 'logf' [C:\Users\skinny\projects\lightspark\llvm\CMakeFiles\CMakeTmp\cmTryCompileExec.vcxproj]
  C:\Program Files\Microsoft Visual Studio 10.0\VC\include\cmath(23): error C2059: syntax error : ';' [C:\Users\skinny\projects\lightspark\llvm\CMakeFiles\CMakeTmp\cmTryCompileExec.vcxproj]
  C:\Program Files\Microsoft Visual Studio 10.0\VC\include\cmath(24): error C2061: syntax error : identifier 'log10f' [C:\Users\skinny\projects\lightspark\llvm\CMakeFiles\CMakeTmp\cmTryCompileExec.vcxproj]
  C:\Program Files\Microsoft Visual Studio 10.0\VC\include\cmath(24): error C2059: syntax error : ';' [C:\Users\skinny\projects\lightspark\llvm\CMakeFiles\CMakeTmp\cmTryCompileExec.vcxproj]
  C:\Program Files\Microsoft Visual Studio 10.0\VC\include\cmath(24): error C2061: syntax error : identifier 'modff' [C:\Users\skinny\projects\lightspark\llvm\CMakeFiles\CMakeTmp\cmTryCompileExec.vcxproj]
  C:\Program Files\Microsoft Visual Studio 10.0\VC\include\cmath(24): error C2059: syntax error : ';' [C:\Users\skinny\projects\lightspark\llvm\CMakeFiles\CMakeTmp\cmTryCompileExec.vcxproj]
  C:\Program Files\Microsoft Visual Studio 10.0\VC\include\cmath(24): error C2061: syntax error : identifier 'powf' [C:\Users\skinny\projects\lightspark\llvm\CMakeFiles\CMakeTmp\cmTryCompileExec.vcxproj]
  C:\Program Files\Microsoft Visual Studio 10.0\VC\include\cmath(24): error C2059: syntax error : ';' [C:\Users\skinny\projects\lightspark\llvm\CMakeFiles\CMakeTmp\cmTryCompileExec.vcxproj]
  C:\Program Files\Microsoft Visual Studio 10.0\VC\include\cmath(25): error C2061: syntax error : identifier 'sinf' [C:\Users\skinny\projects\lightspark\llvm\CMakeFiles\CMakeTmp\cmTryCompileExec.vcxproj]
  C:\Program Files\Microsoft Visual Studio 10.0\VC\include\cmath(25): error C2059: syntax error : ';' [C:\Users\skinny\projects\lightspark\llvm\CMakeFiles\CMakeTmp\cmTryCompileExec.vcxproj]
  C:\Program Files\Microsoft Visual Studio 10.0\VC\include\cmath(25): error C2061: syntax error : identifier 'sinhf' [C:\Users\skinny\projects\lightspark\llvm\CMakeFiles\CMakeTmp\cmTryCompileExec.vcxproj]
  C:\Program Files\Microsoft Visual Studio 10.0\VC\include\cmath(25): error C2059: syntax error : ';' [C:\Users\skinny\projects\lightspark\llvm\CMakeFiles\CMakeTmp\cmTryCompileExec.vcxproj]
  C:\Program Files\Microsoft Visual Studio 10.0\VC\include\cmath(25): error C2061: syntax error : identifier 'sqrtf' [C:\Users\skinny\projects\lightspark\llvm\CMakeFiles\CMakeTmp\cmTryCompileExec.vcxproj]
  C:\Program Files\Microsoft Visual Studio 10.0\VC\include\cmath(25): error C2059: syntax error : ';' [C:\Users\skinny\projects\lightspark\llvm\CMakeFiles\CMakeTmp\cmTryCompileExec.vcxproj]
  C:\Program Files\Microsoft Visual Studio 10.0\VC\include\cmath(26): error C2061: syntax error : identifier 'tanf' [C:\Users\skinny\projects\lightspark\llvm\CMakeFiles\CMakeTmp\cmTryCompileExec.vcxproj]
  C:\Program Files\Microsoft Visual Studio 10.0\VC\include\cmath(26): error C2059: syntax error : ';' [C:\Users\skinny\projects\lightspark\llvm\CMakeFiles\CMakeTmp\cmTryCompileExec.vcxproj]
  C:\Program Files\Microsoft Visual Studio 10.0\VC\include\cmath(26): error C2061: syntax error : identifier 'tanhf' [C:\Users\skinny\projects\lightspark\llvm\CMakeFiles\CMakeTmp\cmTryCompileExec.vcxproj]
  C:\Program Files\Microsoft Visual Studio 10.0\VC\include\cmath(26): error C2059: syntax error : ';' [C:\Users\skinny\projects\lightspark\llvm\CMakeFiles\CMakeTmp\cmTryCompileExec.vcxproj]
  C:\Program Files\Microsoft Visual Studio 10.0\VC\include\cmath(28): error C2061: syntax error : identifier 'acosl' [C:\Users\skinny\projects\lightspark\llvm\CMakeFiles\CMakeTmp\cmTryCompileExec.vcxproj]
  C:\Program Files\Microsoft Visual Studio 10.0\VC\include\cmath(28): error C2059: syntax error : ';' [C:\Users\skinny\projects\lightspark\llvm\CMakeFiles\CMakeTmp\cmTryCompileExec.vcxproj]
  C:\Program Files\Microsoft Visual Studio 10.0\VC\include\cmath(28): error C2061: syntax error : identifier 'asinl' [C:\Users\skinny\projects\lightspark\llvm\CMakeFiles\CMakeTmp\cmTryCompileExec.vcxproj]
  C:\Program Files\Microsoft Visual Studio 10.0\VC\include\cmath(28): error C2059: syntax error : ';' [C:\Users\skinny\projects\lightspark\llvm\CMakeFiles\CMakeTmp\cmTryCompileExec.vcxproj]
  C:\Program Files\Microsoft Visual Studio 10.0\VC\include\cmath(29): error C2061: syntax error : identifier 'atanl' [C:\Users\skinny\projects\lightspark\llvm\CMakeFiles\CMakeTmp\cmTryCompileExec.vcxproj]
  C:\Program Files\Microsoft Visual Studio 10.0\VC\include\cmath(29): error C2059: syntax error : ';' [C:\Users\skinny\projects\lightspark\llvm\CMakeFiles\CMakeTmp\cmTryCompileExec.vcxproj]
  C:\Program Files\Microsoft Visual Studio 10.0\VC\include\cmath(29): error C2061: syntax error : identifier 'atan2l' [C:\Users\skinny\projects\lightspark\llvm\CMakeFiles\CMakeTmp\cmTryCompileExec.vcxproj]
  C:\Program Files\Microsoft Visual Studio 10.0\VC\include\cmath(29): error C2059: syntax error : ';' [C:\Users\skinny\projects\lightspark\llvm\CMakeFiles\CMakeTmp\cmTryCompileExec.vcxproj]
  C:\Program Files\Microsoft Visual Studio 10.0\VC\include\cmath(29): error C2061: syntax error : identifier 'ceill' [C:\Users\skinny\projects\lightspark\llvm\CMakeFiles\CMakeTmp\cmTryCompileExec.vcxproj]
  C:\Program Files\Microsoft Visual Studio 10.0\VC\include\cmath(29): error C2059: syntax error : ';' [C:\Users\skinny\projects\lightspark\llvm\CMakeFiles\CMakeTmp\cmTryCompileExec.vcxproj]
  C:\Program Files\Microsoft Visual Studio 10.0\VC\include\cmath(30): error C2061: syntax error : identifier 'cosl' [C:\Users\skinny\projects\lightspark\llvm\CMakeFiles\CMakeTmp\cmTryCompileExec.vcxproj]
  C:\Program Files\Microsoft Visual Studio 10.0\VC\include\cmath(30): error C2059: syntax error : ';' [C:\Users\skinny\projects\lightspark\llvm\CMakeFiles\CMakeTmp\cmTryCompileExec.vcxproj]
  C:\Program Files\Microsoft Visual Studio 10.0\VC\include\cmath(30): error C2061: syntax error : identifier 'coshl' [C:\Users\skinny\projects\lightspark\llvm\CMakeFiles\CMakeTmp\cmTryCompileExec.vcxproj]
  C:\Program Files\Microsoft Visual Studio 10.0\VC\include\cmath(30): error C2059: syntax error : ';' [C:\Users\skinny\projects\lightspark\llvm\CMakeFiles\CMakeTmp\cmTryCompileExec.vcxproj]
  C:\Program Files\Microsoft Visual Studio 10.0\VC\include\cmath(30): error C2061: syntax error : identifier 'expl' [C:\Users\skinny\projects\lightspark\llvm\CMakeFiles\CMakeTmp\cmTryCompileExec.vcxproj]
  C:\Program Files\Microsoft Visual Studio 10.0\VC\include\cmath(30): error C2059: syntax error : ';' [C:\Users\skinny\projects\lightspark\llvm\CMakeFiles\CMakeTmp\cmTryCompileExec.vcxproj]
  C:\Program Files\Microsoft Visual Studio 10.0\VC\include\cmath(31): error C2061: syntax error : identifier 'fabsl' [C:\Users\skinny\projects\lightspark\llvm\CMakeFiles\CMakeTmp\cmTryCompileExec.vcxproj]
  C:\Program Files\Microsoft Visual Studio 10.0\VC\include\cmath(31): error C2059: syntax error : ';' [C:\Users\skinny\projects\lightspark\llvm\CMakeFiles\CMakeTmp\cmTryCompileExec.vcxproj]
  C:\Program Files\Microsoft Visual Studio 10.0\VC\include\cmath(31): error C2061: syntax error : identifier 'floorl' [C:\Users\skinny\projects\lightspark\llvm\CMakeFiles\CMakeTmp\cmTryCompileExec.vcxproj]
  C:\Program Files\Microsoft Visual Studio 10.0\VC\include\cmath(31): error C2059: syntax error : ';' [C:\Users\skinny\projects\lightspark\llvm\CMakeFiles\CMakeTmp\cmTryCompileExec.vcxproj]
  C:\Program Files\Microsoft Visual Studio 10.0\VC\include\cmath(31): error C2061: syntax error : identifier 'fmodl' [C:\Users\skinny\projects\lightspark\llvm\CMakeFiles\CMakeTmp\cmTryCompileExec.vcxproj]
  C:\Program Files\Microsoft Visual Studio 10.0\VC\include\cmath(31): error C2059: syntax error : ';' [C:\Users\skinny\projects\lightspark\llvm\CMakeFiles\CMakeTmp\cmTryCompileExec.vcxproj]
  C:\Program Files\Microsoft Visual Studio 10.0\VC\include\cmath(32): error C2061: syntax error : identifier 'frexpl' [C:\Users\skinny\projects\lightspark\llvm\CMakeFiles\CMakeTmp\cmTryCompileExec.vcxproj]
  C:\Program Files\Microsoft Visual Studio 10.0\VC\include\cmath(32): error C2059: syntax error : ';' [C:\Users\skinny\projects\lightspark\llvm\CMakeFiles\CMakeTmp\cmTryCompileExec.vcxproj]
  C:\Program Files\Microsoft Visual Studio 10.0\VC\include\cmath(32): error C2061: syntax error : identifier 'ldexpl' [C:\Users\skinny\projects\lightspark\llvm\CMakeFiles\CMakeTmp\cmTryCompileExec.vcxproj]
  C:\Program Files\Microsoft Visual Studio 10.0\VC\include\cmath(32): error C2059: syntax error : ';' [C:\Users\skinny\projects\lightspark\llvm\CMakeFiles\CMakeTmp\cmTryCompileExec.vcxproj]
  C:\Program Files\Microsoft Visual Studio 10.0\VC\include\cmath(32): error C2061: syntax error : identifier 'logl' [C:\Users\skinny\projects\lightspark\llvm\CMakeFiles\CMakeTmp\cmTryCompileExec.vcxproj]
  C:\Program Files\Microsoft Visual Studio 10.0\VC\include\cmath(32): error C2059: syntax error : ';' [C:\Users\skinny\projects\lightspark\llvm\CMakeFiles\CMakeTmp\cmTryCompileExec.vcxproj]
  C:\Program Files\Microsoft Visual Studio 10.0\VC\include\cmath(33): error C2061: syntax error : identifier 'log10l' [C:\Users\skinny\projects\lightspark\llvm\CMakeFiles\CMakeTmp\cmTryCompileExec.vcxproj]
  C:\Program Files\Microsoft Visual Studio 10.0\VC\include\cmath(33): error C2059: syntax error : ';' [C:\Users\skinny\projects\lightspark\llvm\CMakeFiles\CMakeTmp\cmTryCompileExec.vcxproj]
  C:\Program Files\Microsoft Visual Studio 10.0\VC\include\cmath(33): error C2061: syntax error : identifier 'modfl' [C:\Users\skinny\projects\lightspark\llvm\CMakeFiles\CMakeTmp\cmTryCompileExec.vcxproj]
  C:\Program Files\Microsoft Visual Studio 10.0\VC\include\cmath(33): error C2059: syntax error : ';' [C:\Users\skinny\projects\lightspark\llvm\CMakeFiles\CMakeTmp\cmTryCompileExec.vcxproj]
  C:\Program Files\Microsoft Visual Studio 10.0\VC\include\cmath(33): error C2061: syntax error : identifier 'powl' [C:\Users\skinny\projects\lightspark\llvm\CMakeFiles\CMakeTmp\cmTryCompileExec.vcxproj]
  C:\Program Files\Microsoft Visual Studio 10.0\VC\include\cmath(33): error C2059: syntax error : ';' [C:\Users\skinny\projects\lightspark\llvm\CMakeFiles\CMakeTmp\cmTryCompileExec.vcxproj]
  C:\Program Files\Microsoft Visual Studio 10.0\VC\include\cmath(34): error C2061: syntax error : identifier 'sinl' [C:\Users\skinny\projects\lightspark\llvm\CMakeFiles\CMakeTmp\cmTryCompileExec.vcxproj]
  C:\Program Files\Microsoft Visual Studio 10.0\VC\include\cmath(34): error C2059: syntax error : ';' [C:\Users\skinny\projects\lightspark\llvm\CMakeFiles\CMakeTmp\cmTryCompileExec.vcxproj]
  C:\Program Files\Microsoft Visual Studio 10.0\VC\include\cmath(34): error C2061: syntax error : identifier 'sinhl' [C:\Users\skinny\projects\lightspark\llvm\CMakeFiles\CMakeTmp\cmTryCompileExec.vcxproj]
  C:\Program Files\Microsoft Visual Studio 10.0\VC\include\cmath(34): error C2059: syntax error : ';' [C:\Users\skinny\projects\lightspark\llvm\CMakeFiles\CMakeTmp\cmTryCompileExec.vcxproj]
  C:\Program Files\Microsoft Visual Studio 10.0\VC\include\cmath(34): error C2061: syntax error : identifier 'sqrtl' [C:\Users\skinny\projects\lightspark\llvm\CMakeFiles\CMakeTmp\cmTryCompileExec.vcxproj]
  C:\Program Files\Microsoft Visual Studio 10.0\VC\include\cmath(34): error C2059: syntax error : ';' [C:\Users\skinny\projects\lightspark\llvm\CMakeFiles\CMakeTmp\cmTryCompileExec.vcxproj]
  C:\Program Files\Microsoft Visual Studio 10.0\VC\include\cmath(35): error C2061: syntax error : identifier 'tanl' [C:\Users\skinny\projects\lightspark\llvm\CMakeFiles\CMakeTmp\cmTryCompileExec.vcxproj]
  C:\Program Files\Microsoft Visual Studio 10.0\VC\include\cmath(35): error C2059: syntax error : ';' [C:\Users\skinny\projects\lightspark\llvm\CMakeFiles\CMakeTmp\cmTryCompileExec.vcxproj]
  C:\Program Files\Microsoft Visual Studio 10.0\VC\include\cmath(35): error C2061: syntax error : identifier 'tanhl' [C:\Users\skinny\projects\lightspark\llvm\CMakeFiles\CMakeTmp\cmTryCompileExec.vcxproj]
  C:\Program Files\Microsoft Visual Studio 10.0\VC\include\cmath(35): error C2059: syntax error : ';' [C:\Users\skinny\projects\lightspark\llvm\CMakeFiles\CMakeTmp\cmTryCompileExec.vcxproj]
  C:\Program Files\Microsoft Visual Studio 10.0\VC\include\cmath(37): error C2061: syntax error : identifier 'abs' [C:\Users\skinny\projects\lightspark\llvm\CMakeFiles\CMakeTmp\cmTryCompileExec.vcxproj]
  C:\Program Files\Microsoft Visual Studio 10.0\VC\include\cmath(37): error C2059: syntax error : ';' [C:\Users\skinny\projects\lightspark\llvm\CMakeFiles\CMakeTmp\cmTryCompileExec.vcxproj]
  C:\Program Files\Microsoft Visual Studio 10.0\VC\include\cmath(39): error C2061: syntax error : identifier 'acos' [C:\Users\skinny\projects\lightspark\llvm\CMakeFiles\CMakeTmp\cmTryCompileExec.vcxproj]
  C:\Program Files\Microsoft Visual Studio 10.0\VC\include\cmath(39): error C2059: syntax error : ';' [C:\Users\skinny\projects\lightspark\llvm\CMakeFiles\CMakeTmp\cmTryCompileExec.vcxproj]
  C:\Program Files\Microsoft Visual Studio 10.0\VC\include\cmath(39): error C2061: syntax error : identifier 'asin' [C:\Users\skinny\projects\lightspark\llvm\CMakeFiles\CMakeTmp\cmTryCompileExec.vcxproj]
  C:\Program Files\Microsoft Visual Studio 10.0\VC\include\cmath(39): error C2059: syntax error : ';' [C:\Users\skinny\projects\lightspark\llvm\CMakeFiles\CMakeTmp\cmTryCompileExec.vcxproj]
  C:\Program Files\Microsoft Visual Studio 10.0\VC\include\cmath(40): error C2061: syntax error : identifier 'atan' [C:\Users\skinny\projects\lightspark\llvm\CMakeFiles\CMakeTmp\cmTryCompileExec.vcxproj]
  C:\Program Files\Microsoft Visual Studio 10.0\VC\include\cmath(40): error C2059: syntax error : ';' [C:\Users\skinny\projects\lightspark\llvm\CMakeFiles\CMakeTmp\cmTryCompileExec.vcxproj]
  C:\Program Files\Microsoft Visual Studio 10.0\VC\include\cmath(40): error C2061: syntax error : identifier 'atan2' [C:\Users\skinny\projects\lightspark\llvm\CMakeFiles\CMakeTmp\cmTryCompileExec.vcxproj]
  C:\Program Files\Microsoft Visual Studio 10.0\VC\include\cmath(40): error C2059: syntax error : ';' [C:\Users\skinny\projects\lightspark\llvm\CMakeFiles\CMakeTmp\cmTryCompileExec.vcxproj]
  C:\Program Files\Microsoft Visual Studio 10.0\VC\include\cmath(40): error C2061: syntax error : identifier 'ceil' [C:\Users\skinny\projects\lightspark\llvm\CMakeFiles\CMakeTmp\cmTryCompileExec.vcxproj]
  C:\Program Files\Microsoft Visual Studio 10.0\VC\include\cmath(40): error C2059: syntax error : ';' [C:\Users\skinny\projects\lightspark\llvm\CMakeFiles\CMakeTmp\cmTryCompileExec.vcxproj]
  C:\Program Files\Microsoft Visual Studio 10.0\VC\include\cmath(41): error C2061: syntax error : identifier 'cos' [C:\Users\skinny\projects\lightspark\llvm\CMakeFiles\CMakeTmp\cmTryCompileExec.vcxproj]
  C:\Program Files\Microsoft Visual Studio 10.0\VC\include\cmath(41): fatal error C1003: error count exceeds 100; stopping compilation [C:\Users\skinny\projects\lightspark\llvm\CMakeFiles\CMakeTmp\cmTryCompileExec.vcxproj]

    1 Warning(s)
    102 Error(s)

Time Elapsed 00:00:00.22

File C:/Users/skinny/projects/lightspark/llvm/CMakeFiles/CMakeTmp/CheckSymbolExists.c:
/* */
#include <cmath>

void cmakeRequireSymbol(int dummy,...){(void)dummy;}
int main()
{
#ifndef isnan
  cmakeRequireSymbol(0,&isnan);
#endif
  return 0;
}

Determining if the isnan exist failed with the following output:
Change Dir: C:/Users/skinny/projects/lightspark/llvm/CMakeFiles/CMakeTmp

Run Build Command:C:\WINDOWS\Microsoft.NET\Framework\v4.0.30319\MSBuild.exe cmTryCompileExec.vcxproj /p:Configuration=Debug
Microsoft (R) Build Engine Version 4.0.30319.1
[Microsoft .NET Framework, Version 4.0.30319.1]
Copyright (C) Microsoft Corporation 2007. All rights reserved.

Build started 7/26/2010 1:08:22 PM.
Project "C:\Users\skinny\projects\lightspark\llvm\CMakeFiles\CMakeTmp\cmTryCompileExec.vcxproj" on node 1 (default targets).
InitializeBuildStatus:
  Creating "cmTryCompileExec.dir\Debug\cmTryCompileExec.unsuccessfulbuild" because "AlwaysCreate" was specified.
ClCompile:
  C:\Program Files\Microsoft Visual Studio 10.0\VC\bin\CL.exe /c /Zi /nologo- /W3 /WX- /Od /Ob0 /Oy- /D WIN32 /D _WINDOWS /D _DEBUG /D "CMAKE_INTDIR=\"Debug\"" /D _MBCS /Gm- /RTC1 /MDd /GS /fp:precise /Zc:wchar_t /Zc:forScope /Fo"cmTryCompileExec.dir\Debug\\" /Fd"C:/Users/skinny/projects/lightspark/llvm/CMakeFiles/CMakeTmp/Debug/cmTryCompileExec.pdb" /Gd /TC /analyze- /errorReport:queue CheckSymbolExists.c  /Zm1000 
  Microsoft (R) 32-bit C/C++ Optimizing Compiler Version 16.00.30319.01 for 80x86
  Copyright (C) Microsoft Corporation.  All rights reserved.
  
  cl /c /Zi /nologo- /W3 /WX- /Od /Ob0 /Oy- /D WIN32 /D _WINDOWS /D _DEBUG /D "CMAKE_INTDIR=\"Debug\"" /D _MBCS /Gm- /RTC1 /MDd /GS /fp:precise /Zc:wchar_t /Zc:forScope /Fo"cmTryCompileExec.dir\Debug\\" /Fd"C:/Users/skinny/projects/lightspark/llvm/CMakeFiles/CMakeTmp/Debug/cmTryCompileExec.pdb" /Gd /TC /analyze- /errorReport:queue CheckSymbolExists.c  /Zm1000 
cl : Command line warning D9035: option 'nologo-' has been deprecated and will be removed in a future release [C:\Users\skinny\projects\lightspark\llvm\CMakeFiles\CMakeTmp\cmTryCompileExec.vcxproj]
  CheckSymbolExists.c
  
CheckSymbolExists.c(8): error C2065: 'isnan' : undeclared identifier [C:\Users\skinny\projects\lightspark\llvm\CMakeFiles\CMakeTmp\cmTryCompileExec.vcxproj]
Done Building Project "C:\Users\skinny\projects\lightspark\llvm\CMakeFiles\CMakeTmp\cmTryCompileExec.vcxproj" (default targets) -- FAILED.

Build FAILED.

"C:\Users\skinny\projects\lightspark\llvm\CMakeFiles\CMakeTmp\cmTryCompileExec.vcxproj" (default target) (1) ->
(ClCompile target) -> 
  cl : Command line warning D9035: option 'nologo-' has been deprecated and will be removed in a future release [C:\Users\skinny\projects\lightspark\llvm\CMakeFiles\CMakeTmp\cmTryCompileExec.vcxproj]


"C:\Users\skinny\projects\lightspark\llvm\CMakeFiles\CMakeTmp\cmTryCompileExec.vcxproj" (default target) (1) ->
(ClCompile target) -> 
  CheckSymbolExists.c(8): error C2065: 'isnan' : undeclared identifier [C:\Users\skinny\projects\lightspark\llvm\CMakeFiles\CMakeTmp\cmTryCompileExec.vcxproj]

    1 Warning(s)
    1 Error(s)

Time Elapsed 00:00:00.21

File C:/Users/skinny/projects/lightspark/llvm/CMakeFiles/CMakeTmp/CheckSymbolExists.c:
/* */
#include <math.h>

void cmakeRequireSymbol(int dummy,...){(void)dummy;}
int main()
{
#ifndef isnan
  cmakeRequireSymbol(0,&isnan);
#endif
  return 0;
}

Determining if the nearbyintf exist failed with the following output:
Change Dir: C:/Users/skinny/projects/lightspark/llvm/CMakeFiles/CMakeTmp

Run Build Command:C:\WINDOWS\Microsoft.NET\Framework\v4.0.30319\MSBuild.exe cmTryCompileExec.vcxproj /p:Configuration=Debug
Microsoft (R) Build Engine Version 4.0.30319.1
[Microsoft .NET Framework, Version 4.0.30319.1]
Copyright (C) Microsoft Corporation 2007. All rights reserved.

Build started 7/26/2010 1:08:24 PM.
Project "C:\Users\skinny\projects\lightspark\llvm\CMakeFiles\CMakeTmp\cmTryCompileExec.vcxproj" on node 1 (default targets).
InitializeBuildStatus:
  Creating "cmTryCompileExec.dir\Debug\cmTryCompileExec.unsuccessfulbuild" because "AlwaysCreate" was specified.
ClCompile:
  C:\Program Files\Microsoft Visual Studio 10.0\VC\bin\CL.exe /c /Zi /nologo- /W3 /WX- /Od /Ob0 /Oy- /D WIN32 /D _WINDOWS /D _DEBUG /D "CMAKE_INTDIR=\"Debug\"" /D _MBCS /Gm- /RTC1 /MDd /GS /fp:precise /Zc:wchar_t /Zc:forScope /Fo"cmTryCompileExec.dir\Debug\\" /Fd"C:/Users/skinny/projects/lightspark/llvm/CMakeFiles/CMakeTmp/Debug/cmTryCompileExec.pdb" /Gd /TC /analyze- /errorReport:queue CheckSymbolExists.c  /Zm1000 
  Microsoft (R) 32-bit C/C++ Optimizing Compiler Version 16.00.30319.01 for 80x86
  Copyright (C) Microsoft Corporation.  All rights reserved.
  
  cl /c /Zi /nologo- /W3 /WX- /Od /Ob0 /Oy- /D WIN32 /D _WINDOWS /D _DEBUG /D "CMAKE_INTDIR=\"Debug\"" /D _MBCS /Gm- /RTC1 /MDd /GS /fp:precise /Zc:wchar_t /Zc:forScope /Fo"cmTryCompileExec.dir\Debug\\" /Fd"C:/Users/skinny/projects/lightspark/llvm/CMakeFiles/CMakeTmp/Debug/cmTryCompileExec.pdb" /Gd /TC /analyze- /errorReport:queue CheckSymbolExists.c  /Zm1000 
cl : Command line warning D9035: option 'nologo-' has been deprecated and will be removed in a future release [C:\Users\skinny\projects\lightspark\llvm\CMakeFiles\CMakeTmp\cmTryCompileExec.vcxproj]
  
  CheckSymbolExists.c
CheckSymbolExists.c(8): error C2065: 'nearbyintf' : undeclared identifier [C:\Users\skinny\projects\lightspark\llvm\CMakeFiles\CMakeTmp\cmTryCompileExec.vcxproj]
Done Building Project "C:\Users\skinny\projects\lightspark\llvm\CMakeFiles\CMakeTmp\cmTryCompileExec.vcxproj" (default targets) -- FAILED.

Build FAILED.

"C:\Users\skinny\projects\lightspark\llvm\CMakeFiles\CMakeTmp\cmTryCompileExec.vcxproj" (default target) (1) ->
(ClCompile target) -> 
  cl : Command line warning D9035: option 'nologo-' has been deprecated and will be removed in a future release [C:\Users\skinny\projects\lightspark\llvm\CMakeFiles\CMakeTmp\cmTryCompileExec.vcxproj]


"C:\Users\skinny\projects\lightspark\llvm\CMakeFiles\CMakeTmp\cmTryCompileExec.vcxproj" (default target) (1) ->
(ClCompile target) -> 
  CheckSymbolExists.c(8): error C2065: 'nearbyintf' : undeclared identifier [C:\Users\skinny\projects\lightspark\llvm\CMakeFiles\CMakeTmp\cmTryCompileExec.vcxproj]

    1 Warning(s)
    1 Error(s)

Time Elapsed 00:00:00.21

File C:/Users/skinny/projects/lightspark/llvm/CMakeFiles/CMakeTmp/CheckSymbolExists.c:
/* */
#include <math.h>

void cmakeRequireSymbol(int dummy,...){(void)dummy;}
int main()
{
#ifndef nearbyintf
  cmakeRequireSymbol(0,&nearbyintf);
#endif
  return 0;
}

Determining if the mallinfo exist failed with the following output:
Change Dir: C:/Users/skinny/projects/lightspark/llvm/CMakeFiles/CMakeTmp

Run Build Command:C:\WINDOWS\Microsoft.NET\Framework\v4.0.30319\MSBuild.exe cmTryCompileExec.vcxproj /p:Configuration=Debug
Microsoft (R) Build Engine Version 4.0.30319.1
[Microsoft .NET Framework, Version 4.0.30319.1]
Copyright (C) Microsoft Corporation 2007. All rights reserved.

Build started 7/26/2010 1:08:25 PM.
Project "C:\Users\skinny\projects\lightspark\llvm\CMakeFiles\CMakeTmp\cmTryCompileExec.vcxproj" on node 1 (default targets).
InitializeBuildStatus:
  Creating "cmTryCompileExec.dir\Debug\cmTryCompileExec.unsuccessfulbuild" because "AlwaysCreate" was specified.
ClCompile:
  C:\Program Files\Microsoft Visual Studio 10.0\VC\bin\CL.exe /c /Zi /nologo- /W3 /WX- /Od /Ob0 /Oy- /D WIN32 /D _WINDOWS /D _DEBUG /D "CMAKE_INTDIR=\"Debug\"" /D _MBCS /Gm- /RTC1 /MDd /GS /fp:precise /Zc:wchar_t /Zc:forScope /Fo"cmTryCompileExec.dir\Debug\\" /Fd"C:/Users/skinny/projects/lightspark/llvm/CMakeFiles/CMakeTmp/Debug/cmTryCompileExec.pdb" /Gd /TC /analyze- /errorReport:queue CheckSymbolExists.c  /Zm1000 
  Microsoft (R) 32-bit C/C++ Optimizing Compiler Version 16.00.30319.01 for 80x86
  Copyright (C) Microsoft Corporation.  All rights reserved.
  
  cl /c /Zi /nologo- /W3 /WX- /Od /Ob0 /Oy- /D WIN32 /D _WINDOWS /D _DEBUG /D "CMAKE_INTDIR=\"Debug\"" /D _MBCS /Gm- /RTC1 /MDd /GS /fp:precise /Zc:wchar_t /Zc:forScope /Fo"cmTryCompileExec.dir\Debug\\" /Fd"C:/Users/skinny/projects/lightspark/llvm/CMakeFiles/CMakeTmp/Debug/cmTryCompileExec.pdb" /Gd /TC /analyze- /errorReport:queue CheckSymbolExists.c  /Zm1000 
cl : Command line warning D9035: option 'nologo-' has been deprecated and will be removed in a future release [C:\Users\skinny\projects\lightspark\llvm\CMakeFiles\CMakeTmp\cmTryCompileExec.vcxproj]
  CheckSymbolExists.c
  
CheckSymbolExists.c(8): error C2065: 'mallinfo' : undeclared identifier [C:\Users\skinny\projects\lightspark\llvm\CMakeFiles\CMakeTmp\cmTryCompileExec.vcxproj]
Done Building Project "C:\Users\skinny\projects\lightspark\llvm\CMakeFiles\CMakeTmp\cmTryCompileExec.vcxproj" (default targets) -- FAILED.

Build FAILED.

"C:\Users\skinny\projects\lightspark\llvm\CMakeFiles\CMakeTmp\cmTryCompileExec.vcxproj" (default target) (1) ->
(ClCompile target) -> 
  cl : Command line warning D9035: option 'nologo-' has been deprecated and will be removed in a future release [C:\Users\skinny\projects\lightspark\llvm\CMakeFiles\CMakeTmp\cmTryCompileExec.vcxproj]


"C:\Users\skinny\projects\lightspark\llvm\CMakeFiles\CMakeTmp\cmTryCompileExec.vcxproj" (default target) (1) ->
(ClCompile target) -> 
  CheckSymbolExists.c(8): error C2065: 'mallinfo' : undeclared identifier [C:\Users\skinny\projects\lightspark\llvm\CMakeFiles\CMakeTmp\cmTryCompileExec.vcxproj]

    1 Warning(s)
    1 Error(s)

Time Elapsed 00:00:00.21

File C:/Users/skinny/projects/lightspark/llvm/CMakeFiles/CMakeTmp/CheckSymbolExists.c:
/* */
#include <malloc.h>

void cmakeRequireSymbol(int dummy,...){(void)dummy;}
int main()
{
#ifndef mallinfo
  cmakeRequireSymbol(0,&mallinfo);
#endif
  return 0;
}

Determining if the malloc_zone_statistics exist failed with the following output:
Change Dir: C:/Users/skinny/projects/lightspark/llvm/CMakeFiles/CMakeTmp

Run Build Command:C:\WINDOWS\Microsoft.NET\Framework\v4.0.30319\MSBuild.exe cmTryCompileExec.vcxproj /p:Configuration=Debug
Microsoft (R) Build Engine Version 4.0.30319.1
[Microsoft .NET Framework, Version 4.0.30319.1]
Copyright (C) Microsoft Corporation 2007. All rights reserved.

Build started 7/26/2010 1:08:25 PM.
Project "C:\Users\skinny\projects\lightspark\llvm\CMakeFiles\CMakeTmp\cmTryCompileExec.vcxproj" on node 1 (default targets).
InitializeBuildStatus:
  Creating "cmTryCompileExec.dir\Debug\cmTryCompileExec.unsuccessfulbuild" because "AlwaysCreate" was specified.
ClCompile:
  C:\Program Files\Microsoft Visual Studio 10.0\VC\bin\CL.exe /c /Zi /nologo- /W3 /WX- /Od /Ob0 /Oy- /D WIN32 /D _WINDOWS /D _DEBUG /D "CMAKE_INTDIR=\"Debug\"" /D _MBCS /Gm- /RTC1 /MDd /GS /fp:precise /Zc:wchar_t /Zc:forScope /Fo"cmTryCompileExec.dir\Debug\\" /Fd"C:/Users/skinny/projects/lightspark/llvm/CMakeFiles/CMakeTmp/Debug/cmTryCompileExec.pdb" /Gd /TC /analyze- /errorReport:queue CheckSymbolExists.c  /Zm1000 
  Microsoft (R) 32-bit C/C++ Optimizing Compiler Version 16.00.30319.01 for 80x86
  Copyright (C) Microsoft Corporation.  All rights reserved.
  
  cl /c /Zi /nologo- /W3 /WX- /Od /Ob0 /Oy- /D WIN32 /D _WINDOWS /D _DEBUG /D "CMAKE_INTDIR=\"Debug\"" /D _MBCS /Gm- /RTC1 /MDd /GS /fp:precise /Zc:wchar_t /Zc:forScope /Fo"cmTryCompileExec.dir\Debug\\" /Fd"C:/Users/skinny/projects/lightspark/llvm/CMakeFiles/CMakeTmp/Debug/cmTryCompileExec.pdb" /Gd /TC /analyze- /errorReport:queue CheckSymbolExists.c  /Zm1000 
cl : Command line warning D9035: option 'nologo-' has been deprecated and will be removed in a future release [C:\Users\skinny\projects\lightspark\llvm\CMakeFiles\CMakeTmp\cmTryCompileExec.vcxproj]
  CheckSymbolExists.c
  
CheckSymbolExists.c(2): fatal error C1083: Cannot open include file: 'malloc/malloc.h': No such file or directory [C:\Users\skinny\projects\lightspark\llvm\CMakeFiles\CMakeTmp\cmTryCompileExec.vcxproj]
Done Building Project "C:\Users\skinny\projects\lightspark\llvm\CMakeFiles\CMakeTmp\cmTryCompileExec.vcxproj" (default targets) -- FAILED.

Build FAILED.

"C:\Users\skinny\projects\lightspark\llvm\CMakeFiles\CMakeTmp\cmTryCompileExec.vcxproj" (default target) (1) ->
(ClCompile target) -> 
  cl : Command line warning D9035: option 'nologo-' has been deprecated and will be removed in a future release [C:\Users\skinny\projects\lightspark\llvm\CMakeFiles\CMakeTmp\cmTryCompileExec.vcxproj]


"C:\Users\skinny\projects\lightspark\llvm\CMakeFiles\CMakeTmp\cmTryCompileExec.vcxproj" (default target) (1) ->
(ClCompile target) -> 
  CheckSymbolExists.c(2): fatal error C1083: Cannot open include file: 'malloc/malloc.h': No such file or directory [C:\Users\skinny\projects\lightspark\llvm\CMakeFiles\CMakeTmp\cmTryCompileExec.vcxproj]

    1 Warning(s)
    1 Error(s)

Time Elapsed 00:00:00.20

File C:/Users/skinny/projects/lightspark/llvm/CMakeFiles/CMakeTmp/CheckSymbolExists.c:
/* */
#include <malloc/malloc.h>

void cmakeRequireSymbol(int dummy,...){(void)dummy;}
int main()
{
#ifndef malloc_zone_statistics
  cmakeRequireSymbol(0,&malloc_zone_statistics);
#endif
  return 0;
}

Determining if the mkdtemp exist failed with the following output:
Change Dir: C:/Users/skinny/projects/lightspark/llvm/CMakeFiles/CMakeTmp

Run Build Command:C:\WINDOWS\Microsoft.NET\Framework\v4.0.30319\MSBuild.exe cmTryCompileExec.vcxproj /p:Configuration=Debug
Microsoft (R) Build Engine Version 4.0.30319.1
[Microsoft .NET Framework, Version 4.0.30319.1]
Copyright (C) Microsoft Corporation 2007. All rights reserved.

Build started 7/26/2010 1:08:25 PM.
Project "C:\Users\skinny\projects\lightspark\llvm\CMakeFiles\CMakeTmp\cmTryCompileExec.vcxproj" on node 1 (default targets).
InitializeBuildStatus:
  Creating "cmTryCompileExec.dir\Debug\cmTryCompileExec.unsuccessfulbuild" because "AlwaysCreate" was specified.
ClCompile:
  C:\Program Files\Microsoft Visual Studio 10.0\VC\bin\CL.exe /c /Zi /nologo- /W3 /WX- /Od /Ob0 /Oy- /D WIN32 /D _WINDOWS /D _DEBUG /D "CMAKE_INTDIR=\"Debug\"" /D _MBCS /Gm- /RTC1 /MDd /GS /fp:precise /Zc:wchar_t /Zc:forScope /Fo"cmTryCompileExec.dir\Debug\\" /Fd"C:/Users/skinny/projects/lightspark/llvm/CMakeFiles/CMakeTmp/Debug/cmTryCompileExec.pdb" /Gd /TC /analyze- /errorReport:queue CheckSymbolExists.c  /Zm1000 
  Microsoft (R) 32-bit C/C++ Optimizing Compiler Version 16.00.30319.01 for 80x86
  Copyright (C) Microsoft Corporation.  All rights reserved.
  
  cl /c /Zi /nologo- /W3 /WX- /Od /Ob0 /Oy- /D WIN32 /D _WINDOWS /D _DEBUG /D "CMAKE_INTDIR=\"Debug\"" /D _MBCS /Gm- /RTC1 /MDd /GS /fp:precise /Zc:wchar_t /Zc:forScope /Fo"cmTryCompileExec.dir\Debug\\" /Fd"C:/Users/skinny/projects/lightspark/llvm/CMakeFiles/CMakeTmp/Debug/cmTryCompileExec.pdb" /Gd /TC /analyze- /errorReport:queue CheckSymbolExists.c  /Zm1000 
cl : Command line warning D9035: option 'nologo-' has been deprecated and will be removed in a future release [C:\Users\skinny\projects\lightspark\llvm\CMakeFiles\CMakeTmp\cmTryCompileExec.vcxproj]
  
  CheckSymbolExists.c
CheckSymbolExists.c(3): fatal error C1083: Cannot open include file: 'unistd.h': No such file or directory [C:\Users\skinny\projects\lightspark\llvm\CMakeFiles\CMakeTmp\cmTryCompileExec.vcxproj]
Done Building Project "C:\Users\skinny\projects\lightspark\llvm\CMakeFiles\CMakeTmp\cmTryCompileExec.vcxproj" (default targets) -- FAILED.

Build FAILED.

"C:\Users\skinny\projects\lightspark\llvm\CMakeFiles\CMakeTmp\cmTryCompileExec.vcxproj" (default target) (1) ->
(ClCompile target) -> 
  cl : Command line warning D9035: option 'nologo-' has been deprecated and will be removed in a future release [C:\Users\skinny\projects\lightspark\llvm\CMakeFiles\CMakeTmp\cmTryCompileExec.vcxproj]


"C:\Users\skinny\projects\lightspark\llvm\CMakeFiles\CMakeTmp\cmTryCompileExec.vcxproj" (default target) (1) ->
(ClCompile target) -> 
  CheckSymbolExists.c(3): fatal error C1083: Cannot open include file: 'unistd.h': No such file or directory [C:\Users\skinny\projects\lightspark\llvm\CMakeFiles\CMakeTmp\cmTryCompileExec.vcxproj]

    1 Warning(s)
    1 Error(s)

Time Elapsed 00:00:00.21

File C:/Users/skinny/projects/lightspark/llvm/CMakeFiles/CMakeTmp/CheckSymbolExists.c:
/* */
#include <stdlib.h>
#include <unistd.h>

void cmakeRequireSymbol(int dummy,...){(void)dummy;}
int main()
{
#ifndef mkdtemp
  cmakeRequireSymbol(0,&mkdtemp);
#endif
  return 0;
}

Determining if the mkstemp exist failed with the following output:
Change Dir: C:/Users/skinny/projects/lightspark/llvm/CMakeFiles/CMakeTmp

Run Build Command:C:\WINDOWS\Microsoft.NET\Framework\v4.0.30319\MSBuild.exe cmTryCompileExec.vcxproj /p:Configuration=Debug
Microsoft (R) Build Engine Version 4.0.30319.1
[Microsoft .NET Framework, Version 4.0.30319.1]
Copyright (C) Microsoft Corporation 2007. All rights reserved.

Build started 7/26/2010 1:08:26 PM.
Project "C:\Users\skinny\projects\lightspark\llvm\CMakeFiles\CMakeTmp\cmTryCompileExec.vcxproj" on node 1 (default targets).
InitializeBuildStatus:
  Creating "cmTryCompileExec.dir\Debug\cmTryCompileExec.unsuccessfulbuild" because "AlwaysCreate" was specified.
ClCompile:
  C:\Program Files\Microsoft Visual Studio 10.0\VC\bin\CL.exe /c /Zi /nologo- /W3 /WX- /Od /Ob0 /Oy- /D WIN32 /D _WINDOWS /D _DEBUG /D "CMAKE_INTDIR=\"Debug\"" /D _MBCS /Gm- /RTC1 /MDd /GS /fp:precise /Zc:wchar_t /Zc:forScope /Fo"cmTryCompileExec.dir\Debug\\" /Fd"C:/Users/skinny/projects/lightspark/llvm/CMakeFiles/CMakeTmp/Debug/cmTryCompileExec.pdb" /Gd /TC /analyze- /errorReport:queue CheckSymbolExists.c  /Zm1000 
  Microsoft (R) 32-bit C/C++ Optimizing Compiler Version 16.00.30319.01 for 80x86
  Copyright (C) Microsoft Corporation.  All rights reserved.
  
  cl /c /Zi /nologo- /W3 /WX- /Od /Ob0 /Oy- /D WIN32 /D _WINDOWS /D _DEBUG /D "CMAKE_INTDIR=\"Debug\"" /D _MBCS /Gm- /RTC1 /MDd /GS /fp:precise /Zc:wchar_t /Zc:forScope /Fo"cmTryCompileExec.dir\Debug\\" /Fd"C:/Users/skinny/projects/lightspark/llvm/CMakeFiles/CMakeTmp/Debug/cmTryCompileExec.pdb" /Gd /TC /analyze- /errorReport:queue CheckSymbolExists.c  /Zm1000 
cl : Command line warning D9035: option 'nologo-' has been deprecated and will be removed in a future release [C:\Users\skinny\projects\lightspark\llvm\CMakeFiles\CMakeTmp\cmTryCompileExec.vcxproj]
  
  CheckSymbolExists.c
CheckSymbolExists.c(3): fatal error C1083: Cannot open include file: 'unistd.h': No such file or directory [C:\Users\skinny\projects\lightspark\llvm\CMakeFiles\CMakeTmp\cmTryCompileExec.vcxproj]
Done Building Project "C:\Users\skinny\projects\lightspark\llvm\CMakeFiles\CMakeTmp\cmTryCompileExec.vcxproj" (default targets) -- FAILED.

Build FAILED.

"C:\Users\skinny\projects\lightspark\llvm\CMakeFiles\CMakeTmp\cmTryCompileExec.vcxproj" (default target) (1) ->
(ClCompile target) -> 
  cl : Command line warning D9035: option 'nologo-' has been deprecated and will be removed in a future release [C:\Users\skinny\projects\lightspark\llvm\CMakeFiles\CMakeTmp\cmTryCompileExec.vcxproj]


"C:\Users\skinny\projects\lightspark\llvm\CMakeFiles\CMakeTmp\cmTryCompileExec.vcxproj" (default target) (1) ->
(ClCompile target) -> 
  CheckSymbolExists.c(3): fatal error C1083: Cannot open include file: 'unistd.h': No such file or directory [C:\Users\skinny\projects\lightspark\llvm\CMakeFiles\CMakeTmp\cmTryCompileExec.vcxproj]

    1 Warning(s)
    1 Error(s)

Time Elapsed 00:00:00.21

File C:/Users/skinny/projects/lightspark/llvm/CMakeFiles/CMakeTmp/CheckSymbolExists.c:
/* */
#include <stdlib.h>
#include <unistd.h>

void cmakeRequireSymbol(int dummy,...){(void)dummy;}
int main()
{
#ifndef mkstemp
  cmakeRequireSymbol(0,&mkstemp);
#endif
  return 0;
}

Determining if the mktemp exist failed with the following output:
Change Dir: C:/Users/skinny/projects/lightspark/llvm/CMakeFiles/CMakeTmp

Run Build Command:C:\WINDOWS\Microsoft.NET\Framework\v4.0.30319\MSBuild.exe cmTryCompileExec.vcxproj /p:Configuration=Debug
Microsoft (R) Build Engine Version 4.0.30319.1
[Microsoft .NET Framework, Version 4.0.30319.1]
Copyright (C) Microsoft Corporation 2007. All rights reserved.

Build started 7/26/2010 1:08:26 PM.
Project "C:\Users\skinny\projects\lightspark\llvm\CMakeFiles\CMakeTmp\cmTryCompileExec.vcxproj" on node 1 (default targets).
InitializeBuildStatus:
  Creating "cmTryCompileExec.dir\Debug\cmTryCompileExec.unsuccessfulbuild" because "AlwaysCreate" was specified.
ClCompile:
  C:\Program Files\Microsoft Visual Studio 10.0\VC\bin\CL.exe /c /Zi /nologo- /W3 /WX- /Od /Ob0 /Oy- /D WIN32 /D _WINDOWS /D _DEBUG /D "CMAKE_INTDIR=\"Debug\"" /D _MBCS /Gm- /RTC1 /MDd /GS /fp:precise /Zc:wchar_t /Zc:forScope /Fo"cmTryCompileExec.dir\Debug\\" /Fd"C:/Users/skinny/projects/lightspark/llvm/CMakeFiles/CMakeTmp/Debug/cmTryCompileExec.pdb" /Gd /TC /analyze- /errorReport:queue CheckSymbolExists.c  /Zm1000 
  Microsoft (R) 32-bit C/C++ Optimizing Compiler Version 16.00.30319.01 for 80x86
  Copyright (C) Microsoft Corporation.  All rights reserved.
  
  cl /c /Zi /nologo- /W3 /WX- /Od /Ob0 /Oy- /D WIN32 /D _WINDOWS /D _DEBUG /D "CMAKE_INTDIR=\"Debug\"" /D _MBCS /Gm- /RTC1 /MDd /GS /fp:precise /Zc:wchar_t /Zc:forScope /Fo"cmTryCompileExec.dir\Debug\\" /Fd"C:/Users/skinny/projects/lightspark/llvm/CMakeFiles/CMakeTmp/Debug/cmTryCompileExec.pdb" /Gd /TC /analyze- /errorReport:queue CheckSymbolExists.c  /Zm1000 
cl : Command line warning D9035: option 'nologo-' has been deprecated and will be removed in a future release [C:\Users\skinny\projects\lightspark\llvm\CMakeFiles\CMakeTmp\cmTryCompileExec.vcxproj]
  
  CheckSymbolExists.c
CheckSymbolExists.c(3): fatal error C1083: Cannot open include file: 'unistd.h': No such file or directory [C:\Users\skinny\projects\lightspark\llvm\CMakeFiles\CMakeTmp\cmTryCompileExec.vcxproj]
Done Building Project "C:\Users\skinny\projects\lightspark\llvm\CMakeFiles\CMakeTmp\cmTryCompileExec.vcxproj" (default targets) -- FAILED.

Build FAILED.

"C:\Users\skinny\projects\lightspark\llvm\CMakeFiles\CMakeTmp\cmTryCompileExec.vcxproj" (default target) (1) ->
(ClCompile target) -> 
  cl : Command line warning D9035: option 'nologo-' has been deprecated and will be removed in a future release [C:\Users\skinny\projects\lightspark\llvm\CMakeFiles\CMakeTmp\cmTryCompileExec.vcxproj]


"C:\Users\skinny\projects\lightspark\llvm\CMakeFiles\CMakeTmp\cmTryCompileExec.vcxproj" (default target) (1) ->
(ClCompile target) -> 
  CheckSymbolExists.c(3): fatal error C1083: Cannot open include file: 'unistd.h': No such file or directory [C:\Users\skinny\projects\lightspark\llvm\CMakeFiles\CMakeTmp\cmTryCompileExec.vcxproj]

    1 Warning(s)
    1 Error(s)

Time Elapsed 00:00:00.22

File C:/Users/skinny/projects/lightspark/llvm/CMakeFiles/CMakeTmp/CheckSymbolExists.c:
/* */
#include <stdlib.h>
#include <unistd.h>

void cmakeRequireSymbol(int dummy,...){(void)dummy;}
int main()
{
#ifndef mktemp
  cmakeRequireSymbol(0,&mktemp);
#endif
  return 0;
}

Determining if the sbrk exist failed with the following output:
Change Dir: C:/Users/skinny/projects/lightspark/llvm/CMakeFiles/CMakeTmp

Run Build Command:C:\WINDOWS\Microsoft.NET\Framework\v4.0.30319\MSBuild.exe cmTryCompileExec.vcxproj /p:Configuration=Debug
Microsoft (R) Build Engine Version 4.0.30319.1
[Microsoft .NET Framework, Version 4.0.30319.1]
Copyright (C) Microsoft Corporation 2007. All rights reserved.

Build started 7/26/2010 1:08:26 PM.
Project "C:\Users\skinny\projects\lightspark\llvm\CMakeFiles\CMakeTmp\cmTryCompileExec.vcxproj" on node 1 (default targets).
InitializeBuildStatus:
  Creating "cmTryCompileExec.dir\Debug\cmTryCompileExec.unsuccessfulbuild" because "AlwaysCreate" was specified.
ClCompile:
  C:\Program Files\Microsoft Visual Studio 10.0\VC\bin\CL.exe /c /Zi /nologo- /W3 /WX- /Od /Ob0 /Oy- /D WIN32 /D _WINDOWS /D _DEBUG /D "CMAKE_INTDIR=\"Debug\"" /D _MBCS /Gm- /RTC1 /MDd /GS /fp:precise /Zc:wchar_t /Zc:forScope /Fo"cmTryCompileExec.dir\Debug\\" /Fd"C:/Users/skinny/projects/lightspark/llvm/CMakeFiles/CMakeTmp/Debug/cmTryCompileExec.pdb" /Gd /TC /analyze- /errorReport:queue CheckSymbolExists.c  /Zm1000 
  Microsoft (R) 32-bit C/C++ Optimizing Compiler Version 16.00.30319.01 for 80x86
  Copyright (C) Microsoft Corporation.  All rights reserved.
  
  cl /c /Zi /nologo- /W3 /WX- /Od /Ob0 /Oy- /D WIN32 /D _WINDOWS /D _DEBUG /D "CMAKE_INTDIR=\"Debug\"" /D _MBCS /Gm- /RTC1 /MDd /GS /fp:precise /Zc:wchar_t /Zc:forScope /Fo"cmTryCompileExec.dir\Debug\\" /Fd"C:/Users/skinny/projects/lightspark/llvm/CMakeFiles/CMakeTmp/Debug/cmTryCompileExec.pdb" /Gd /TC /analyze- /errorReport:queue CheckSymbolExists.c  /Zm1000 
cl : Command line warning D9035: option 'nologo-' has been deprecated and will be removed in a future release [C:\Users\skinny\projects\lightspark\llvm\CMakeFiles\CMakeTmp\cmTryCompileExec.vcxproj]
  
  CheckSymbolExists.c
CheckSymbolExists.c(2): fatal error C1083: Cannot open include file: 'unistd.h': No such file or directory [C:\Users\skinny\projects\lightspark\llvm\CMakeFiles\CMakeTmp\cmTryCompileExec.vcxproj]
Done Building Project "C:\Users\skinny\projects\lightspark\llvm\CMakeFiles\CMakeTmp\cmTryCompileExec.vcxproj" (default targets) -- FAILED.

Build FAILED.

"C:\Users\skinny\projects\lightspark\llvm\CMakeFiles\CMakeTmp\cmTryCompileExec.vcxproj" (default target) (1) ->
(ClCompile target) -> 
  cl : Command line warning D9035: option 'nologo-' has been deprecated and will be removed in a future release [C:\Users\skinny\projects\lightspark\llvm\CMakeFiles\CMakeTmp\cmTryCompileExec.vcxproj]


"C:\Users\skinny\projects\lightspark\llvm\CMakeFiles\CMakeTmp\cmTryCompileExec.vcxproj" (default target) (1) ->
(ClCompile target) -> 
  CheckSymbolExists.c(2): fatal error C1083: Cannot open include file: 'unistd.h': No such file or directory [C:\Users\skinny\projects\lightspark\llvm\CMakeFiles\CMakeTmp\cmTryCompileExec.vcxproj]

    1 Warning(s)
    1 Error(s)

Time Elapsed 00:00:00.20

File C:/Users/skinny/projects/lightspark/llvm/CMakeFiles/CMakeTmp/CheckSymbolExists.c:
/* */
#include <unistd.h>

void cmakeRequireSymbol(int dummy,...){(void)dummy;}
int main()
{
#ifndef sbrk
  cmakeRequireSymbol(0,&sbrk);
#endif
  return 0;
}

Determining if the strtoll exist failed with the following output:
Change Dir: C:/Users/skinny/projects/lightspark/llvm/CMakeFiles/CMakeTmp

Run Build Command:C:\WINDOWS\Microsoft.NET\Framework\v4.0.30319\MSBuild.exe cmTryCompileExec.vcxproj /p:Configuration=Debug
Microsoft (R) Build Engine Version 4.0.30319.1
[Microsoft .NET Framework, Version 4.0.30319.1]
Copyright (C) Microsoft Corporation 2007. All rights reserved.

Build started 7/26/2010 1:08:27 PM.
Project "C:\Users\skinny\projects\lightspark\llvm\CMakeFiles\CMakeTmp\cmTryCompileExec.vcxproj" on node 1 (default targets).
InitializeBuildStatus:
  Creating "cmTryCompileExec.dir\Debug\cmTryCompileExec.unsuccessfulbuild" because "AlwaysCreate" was specified.
ClCompile:
  C:\Program Files\Microsoft Visual Studio 10.0\VC\bin\CL.exe /c /Zi /nologo- /W3 /WX- /Od /Ob0 /Oy- /D WIN32 /D _WINDOWS /D _DEBUG /D "CMAKE_INTDIR=\"Debug\"" /D _MBCS /Gm- /RTC1 /MDd /GS /fp:precise /Zc:wchar_t /Zc:forScope /Fo"cmTryCompileExec.dir\Debug\\" /Fd"C:/Users/skinny/projects/lightspark/llvm/CMakeFiles/CMakeTmp/Debug/cmTryCompileExec.pdb" /Gd /TC /analyze- /errorReport:queue CheckSymbolExists.c  /Zm1000 
  Microsoft (R) 32-bit C/C++ Optimizing Compiler Version 16.00.30319.01 for 80x86
  Copyright (C) Microsoft Corporation.  All rights reserved.
  
  cl /c /Zi /nologo- /W3 /WX- /Od /Ob0 /Oy- /D WIN32 /D _WINDOWS /D _DEBUG /D "CMAKE_INTDIR=\"Debug\"" /D _MBCS /Gm- /RTC1 /MDd /GS /fp:precise /Zc:wchar_t /Zc:forScope /Fo"cmTryCompileExec.dir\Debug\\" /Fd"C:/Users/skinny/projects/lightspark/llvm/CMakeFiles/CMakeTmp/Debug/cmTryCompileExec.pdb" /Gd /TC /analyze- /errorReport:queue CheckSymbolExists.c  /Zm1000 
cl : Command line warning D9035: option 'nologo-' has been deprecated and will be removed in a future release [C:\Users\skinny\projects\lightspark\llvm\CMakeFiles\CMakeTmp\cmTryCompileExec.vcxproj]
  CheckSymbolExists.c
  
CheckSymbolExists.c(8): error C2065: 'strtoll' : undeclared identifier [C:\Users\skinny\projects\lightspark\llvm\CMakeFiles\CMakeTmp\cmTryCompileExec.vcxproj]
Done Building Project "C:\Users\skinny\projects\lightspark\llvm\CMakeFiles\CMakeTmp\cmTryCompileExec.vcxproj" (default targets) -- FAILED.

Build FAILED.

"C:\Users\skinny\projects\lightspark\llvm\CMakeFiles\CMakeTmp\cmTryCompileExec.vcxproj" (default target) (1) ->
(ClCompile target) -> 
  cl : Command line warning D9035: option 'nologo-' has been deprecated and will be removed in a future release [C:\Users\skinny\projects\lightspark\llvm\CMakeFiles\CMakeTmp\cmTryCompileExec.vcxproj]


"C:\Users\skinny\projects\lightspark\llvm\CMakeFiles\CMakeTmp\cmTryCompileExec.vcxproj" (default target) (1) ->
(ClCompile target) -> 
  CheckSymbolExists.c(8): error C2065: 'strtoll' : undeclared identifier [C:\Users\skinny\projects\lightspark\llvm\CMakeFiles\CMakeTmp\cmTryCompileExec.vcxproj]

    1 Warning(s)
    1 Error(s)

Time Elapsed 00:00:00.21

File C:/Users/skinny/projects/lightspark/llvm/CMakeFiles/CMakeTmp/CheckSymbolExists.c:
/* */
#include <stdlib.h>

void cmakeRequireSymbol(int dummy,...){(void)dummy;}
int main()
{
#ifndef strtoll
  cmakeRequireSymbol(0,&strtoll);
#endif
  return 0;
}

Determining if the strerror_r exist failed with the following output:
Change Dir: C:/Users/skinny/projects/lightspark/llvm/CMakeFiles/CMakeTmp

Run Build Command:C:\WINDOWS\Microsoft.NET\Framework\v4.0.30319\MSBuild.exe cmTryCompileExec.vcxproj /p:Configuration=Debug
Microsoft (R) Build Engine Version 4.0.30319.1
[Microsoft .NET Framework, Version 4.0.30319.1]
Copyright (C) Microsoft Corporation 2007. All rights reserved.

Build started 7/26/2010 1:08:28 PM.
Project "C:\Users\skinny\projects\lightspark\llvm\CMakeFiles\CMakeTmp\cmTryCompileExec.vcxproj" on node 1 (default targets).
InitializeBuildStatus:
  Creating "cmTryCompileExec.dir\Debug\cmTryCompileExec.unsuccessfulbuild" because "AlwaysCreate" was specified.
ClCompile:
  C:\Program Files\Microsoft Visual Studio 10.0\VC\bin\CL.exe /c /Zi /nologo- /W3 /WX- /Od /Ob0 /Oy- /D WIN32 /D _WINDOWS /D _DEBUG /D "CMAKE_INTDIR=\"Debug\"" /D _MBCS /Gm- /RTC1 /MDd /GS /fp:precise /Zc:wchar_t /Zc:forScope /Fo"cmTryCompileExec.dir\Debug\\" /Fd"C:/Users/skinny/projects/lightspark/llvm/CMakeFiles/CMakeTmp/Debug/cmTryCompileExec.pdb" /Gd /TC /analyze- /errorReport:queue CheckSymbolExists.c  /Zm1000 
  Microsoft (R) 32-bit C/C++ Optimizing Compiler Version 16.00.30319.01 for 80x86
  Copyright (C) Microsoft Corporation.  All rights reserved.
  
  cl /c /Zi /nologo- /W3 /WX- /Od /Ob0 /Oy- /D WIN32 /D _WINDOWS /D _DEBUG /D "CMAKE_INTDIR=\"Debug\"" /D _MBCS /Gm- /RTC1 /MDd /GS /fp:precise /Zc:wchar_t /Zc:forScope /Fo"cmTryCompileExec.dir\Debug\\" /Fd"C:/Users/skinny/projects/lightspark/llvm/CMakeFiles/CMakeTmp/Debug/cmTryCompileExec.pdb" /Gd /TC /analyze- /errorReport:queue CheckSymbolExists.c  /Zm1000 
cl : Command line warning D9035: option 'nologo-' has been deprecated and will be removed in a future release [C:\Users\skinny\projects\lightspark\llvm\CMakeFiles\CMakeTmp\cmTryCompileExec.vcxproj]
  
  CheckSymbolExists.c
CheckSymbolExists.c(8): error C2065: 'strerror_r' : undeclared identifier [C:\Users\skinny\projects\lightspark\llvm\CMakeFiles\CMakeTmp\cmTryCompileExec.vcxproj]
Done Building Project "C:\Users\skinny\projects\lightspark\llvm\CMakeFiles\CMakeTmp\cmTryCompileExec.vcxproj" (default targets) -- FAILED.

Build FAILED.

"C:\Users\skinny\projects\lightspark\llvm\CMakeFiles\CMakeTmp\cmTryCompileExec.vcxproj" (default target) (1) ->
(ClCompile target) -> 
  cl : Command line warning D9035: option 'nologo-' has been deprecated and will be removed in a future release [C:\Users\skinny\projects\lightspark\llvm\CMakeFiles\CMakeTmp\cmTryCompileExec.vcxproj]


"C:\Users\skinny\projects\lightspark\llvm\CMakeFiles\CMakeTmp\cmTryCompileExec.vcxproj" (default target) (1) ->
(ClCompile target) -> 
  CheckSymbolExists.c(8): error C2065: 'strerror_r' : undeclared identifier [C:\Users\skinny\projects\lightspark\llvm\CMakeFiles\CMakeTmp\cmTryCompileExec.vcxproj]

    1 Warning(s)
    1 Error(s)

Time Elapsed 00:00:00.21

File C:/Users/skinny/projects/lightspark/llvm/CMakeFiles/CMakeTmp/CheckSymbolExists.c:
/* */
#include <string.h>

void cmakeRequireSymbol(int dummy,...){(void)dummy;}
int main()
{
#ifndef strerror_r
  cmakeRequireSymbol(0,&strerror_r);
#endif
  return 0;
}

Determining if the setenv exist failed with the following output:
Change Dir: C:/Users/skinny/projects/lightspark/llvm/CMakeFiles/CMakeTmp

Run Build Command:C:\WINDOWS\Microsoft.NET\Framework\v4.0.30319\MSBuild.exe cmTryCompileExec.vcxproj /p:Configuration=Debug
Microsoft (R) Build Engine Version 4.0.30319.1
[Microsoft .NET Framework, Version 4.0.30319.1]
Copyright (C) Microsoft Corporation 2007. All rights reserved.

Build started 7/26/2010 1:08:29 PM.
Project "C:\Users\skinny\projects\lightspark\llvm\CMakeFiles\CMakeTmp\cmTryCompileExec.vcxproj" on node 1 (default targets).
InitializeBuildStatus:
  Creating "cmTryCompileExec.dir\Debug\cmTryCompileExec.unsuccessfulbuild" because "AlwaysCreate" was specified.
ClCompile:
  C:\Program Files\Microsoft Visual Studio 10.0\VC\bin\CL.exe /c /Zi /nologo- /W3 /WX- /Od /Ob0 /Oy- /D WIN32 /D _WINDOWS /D _DEBUG /D "CMAKE_INTDIR=\"Debug\"" /D _MBCS /Gm- /RTC1 /MDd /GS /fp:precise /Zc:wchar_t /Zc:forScope /Fo"cmTryCompileExec.dir\Debug\\" /Fd"C:/Users/skinny/projects/lightspark/llvm/CMakeFiles/CMakeTmp/Debug/cmTryCompileExec.pdb" /Gd /TC /analyze- /errorReport:queue CheckSymbolExists.c  /Zm1000 
  Microsoft (R) 32-bit C/C++ Optimizing Compiler Version 16.00.30319.01 for 80x86
  Copyright (C) Microsoft Corporation.  All rights reserved.
  
  cl /c /Zi /nologo- /W3 /WX- /Od /Ob0 /Oy- /D WIN32 /D _WINDOWS /D _DEBUG /D "CMAKE_INTDIR=\"Debug\"" /D _MBCS /Gm- /RTC1 /MDd /GS /fp:precise /Zc:wchar_t /Zc:forScope /Fo"cmTryCompileExec.dir\Debug\\" /Fd"C:/Users/skinny/projects/lightspark/llvm/CMakeFiles/CMakeTmp/Debug/cmTryCompileExec.pdb" /Gd /TC /analyze- /errorReport:queue CheckSymbolExists.c  /Zm1000 
cl : Command line warning D9035: option 'nologo-' has been deprecated and will be removed in a future release [C:\Users\skinny\projects\lightspark\llvm\CMakeFiles\CMakeTmp\cmTryCompileExec.vcxproj]
  CheckSymbolExists.c
  
CheckSymbolExists.c(8): error C2065: 'setenv' : undeclared identifier [C:\Users\skinny\projects\lightspark\llvm\CMakeFiles\CMakeTmp\cmTryCompileExec.vcxproj]
Done Building Project "C:\Users\skinny\projects\lightspark\llvm\CMakeFiles\CMakeTmp\cmTryCompileExec.vcxproj" (default targets) -- FAILED.

Build FAILED.

"C:\Users\skinny\projects\lightspark\llvm\CMakeFiles\CMakeTmp\cmTryCompileExec.vcxproj" (default target) (1) ->
(ClCompile target) -> 
  cl : Command line warning D9035: option 'nologo-' has been deprecated and will be removed in a future release [C:\Users\skinny\projects\lightspark\llvm\CMakeFiles\CMakeTmp\cmTryCompileExec.vcxproj]


"C:\Users\skinny\projects\lightspark\llvm\CMakeFiles\CMakeTmp\cmTryCompileExec.vcxproj" (default target) (1) ->
(ClCompile target) -> 
  CheckSymbolExists.c(8): error C2065: 'setenv' : undeclared identifier [C:\Users\skinny\projects\lightspark\llvm\CMakeFiles\CMakeTmp\cmTryCompileExec.vcxproj]

    1 Warning(s)
    1 Error(s)

Time Elapsed 00:00:00.22

File C:/Users/skinny/projects/lightspark/llvm/CMakeFiles/CMakeTmp/CheckSymbolExists.c:
/* */
#include <stdlib.h>

void cmakeRequireSymbol(int dummy,...){(void)dummy;}
int main()
{
#ifndef setenv
  cmakeRequireSymbol(0,&setenv);
#endif
  return 0;
}

Determining if the __GLIBC__ exist failed with the following output:
Change Dir: C:/Users/skinny/projects/lightspark/llvm/CMakeFiles/CMakeTmp

Run Build Command:C:\WINDOWS\Microsoft.NET\Framework\v4.0.30319\MSBuild.exe cmTryCompileExec.vcxproj /p:Configuration=Debug
Microsoft (R) Build Engine Version 4.0.30319.1
[Microsoft .NET Framework, Version 4.0.30319.1]
Copyright (C) Microsoft Corporation 2007. All rights reserved.

Build started 7/26/2010 1:08:30 PM.
Project "C:\Users\skinny\projects\lightspark\llvm\CMakeFiles\CMakeTmp\cmTryCompileExec.vcxproj" on node 1 (default targets).
InitializeBuildStatus:
  Creating "cmTryCompileExec.dir\Debug\cmTryCompileExec.unsuccessfulbuild" because "AlwaysCreate" was specified.
ClCompile:
  C:\Program Files\Microsoft Visual Studio 10.0\VC\bin\CL.exe /c /Zi /nologo- /W3 /WX- /Od /Ob0 /Oy- /D WIN32 /D _WINDOWS /D _DEBUG /D "CMAKE_INTDIR=\"Debug\"" /D _MBCS /Gm- /RTC1 /MDd /GS /fp:precise /Zc:wchar_t /Zc:forScope /Fo"cmTryCompileExec.dir\Debug\\" /Fd"C:/Users/skinny/projects/lightspark/llvm/CMakeFiles/CMakeTmp/Debug/cmTryCompileExec.pdb" /Gd /TC /analyze- /errorReport:queue CheckSymbolExists.c  /Zm1000 
  Microsoft (R) 32-bit C/C++ Optimizing Compiler Version 16.00.30319.01 for 80x86
  Copyright (C) Microsoft Corporation.  All rights reserved.
  
  cl /c /Zi /nologo- /W3 /WX- /Od /Ob0 /Oy- /D WIN32 /D _WINDOWS /D _DEBUG /D "CMAKE_INTDIR=\"Debug\"" /D _MBCS /Gm- /RTC1 /MDd /GS /fp:precise /Zc:wchar_t /Zc:forScope /Fo"cmTryCompileExec.dir\Debug\\" /Fd"C:/Users/skinny/projects/lightspark/llvm/CMakeFiles/CMakeTmp/Debug/cmTryCompileExec.pdb" /Gd /TC /analyze- /errorReport:queue CheckSymbolExists.c  /Zm1000 
cl : Command line warning D9035: option 'nologo-' has been deprecated and will be removed in a future release [C:\Users\skinny\projects\lightspark\llvm\CMakeFiles\CMakeTmp\cmTryCompileExec.vcxproj]
  
  CheckSymbolExists.c
CheckSymbolExists.c(8): error C2065: '__GLIBC__' : undeclared identifier [C:\Users\skinny\projects\lightspark\llvm\CMakeFiles\CMakeTmp\cmTryCompileExec.vcxproj]
Done Building Project "C:\Users\skinny\projects\lightspark\llvm\CMakeFiles\CMakeTmp\cmTryCompileExec.vcxproj" (default targets) -- FAILED.

Build FAILED.

"C:\Users\skinny\projects\lightspark\llvm\CMakeFiles\CMakeTmp\cmTryCompileExec.vcxproj" (default target) (1) ->
(ClCompile target) -> 
  cl : Command line warning D9035: option 'nologo-' has been deprecated and will be removed in a future release [C:\Users\skinny\projects\lightspark\llvm\CMakeFiles\CMakeTmp\cmTryCompileExec.vcxproj]


"C:\Users\skinny\projects\lightspark\llvm\CMakeFiles\CMakeTmp\cmTryCompileExec.vcxproj" (default target) (1) ->
(ClCompile target) -> 
  CheckSymbolExists.c(8): error C2065: '__GLIBC__' : undeclared identifier [C:\Users\skinny\projects\lightspark\llvm\CMakeFiles\CMakeTmp\cmTryCompileExec.vcxproj]

    1 Warning(s)
    1 Error(s)

Time Elapsed 00:00:00.22

File C:/Users/skinny/projects/lightspark/llvm/CMakeFiles/CMakeTmp/CheckSymbolExists.c:
/* */
#include <stdio.h>

void cmakeRequireSymbol(int dummy,...){(void)dummy;}
int main()
{
#ifndef __GLIBC__
  cmakeRequireSymbol(0,&__GLIBC__);
#endif
  return 0;
}

Performing C++ SOURCE FILE Test HAVE_BI_ITERATOR failed with the following output:
Change Dir: C:/Users/skinny/projects/lightspark/llvm/CMakeFiles/CMakeTmp

Run Build Command:C:\WINDOWS\Microsoft.NET\Framework\v4.0.30319\MSBuild.exe cmTryCompileExec.vcxproj /p:Configuration=Debug
Microsoft (R) Build Engine Version 4.0.30319.1
[Microsoft .NET Framework, Version 4.0.30319.1]
Copyright (C) Microsoft Corporation 2007. All rights reserved.

Build started 7/26/2010 1:08:30 PM.
Project "C:\Users\skinny\projects\lightspark\llvm\CMakeFiles\CMakeTmp\cmTryCompileExec.vcxproj" on node 1 (default targets).
InitializeBuildStatus:
  Creating "cmTryCompileExec.dir\Debug\cmTryCompileExec.unsuccessfulbuild" because "AlwaysCreate" was specified.
ClCompile:
  C:\Program Files\Microsoft Visual Studio 10.0\VC\bin\CL.exe /c /Zi /nologo- /W3 /WX- /Od /Ob0 /Oy- /D WIN32 /D _WINDOWS /D HAVE_BI_ITERATOR /D _DEBUG /D "CMAKE_INTDIR=\"Debug\"" /D _MBCS /Gm- /EHsc /RTC1 /MDd /GS /fp:precise /Zc:wchar_t /Zc:forScope /GR /Fo"cmTryCompileExec.dir\Debug\\" /Fd"C:/Users/skinny/projects/lightspark/llvm/CMakeFiles/CMakeTmp/Debug/cmTryCompileExec.pdb" /Gd /TP /analyze- /errorReport:queue src.cxx  /Zm1000 
  Microsoft (R) 32-bit C/C++ Optimizing Compiler Version 16.00.30319.01 for 80x86
  Copyright (C) Microsoft Corporation.  All rights reserved.
  
  cl /c /Zi /nologo- /W3 /WX- /Od /Ob0 /Oy- /D WIN32 /D _WINDOWS /D HAVE_BI_ITERATOR /D _DEBUG /D "CMAKE_INTDIR=\"Debug\"" /D _MBCS /Gm- /EHsc /RTC1 /MDd /GS /fp:precise /Zc:wchar_t /Zc:forScope /GR /Fo"cmTryCompileExec.dir\Debug\\" /Fd"C:/Users/skinny/projects/lightspark/llvm/CMakeFiles/CMakeTmp/Debug/cmTryCompileExec.pdb" /Gd /TP /analyze- /errorReport:queue src.cxx  /Zm1000 
cl : Command line warning D9035: option 'nologo-' has been deprecated and will be removed in a future release [C:\Users\skinny\projects\lightspark\llvm\CMakeFiles\CMakeTmp\cmTryCompileExec.vcxproj]
  src.cxx
  
src.cxx(4): error C2039: 'bidirectional_iterator' : is not a member of 'std' [C:\Users\skinny\projects\lightspark\llvm\CMakeFiles\CMakeTmp\cmTryCompileExec.vcxproj]
src.cxx(4): error C2143: syntax error : missing ';' before '<' [C:\Users\skinny\projects\lightspark\llvm\CMakeFiles\CMakeTmp\cmTryCompileExec.vcxproj]
src.cxx(4): error C4430: missing type specifier - int assumed. Note: C++ does not support default-int [C:\Users\skinny\projects\lightspark\llvm\CMakeFiles\CMakeTmp\cmTryCompileExec.vcxproj]
Done Building Project "C:\Users\skinny\projects\lightspark\llvm\CMakeFiles\CMakeTmp\cmTryCompileExec.vcxproj" (default targets) -- FAILED.

Build FAILED.

"C:\Users\skinny\projects\lightspark\llvm\CMakeFiles\CMakeTmp\cmTryCompileExec.vcxproj" (default target) (1) ->
(ClCompile target) -> 
  cl : Command line warning D9035: option 'nologo-' has been deprecated and will be removed in a future release [C:\Users\skinny\projects\lightspark\llvm\CMakeFiles\CMakeTmp\cmTryCompileExec.vcxproj]


"C:\Users\skinny\projects\lightspark\llvm\CMakeFiles\CMakeTmp\cmTryCompileExec.vcxproj" (default target) (1) ->
(ClCompile target) -> 
  src.cxx(4): error C2039: 'bidirectional_iterator' : is not a member of 'std' [C:\Users\skinny\projects\lightspark\llvm\CMakeFiles\CMakeTmp\cmTryCompileExec.vcxproj]
  src.cxx(4): error C2143: syntax error : missing ';' before '<' [C:\Users\skinny\projects\lightspark\llvm\CMakeFiles\CMakeTmp\cmTryCompileExec.vcxproj]
  src.cxx(4): error C4430: missing type specifier - int assumed. Note: C++ does not support default-int [C:\Users\skinny\projects\lightspark\llvm\CMakeFiles\CMakeTmp\cmTryCompileExec.vcxproj]

    1 Warning(s)
    3 Error(s)

Time Elapsed 00:00:00.53

Source file was:

    #include<iterator>
#include<iostream>
 std::bidirectional_iterator<int,int> typeVar;
    int main() {
        return 0;
    }
    
Performing C++ SOURCE FILE Test HAVE_FWD_ITERATOR failed with the following output:
Change Dir: C:/Users/skinny/projects/lightspark/llvm/CMakeFiles/CMakeTmp

Run Build Command:C:\WINDOWS\Microsoft.NET\Framework\v4.0.30319\MSBuild.exe cmTryCompileExec.vcxproj /p:Configuration=Debug
Microsoft (R) Build Engine Version 4.0.30319.1
[Microsoft .NET Framework, Version 4.0.30319.1]
Copyright (C) Microsoft Corporation 2007. All rights reserved.

Build started 7/26/2010 1:08:32 PM.
Project "C:\Users\skinny\projects\lightspark\llvm\CMakeFiles\CMakeTmp\cmTryCompileExec.vcxproj" on node 1 (default targets).
InitializeBuildStatus:
  Creating "cmTryCompileExec.dir\Debug\cmTryCompileExec.unsuccessfulbuild" because "AlwaysCreate" was specified.
ClCompile:
  C:\Program Files\Microsoft Visual Studio 10.0\VC\bin\CL.exe /c /Zi /nologo- /W3 /WX- /Od /Ob0 /Oy- /D WIN32 /D _WINDOWS /D HAVE_FWD_ITERATOR /D _DEBUG /D "CMAKE_INTDIR=\"Debug\"" /D _MBCS /Gm- /EHsc /RTC1 /MDd /GS /fp:precise /Zc:wchar_t /Zc:forScope /GR /Fo"cmTryCompileExec.dir\Debug\\" /Fd"C:/Users/skinny/projects/lightspark/llvm/CMakeFiles/CMakeTmp/Debug/cmTryCompileExec.pdb" /Gd /TP /analyze- /errorReport:queue src.cxx  /Zm1000 
  Microsoft (R) 32-bit C/C++ Optimizing Compiler Version 16.00.30319.01 for 80x86
  Copyright (C) Microsoft Corporation.  All rights reserved.
  
  cl /c /Zi /nologo- /W3 /WX- /Od /Ob0 /Oy- /D WIN32 /D _WINDOWS /D HAVE_FWD_ITERATOR /D _DEBUG /D "CMAKE_INTDIR=\"Debug\"" /D _MBCS /Gm- /EHsc /RTC1 /MDd /GS /fp:precise /Zc:wchar_t /Zc:forScope /GR /Fo"cmTryCompileExec.dir\Debug\\" /Fd"C:/Users/skinny/projects/lightspark/llvm/CMakeFiles/CMakeTmp/Debug/cmTryCompileExec.pdb" /Gd /TP /analyze- /errorReport:queue src.cxx  /Zm1000 
cl : Command line warning D9035: option 'nologo-' has been deprecated and will be removed in a future release [C:\Users\skinny\projects\lightspark\llvm\CMakeFiles\CMakeTmp\cmTryCompileExec.vcxproj]
  src.cxx
  
src.cxx(3): error C2039: 'forward_iterator' : is not a member of 'std' [C:\Users\skinny\projects\lightspark\llvm\CMakeFiles\CMakeTmp\cmTryCompileExec.vcxproj]
src.cxx(3): error C2143: syntax error : missing ';' before '<' [C:\Users\skinny\projects\lightspark\llvm\CMakeFiles\CMakeTmp\cmTryCompileExec.vcxproj]
src.cxx(3): error C4430: missing type specifier - int assumed. Note: C++ does not support default-int [C:\Users\skinny\projects\lightspark\llvm\CMakeFiles\CMakeTmp\cmTryCompileExec.vcxproj]
Done Building Project "C:\Users\skinny\projects\lightspark\llvm\CMakeFiles\CMakeTmp\cmTryCompileExec.vcxproj" (default targets) -- FAILED.

Build FAILED.

"C:\Users\skinny\projects\lightspark\llvm\CMakeFiles\CMakeTmp\cmTryCompileExec.vcxproj" (default target) (1) ->
(ClCompile target) -> 
  cl : Command line warning D9035: option 'nologo-' has been deprecated and will be removed in a future release [C:\Users\skinny\projects\lightspark\llvm\CMakeFiles\CMakeTmp\cmTryCompileExec.vcxproj]


"C:\Users\skinny\projects\lightspark\llvm\CMakeFiles\CMakeTmp\cmTryCompileExec.vcxproj" (default target) (1) ->
(ClCompile target) -> 
  src.cxx(3): error C2039: 'forward_iterator' : is not a member of 'std' [C:\Users\skinny\projects\lightspark\llvm\CMakeFiles\CMakeTmp\cmTryCompileExec.vcxproj]
  src.cxx(3): error C2143: syntax error : missing ';' before '<' [C:\Users\skinny\projects\lightspark\llvm\CMakeFiles\CMakeTmp\cmTryCompileExec.vcxproj]
  src.cxx(3): error C4430: missing type specifier - int assumed. Note: C++ does not support default-int [C:\Users\skinny\projects\lightspark\llvm\CMakeFiles\CMakeTmp\cmTryCompileExec.vcxproj]

    1 Warning(s)
    3 Error(s)

Time Elapsed 00:00:00.46

Source file was:

    #include<iterator>
 std::forward_iterator<int,int> typeVar;
    int main() {
        return 0;
    }
    
Performing C++ SOURCE FILE Test HAVE_U_INT64_T failed with the following output:
Change Dir: C:/Users/skinny/projects/lightspark/llvm/CMakeFiles/CMakeTmp

Run Build Command:C:\WINDOWS\Microsoft.NET\Framework\v4.0.30319\MSBuild.exe cmTryCompileExec.vcxproj /p:Configuration=Debug
Microsoft (R) Build Engine Version 4.0.30319.1
[Microsoft .NET Framework, Version 4.0.30319.1]
Copyright (C) Microsoft Corporation 2007. All rights reserved.

Build started 7/26/2010 1:08:33 PM.
Project "C:\Users\skinny\projects\lightspark\llvm\CMakeFiles\CMakeTmp\cmTryCompileExec.vcxproj" on node 1 (default targets).
InitializeBuildStatus:
  Creating "cmTryCompileExec.dir\Debug\cmTryCompileExec.unsuccessfulbuild" because "AlwaysCreate" was specified.
ClCompile:
  C:\Program Files\Microsoft Visual Studio 10.0\VC\bin\CL.exe /c /Zi /nologo- /W3 /WX- /Od /Ob0 /Oy- /D WIN32 /D _WINDOWS /D HAVE_U_INT64_T /D _DEBUG /D "CMAKE_INTDIR=\"Debug\"" /D _MBCS /Gm- /EHsc /RTC1 /MDd /GS /fp:precise /Zc:wchar_t /Zc:forScope /GR /Fo"cmTryCompileExec.dir\Debug\\" /Fd"C:/Users/skinny/projects/lightspark/llvm/CMakeFiles/CMakeTmp/Debug/cmTryCompileExec.pdb" /Gd /TP /analyze- /errorReport:queue src.cxx  /Zm1000 
  Microsoft (R) 32-bit C/C++ Optimizing Compiler Version 16.00.30319.01 for 80x86
  Copyright (C) Microsoft Corporation.  All rights reserved.
  
  cl /c /Zi /nologo- /W3 /WX- /Od /Ob0 /Oy- /D WIN32 /D _WINDOWS /D HAVE_U_INT64_T /D _DEBUG /D "CMAKE_INTDIR=\"Debug\"" /D _MBCS /Gm- /EHsc /RTC1 /MDd /GS /fp:precise /Zc:wchar_t /Zc:forScope /GR /Fo"cmTryCompileExec.dir\Debug\\" /Fd"C:/Users/skinny/projects/lightspark/llvm/CMakeFiles/CMakeTmp/Debug/cmTryCompileExec.pdb" /Gd /TP /analyze- /errorReport:queue src.cxx  /Zm1000 
cl : Command line warning D9035: option 'nologo-' has been deprecated and will be removed in a future release [C:\Users\skinny\projects\lightspark\llvm\CMakeFiles\CMakeTmp\cmTryCompileExec.vcxproj]
  src.cxx
  
src.cxx(4): error C2146: syntax error : missing ';' before identifier 'typeVar' [C:\Users\skinny\projects\lightspark\llvm\CMakeFiles\CMakeTmp\cmTryCompileExec.vcxproj]
src.cxx(4): error C4430: missing type specifier - int assumed. Note: C++ does not support default-int [C:\Users\skinny\projects\lightspark\llvm\CMakeFiles\CMakeTmp\cmTryCompileExec.vcxproj]
src.cxx(4): error C4430: missing type specifier - int assumed. Note: C++ does not support default-int [C:\Users\skinny\projects\lightspark\llvm\CMakeFiles\CMakeTmp\cmTryCompileExec.vcxproj]
Done Building Project "C:\Users\skinny\projects\lightspark\llvm\CMakeFiles\CMakeTmp\cmTryCompileExec.vcxproj" (default targets) -- FAILED.

Build FAILED.

"C:\Users\skinny\projects\lightspark\llvm\CMakeFiles\CMakeTmp\cmTryCompileExec.vcxproj" (default target) (1) ->
(ClCompile target) -> 
  cl : Command line warning D9035: option 'nologo-' has been deprecated and will be removed in a future release [C:\Users\skinny\projects\lightspark\llvm\CMakeFiles\CMakeTmp\cmTryCompileExec.vcxproj]


"C:\Users\skinny\projects\lightspark\llvm\CMakeFiles\CMakeTmp\cmTryCompileExec.vcxproj" (default target) (1) ->
(ClCompile target) -> 
  src.cxx(4): error C2146: syntax error : missing ';' before identifier 'typeVar' [C:\Users\skinny\projects\lightspark\llvm\CMakeFiles\CMakeTmp\cmTryCompileExec.vcxproj]
  src.cxx(4): error C4430: missing type specifier - int assumed. Note: C++ does not support default-int [C:\Users\skinny\projects\lightspark\llvm\CMakeFiles\CMakeTmp\cmTryCompileExec.vcxproj]
  src.cxx(4): error C4430: missing type specifier - int assumed. Note: C++ does not support default-int [C:\Users\skinny\projects\lightspark\llvm\CMakeFiles\CMakeTmp\cmTryCompileExec.vcxproj]

    1 Warning(s)
    3 Error(s)

Time Elapsed 00:00:00.23

Source file was:

    #include<sys/types.h>
#include<stdint.h>
 u_int64_t typeVar;
    int main() {
        return 0;
    }
    
Determining if the include file pthread.h exists failed with the following output:
Change Dir: C:/Users/skinny/projects/lightspark/llvm/CMakeFiles/CMakeTmp

Run Build Command:C:\WINDOWS\Microsoft.NET\Framework\v4.0.30319\MSBuild.exe cmTryCompileExec.vcxproj /p:Configuration=Debug
Microsoft (R) Build Engine Version 4.0.30319.1
[Microsoft .NET Framework, Version 4.0.30319.1]
Copyright (C) Microsoft Corporation 2007. All rights reserved.

Build started 7/26/2010 1:08:37 PM.
Project "C:\Users\skinny\projects\lightspark\llvm\CMakeFiles\CMakeTmp\cmTryCompileExec.vcxproj" on node 1 (default targets).
InitializeBuildStatus:
  Creating "cmTryCompileExec.dir\Debug\cmTryCompileExec.unsuccessfulbuild" because "AlwaysCreate" was specified.
ClCompile:
  C:\Program Files\Microsoft Visual Studio 10.0\VC\bin\CL.exe /c /Zi /nologo- /W3 /WX- /Od /Ob0 /Oy- /D WIN32 /D _WINDOWS /D _DEBUG /D "CMAKE_INTDIR=\"Debug\"" /D _MBCS /Gm- /RTC1 /MDd /GS /fp:precise /Zc:wchar_t /Zc:forScope /Fo"cmTryCompileExec.dir\Debug\\" /Fd"C:/Users/skinny/projects/lightspark/llvm/CMakeFiles/CMakeTmp/Debug/cmTryCompileExec.pdb" /Gd /TC /analyze- /errorReport:queue CheckIncludeFile.c  /Zm1000 
  Microsoft (R) 32-bit C/C++ Optimizing Compiler Version 16.00.30319.01 for 80x86
  Copyright (C) Microsoft Corporation.  All rights reserved.
  
  cl /c /Zi /nologo- /W3 /WX- /Od /Ob0 /Oy- /D WIN32 /D _WINDOWS /D _DEBUG /D "CMAKE_INTDIR=\"Debug\"" /D _MBCS /Gm- /RTC1 /MDd /GS /fp:precise /Zc:wchar_t /Zc:forScope /Fo"cmTryCompileExec.dir\Debug\\" /Fd"C:/Users/skinny/projects/lightspark/llvm/CMakeFiles/CMakeTmp/Debug/cmTryCompileExec.pdb" /Gd /TC /analyze- /errorReport:queue CheckIncludeFile.c  /Zm1000 
cl : Command line warning D9035: option 'nologo-' has been deprecated and will be removed in a future release [C:\Users\skinny\projects\lightspark\llvm\CMakeFiles\CMakeTmp\cmTryCompileExec.vcxproj]
  
  CheckIncludeFile.c
CheckIncludeFile.c(1): fatal error C1083: Cannot open include file: 'pthread.h': No such file or directory [C:\Users\skinny\projects\lightspark\llvm\CMakeFiles\CMakeTmp\cmTryCompileExec.vcxproj]
Done Building Project "C:\Users\skinny\projects\lightspark\llvm\CMakeFiles\CMakeTmp\cmTryCompileExec.vcxproj" (default targets) -- FAILED.

Build FAILED.

"C:\Users\skinny\projects\lightspark\llvm\CMakeFiles\CMakeTmp\cmTryCompileExec.vcxproj" (default target) (1) ->
(ClCompile target) -> 
  cl : Command line warning D9035: option 'nologo-' has been deprecated and will be removed in a future release [C:\Users\skinny\projects\lightspark\llvm\CMakeFiles\CMakeTmp\cmTryCompileExec.vcxproj]


"C:\Users\skinny\projects\lightspark\llvm\CMakeFiles\CMakeTmp\cmTryCompileExec.vcxproj" (default target) (1) ->
(ClCompile target) -> 
  CheckIncludeFile.c(1): fatal error C1083: Cannot open include file: 'pthread.h': No such file or directory [C:\Users\skinny\projects\lightspark\llvm\CMakeFiles\CMakeTmp\cmTryCompileExec.vcxproj]

    1 Warning(s)
    1 Error(s)

Time Elapsed 00:00:00.21


